[2022-01-08 21:24:49.439] [exthost] [info] Extension host with pid 1558 started
[2022-01-08 21:24:49.439] [exthost] [info] Skipping acquiring lock for /home/zdowsett/.config/Code - OSS/User/workspaceStorage/9c7076de222e15405a919df617fac875.
[2022-01-08 21:24:49.548] [exthost] [info] ExtensionService#_doActivateExtension vscode.typescript-language-features, startup: false, activationEvent: 'onLanguage:javascript'
[2022-01-08 21:24:49.564] [exthost] [info] ExtensionService#_doActivateExtension vscode.debug-auto-launch, startup: true, activationEvent: '*'
[2022-01-08 21:24:49.569] [exthost] [info] ExtensionService#_doActivateExtension vscode.git, startup: true, activationEvent: '*', root cause: vscode.github
[2022-01-08 21:24:49.597] [exthost] [info] ExtensionService#_doActivateExtension ExodiusStudios.comment-anchors, startup: true, activationEvent: '*'
[2022-01-08 21:24:49.629] [exthost] [info] ExtensionService#_doActivateExtension vscode.npm, startup: true, activationEvent: 'workspaceContains:package.json'
[2022-01-08 21:24:50.071] [exthost] [info] ExtensionService#_doActivateExtension vscode.github, startup: true, activationEvent: '*'
[2022-01-08 21:24:50.229] [exthost] [info] Eager extensions activated
[2022-01-08 21:24:50.236] [exthost] [info] ExtensionService#_doActivateExtension vscode.merge-conflict, startup: false, activationEvent: 'onStartupFinished'
[2022-01-08 21:27:30.900] [exthost] [error] [vscode.typescript-language-features] provider FAILED
[2022-01-08 21:27:30.902] [exthost] [error] Error: DisposableStore is missing...
	at B._convertCompletionItem (/usr/lib/code/out/vs/workbench/services/extensions/node/extensionHostProcess.js:94:182136)
	at B.resolveCompletionItem (/usr/lib/code/out/vs/workbench/services/extensions/node/extensionHostProcess.js:94:181911)
[2022-01-08 21:43:21.071] [exthost] [info] ExtensionService#_doActivateExtension vscode.emmet, startup: false, activationEvent: 'onLanguage:javascriptreact'
[2022-01-08 21:48:23.476] [exthost] [error] [vscode.typescript-language-features] provider FAILED
[2022-01-08 21:48:23.476] [exthost] [error] Error: <semantic> TypeScript Server Error (4.4.3)
Debug Failure. Did not expect JsxElement to have an Identifier in its trivia
Error: Debug Failure. Did not expect JsxElement to have an Identifier in its trivia
    at addSyntheticNodes (/usr/lib/code/extensions/node_modules/typescript/lib/tsserver.js:155629:30)
    at processNode (/usr/lib/code/extensions/node_modules/typescript/lib/tsserver.js:155602:13)
    at visitNode (/usr/lib/code/extensions/node_modules/typescript/lib/tsserver.js:29470:24)
    at Object.forEachChild (/usr/lib/code/extensions/node_modules/typescript/lib/tsserver.js:29881:21)
    at NodeObject.forEachChild (/usr/lib/code/extensions/node_modules/typescript/lib/tsserver.js:155585:23)
    at createChildren (/usr/lib/code/extensions/node_modules/typescript/lib/tsserver.js:155617:14)
    at NodeObject.getChildren (/usr/lib/code/extensions/node_modules/typescript/lib/tsserver.js:155562:56)
    at getTokenAtPositionWorker (/usr/lib/code/extensions/node_modules/typescript/lib/tsserver.js:121524:43)
    at Object.getTokenAtPosition (/usr/lib/code/extensions/node_modules/typescript/lib/tsserver.js:121516:16)
    at getInfo (/usr/lib/code/extensions/node_modules/typescript/lib/tsserver.js:150765:28)
    at Object.getAvailableActions (/usr/lib/code/extensions/node_modules/typescript/lib/tsserver.js:150735:28)
    at /usr/lib/code/extensions/node_modules/typescript/lib/tsserver.js:142780:30
    at getIterator (/usr/lib/code/extensions/node_modules/typescript/lib/tsserver.js:573:23)
    at Object.flatMapIterator (/usr/lib/code/extensions/node_modules/typescript/lib/tsserver.js:556:27)
    at Object.getApplicableRefactors (/usr/lib/code/extensions/node_modules/typescript/lib/tsserver.js:142776:36)
    at Proxy.getApplicableRefactors (/usr/lib/code/extensions/node_modules/typescript/lib/tsserver.js:157560:32)
    at IOSession.Session.getApplicableRefactors (/usr/lib/code/extensions/node_modules/typescript/lib/tsserver.js:168512:53)
    at Session.handlers.ts.Map.ts.getEntries._a.<computed> (/usr/lib/code/extensions/node_modules/typescript/lib/tsserver.js:167223:61)
    at /usr/lib/code/extensions/node_modules/typescript/lib/tsserver.js:168880:88
    at IOSession.Session.executeWithRequestId (/usr/lib/code/extensions/node_modules/typescript/lib/tsserver.js:168871:28)
    at IOSession.Session.executeCommand (/usr/lib/code/extensions/node_modules/typescript/lib/tsserver.js:168880:33)
    at IOSession.Session.onMessage (/usr/lib/code/extensions/node_modules/typescript/lib/tsserver.js:168906:35)
    at Interface.<anonymous> (/usr/lib/code/extensions/node_modules/typescript/lib/tsserver.js:171511:31)
    at Interface.emit (events.js:315:20)
    at Interface._onLine (readline.js:337:10)
    at Interface._normalWrite (readline.js:482:12)
    at Socket.ondata (readline.js:194:10)
    at Socket.emit (events.js:315:20)
    at addChunk (internal/streams/readable.js:309:12)
    at readableAddChunk (internal/streams/readable.js:284:9)
    at Socket.Readable.push (internal/streams/readable.js:223:10)
    at Pipe.onStreamRead (internal/stream_base_commons.js:188:23)
	at Function.create (/usr/lib/code/extensions/typescript-language-features/dist/extension.js:1:460421)
	at dispatchResponse (/usr/lib/code/extensions/typescript-language-features/dist/extension.js:1:454257)
	at dispatchMessage (/usr/lib/code/extensions/typescript-language-features/dist/extension.js:1:453114)
	at /usr/lib/code/extensions/typescript-language-features/dist/extension.js:1:452599
	at l.fire (/usr/lib/code/out/vs/workbench/services/extensions/node/extensionHostProcess.js:66:1712)
	at m.onLengthData (/usr/lib/code/extensions/typescript-language-features/dist/extension.js:1:463350)
	at Socket.<anonymous> (/usr/lib/code/extensions/typescript-language-features/dist/extension.js:1:462997)
	at Socket.emit (events.js:315:20)
	at addChunk (internal/streams/readable.js:309:12)
	at readableAddChunk (internal/streams/readable.js:284:9)
	at Socket.Readable.push (internal/streams/readable.js:223:10)
	at Pipe.onStreamRead (internal/stream_base_commons.js:188:23)
[2022-01-08 22:06:16.961] [exthost] [error] [vscode.typescript-language-features] provider FAILED
[2022-01-08 22:06:16.962] [exthost] [error] Error: <semantic> TypeScript Server Error (4.4.3)
Debug Failure. Did not expect JsxElement to have an Identifier in its trivia
Error: Debug Failure. Did not expect JsxElement to have an Identifier in its trivia
    at addSyntheticNodes (/usr/lib/code/extensions/node_modules/typescript/lib/tsserver.js:155629:30)
    at processNode (/usr/lib/code/extensions/node_modules/typescript/lib/tsserver.js:155602:13)
    at visitNode (/usr/lib/code/extensions/node_modules/typescript/lib/tsserver.js:29470:24)
    at Object.forEachChild (/usr/lib/code/extensions/node_modules/typescript/lib/tsserver.js:29881:21)
    at NodeObject.forEachChild (/usr/lib/code/extensions/node_modules/typescript/lib/tsserver.js:155585:23)
    at createChildren (/usr/lib/code/extensions/node_modules/typescript/lib/tsserver.js:155617:14)
    at NodeObject.getChildren (/usr/lib/code/extensions/node_modules/typescript/lib/tsserver.js:155562:56)
    at getTokenAtPositionWorker (/usr/lib/code/extensions/node_modules/typescript/lib/tsserver.js:121524:43)
    at Object.getTokenAtPosition (/usr/lib/code/extensions/node_modules/typescript/lib/tsserver.js:121516:16)
    at getInfo (/usr/lib/code/extensions/node_modules/typescript/lib/tsserver.js:150765:28)
    at Object.getAvailableActions (/usr/lib/code/extensions/node_modules/typescript/lib/tsserver.js:150735:28)
    at /usr/lib/code/extensions/node_modules/typescript/lib/tsserver.js:142780:30
    at getIterator (/usr/lib/code/extensions/node_modules/typescript/lib/tsserver.js:573:23)
    at Object.flatMapIterator (/usr/lib/code/extensions/node_modules/typescript/lib/tsserver.js:556:27)
    at Object.getApplicableRefactors (/usr/lib/code/extensions/node_modules/typescript/lib/tsserver.js:142776:36)
    at Proxy.getApplicableRefactors (/usr/lib/code/extensions/node_modules/typescript/lib/tsserver.js:157560:32)
    at IOSession.Session.getApplicableRefactors (/usr/lib/code/extensions/node_modules/typescript/lib/tsserver.js:168512:53)
    at Session.handlers.ts.Map.ts.getEntries._a.<computed> (/usr/lib/code/extensions/node_modules/typescript/lib/tsserver.js:167223:61)
    at /usr/lib/code/extensions/node_modules/typescript/lib/tsserver.js:168880:88
    at IOSession.Session.executeWithRequestId (/usr/lib/code/extensions/node_modules/typescript/lib/tsserver.js:168871:28)
    at IOSession.Session.executeCommand (/usr/lib/code/extensions/node_modules/typescript/lib/tsserver.js:168880:33)
    at IOSession.Session.onMessage (/usr/lib/code/extensions/node_modules/typescript/lib/tsserver.js:168906:35)
    at Interface.<anonymous> (/usr/lib/code/extensions/node_modules/typescript/lib/tsserver.js:171511:31)
    at Interface.emit (events.js:315:20)
    at Interface._onLine (readline.js:337:10)
    at Interface._normalWrite (readline.js:482:12)
    at Socket.ondata (readline.js:194:10)
    at Socket.emit (events.js:315:20)
    at addChunk (internal/streams/readable.js:309:12)
    at readableAddChunk (internal/streams/readable.js:284:9)
    at Socket.Readable.push (internal/streams/readable.js:223:10)
    at Pipe.onStreamRead (internal/stream_base_commons.js:188:23)
	at Function.create (/usr/lib/code/extensions/typescript-language-features/dist/extension.js:1:460421)
	at dispatchResponse (/usr/lib/code/extensions/typescript-language-features/dist/extension.js:1:454257)
	at dispatchMessage (/usr/lib/code/extensions/typescript-language-features/dist/extension.js:1:453114)
	at /usr/lib/code/extensions/typescript-language-features/dist/extension.js:1:452599
	at l.fire (/usr/lib/code/out/vs/workbench/services/extensions/node/extensionHostProcess.js:66:1712)
	at m.onLengthData (/usr/lib/code/extensions/typescript-language-features/dist/extension.js:1:463350)
	at Socket.<anonymous> (/usr/lib/code/extensions/typescript-language-features/dist/extension.js:1:462997)
	at Socket.emit (events.js:315:20)
	at addChunk (internal/streams/readable.js:309:12)
	at readableAddChunk (internal/streams/readable.js:284:9)
	at Socket.Readable.push (internal/streams/readable.js:223:10)
	at Pipe.onStreamRead (internal/stream_base_commons.js:188:23)
[2022-01-08 22:06:18.279] [exthost] [error] [vscode.typescript-language-features] provider FAILED
[2022-01-08 22:06:18.279] [exthost] [error] Error: <semantic> TypeScript Server Error (4.4.3)
Debug Failure. Did not expect JsxElement to have an Identifier in its trivia
Error: Debug Failure. Did not expect JsxElement to have an Identifier in its trivia
    at addSyntheticNodes (/usr/lib/code/extensions/node_modules/typescript/lib/tsserver.js:155629:30)
    at processNode (/usr/lib/code/extensions/node_modules/typescript/lib/tsserver.js:155602:13)
    at visitNode (/usr/lib/code/extensions/node_modules/typescript/lib/tsserver.js:29470:24)
    at Object.forEachChild (/usr/lib/code/extensions/node_modules/typescript/lib/tsserver.js:29881:21)
    at NodeObject.forEachChild (/usr/lib/code/extensions/node_modules/typescript/lib/tsserver.js:155585:23)
    at createChildren (/usr/lib/code/extensions/node_modules/typescript/lib/tsserver.js:155617:14)
    at NodeObject.getChildren (/usr/lib/code/extensions/node_modules/typescript/lib/tsserver.js:155562:56)
    at getTokenAtPositionWorker (/usr/lib/code/extensions/node_modules/typescript/lib/tsserver.js:121524:43)
    at Object.getTokenAtPosition (/usr/lib/code/extensions/node_modules/typescript/lib/tsserver.js:121516:16)
    at getInfo (/usr/lib/code/extensions/node_modules/typescript/lib/tsserver.js:150765:28)
    at Object.getAvailableActions (/usr/lib/code/extensions/node_modules/typescript/lib/tsserver.js:150735:28)
    at /usr/lib/code/extensions/node_modules/typescript/lib/tsserver.js:142780:30
    at getIterator (/usr/lib/code/extensions/node_modules/typescript/lib/tsserver.js:573:23)
    at Object.flatMapIterator (/usr/lib/code/extensions/node_modules/typescript/lib/tsserver.js:556:27)
    at Object.getApplicableRefactors (/usr/lib/code/extensions/node_modules/typescript/lib/tsserver.js:142776:36)
    at Proxy.getApplicableRefactors (/usr/lib/code/extensions/node_modules/typescript/lib/tsserver.js:157560:32)
    at IOSession.Session.getApplicableRefactors (/usr/lib/code/extensions/node_modules/typescript/lib/tsserver.js:168512:53)
    at Session.handlers.ts.Map.ts.getEntries._a.<computed> (/usr/lib/code/extensions/node_modules/typescript/lib/tsserver.js:167223:61)
    at /usr/lib/code/extensions/node_modules/typescript/lib/tsserver.js:168880:88
    at IOSession.Session.executeWithRequestId (/usr/lib/code/extensions/node_modules/typescript/lib/tsserver.js:168871:28)
    at IOSession.Session.executeCommand (/usr/lib/code/extensions/node_modules/typescript/lib/tsserver.js:168880:33)
    at IOSession.Session.onMessage (/usr/lib/code/extensions/node_modules/typescript/lib/tsserver.js:168906:35)
    at Interface.<anonymous> (/usr/lib/code/extensions/node_modules/typescript/lib/tsserver.js:171511:31)
    at Interface.emit (events.js:315:20)
    at Interface._onLine (readline.js:337:10)
    at Interface._normalWrite (readline.js:482:12)
    at Socket.ondata (readline.js:194:10)
    at Socket.emit (events.js:315:20)
    at addChunk (internal/streams/readable.js:309:12)
    at readableAddChunk (internal/streams/readable.js:284:9)
    at Socket.Readable.push (internal/streams/readable.js:223:10)
    at Pipe.onStreamRead (internal/stream_base_commons.js:188:23)
	at Function.create (/usr/lib/code/extensions/typescript-language-features/dist/extension.js:1:460421)
	at dispatchResponse (/usr/lib/code/extensions/typescript-language-features/dist/extension.js:1:454257)
	at dispatchMessage (/usr/lib/code/extensions/typescript-language-features/dist/extension.js:1:453114)
	at /usr/lib/code/extensions/typescript-language-features/dist/extension.js:1:452599
	at l.fire (/usr/lib/code/out/vs/workbench/services/extensions/node/extensionHostProcess.js:66:1712)
	at m.onLengthData (/usr/lib/code/extensions/typescript-language-features/dist/extension.js:1:463350)
	at Socket.<anonymous> (/usr/lib/code/extensions/typescript-language-features/dist/extension.js:1:462997)
	at Socket.emit (events.js:315:20)
	at addChunk (internal/streams/readable.js:309:12)
	at readableAddChunk (internal/streams/readable.js:284:9)
	at Socket.Readable.push (internal/streams/readable.js:223:10)
	at Pipe.onStreamRead (internal/stream_base_commons.js:188:23)
[2022-01-08 22:06:24.106] [exthost] [error] [vscode.typescript-language-features] provider FAILED
[2022-01-08 22:06:24.106] [exthost] [error] Error: <semantic> TypeScript Server Error (4.4.3)
Debug Failure. Did not expect JsxElement to have an Identifier in its trivia
Error: Debug Failure. Did not expect JsxElement to have an Identifier in its trivia
    at addSyntheticNodes (/usr/lib/code/extensions/node_modules/typescript/lib/tsserver.js:155629:30)
    at processNode (/usr/lib/code/extensions/node_modules/typescript/lib/tsserver.js:155602:13)
    at visitNode (/usr/lib/code/extensions/node_modules/typescript/lib/tsserver.js:29470:24)
    at Object.forEachChild (/usr/lib/code/extensions/node_modules/typescript/lib/tsserver.js:29881:21)
    at NodeObject.forEachChild (/usr/lib/code/extensions/node_modules/typescript/lib/tsserver.js:155585:23)
    at createChildren (/usr/lib/code/extensions/node_modules/typescript/lib/tsserver.js:155617:14)
    at NodeObject.getChildren (/usr/lib/code/extensions/node_modules/typescript/lib/tsserver.js:155562:56)
    at getTokenAtPositionWorker (/usr/lib/code/extensions/node_modules/typescript/lib/tsserver.js:121524:43)
    at Object.getTokenAtPosition (/usr/lib/code/extensions/node_modules/typescript/lib/tsserver.js:121516:16)
    at getInfo (/usr/lib/code/extensions/node_modules/typescript/lib/tsserver.js:150765:28)
    at Object.getAvailableActions (/usr/lib/code/extensions/node_modules/typescript/lib/tsserver.js:150735:28)
    at /usr/lib/code/extensions/node_modules/typescript/lib/tsserver.js:142780:30
    at getIterator (/usr/lib/code/extensions/node_modules/typescript/lib/tsserver.js:573:23)
    at Object.flatMapIterator (/usr/lib/code/extensions/node_modules/typescript/lib/tsserver.js:556:27)
    at Object.getApplicableRefactors (/usr/lib/code/extensions/node_modules/typescript/lib/tsserver.js:142776:36)
    at Proxy.getApplicableRefactors (/usr/lib/code/extensions/node_modules/typescript/lib/tsserver.js:157560:32)
    at IOSession.Session.getApplicableRefactors (/usr/lib/code/extensions/node_modules/typescript/lib/tsserver.js:168512:53)
    at Session.handlers.ts.Map.ts.getEntries._a.<computed> (/usr/lib/code/extensions/node_modules/typescript/lib/tsserver.js:167223:61)
    at /usr/lib/code/extensions/node_modules/typescript/lib/tsserver.js:168880:88
    at IOSession.Session.executeWithRequestId (/usr/lib/code/extensions/node_modules/typescript/lib/tsserver.js:168871:28)
    at IOSession.Session.executeCommand (/usr/lib/code/extensions/node_modules/typescript/lib/tsserver.js:168880:33)
    at IOSession.Session.onMessage (/usr/lib/code/extensions/node_modules/typescript/lib/tsserver.js:168906:35)
    at Interface.<anonymous> (/usr/lib/code/extensions/node_modules/typescript/lib/tsserver.js:171511:31)
    at Interface.emit (events.js:315:20)
    at Interface._onLine (readline.js:337:10)
    at Interface._normalWrite (readline.js:482:12)
    at Socket.ondata (readline.js:194:10)
    at Socket.emit (events.js:315:20)
    at addChunk (internal/streams/readable.js:309:12)
    at readableAddChunk (internal/streams/readable.js:284:9)
    at Socket.Readable.push (internal/streams/readable.js:223:10)
    at Pipe.onStreamRead (internal/stream_base_commons.js:188:23)
	at Function.create (/usr/lib/code/extensions/typescript-language-features/dist/extension.js:1:460421)
	at dispatchResponse (/usr/lib/code/extensions/typescript-language-features/dist/extension.js:1:454257)
	at dispatchMessage (/usr/lib/code/extensions/typescript-language-features/dist/extension.js:1:453114)
	at /usr/lib/code/extensions/typescript-language-features/dist/extension.js:1:452599
	at l.fire (/usr/lib/code/out/vs/workbench/services/extensions/node/extensionHostProcess.js:66:1712)
	at m.onLengthData (/usr/lib/code/extensions/typescript-language-features/dist/extension.js:1:463350)
	at Socket.<anonymous> (/usr/lib/code/extensions/typescript-language-features/dist/extension.js:1:462997)
	at Socket.emit (events.js:315:20)
	at addChunk (internal/streams/readable.js:309:12)
	at readableAddChunk (internal/streams/readable.js:284:9)
	at Socket.Readable.push (internal/streams/readable.js:223:10)
	at Pipe.onStreamRead (internal/stream_base_commons.js:188:23)
[2022-01-08 22:06:28.198] [exthost] [error] [vscode.typescript-language-features] provider FAILED
[2022-01-08 22:06:28.198] [exthost] [error] Error: <semantic> TypeScript Server Error (4.4.3)
Debug Failure. Did not expect JsxElement to have an Identifier in its trivia
Error: Debug Failure. Did not expect JsxElement to have an Identifier in its trivia
    at addSyntheticNodes (/usr/lib/code/extensions/node_modules/typescript/lib/tsserver.js:155629:30)
    at processNode (/usr/lib/code/extensions/node_modules/typescript/lib/tsserver.js:155602:13)
    at visitNode (/usr/lib/code/extensions/node_modules/typescript/lib/tsserver.js:29470:24)
    at Object.forEachChild (/usr/lib/code/extensions/node_modules/typescript/lib/tsserver.js:29881:21)
    at NodeObject.forEachChild (/usr/lib/code/extensions/node_modules/typescript/lib/tsserver.js:155585:23)
    at createChildren (/usr/lib/code/extensions/node_modules/typescript/lib/tsserver.js:155617:14)
    at NodeObject.getChildren (/usr/lib/code/extensions/node_modules/typescript/lib/tsserver.js:155562:56)
    at getTokenAtPositionWorker (/usr/lib/code/extensions/node_modules/typescript/lib/tsserver.js:121524:43)
    at Object.getTokenAtPosition (/usr/lib/code/extensions/node_modules/typescript/lib/tsserver.js:121516:16)
    at getInfo (/usr/lib/code/extensions/node_modules/typescript/lib/tsserver.js:150765:28)
    at Object.getAvailableActions (/usr/lib/code/extensions/node_modules/typescript/lib/tsserver.js:150735:28)
    at /usr/lib/code/extensions/node_modules/typescript/lib/tsserver.js:142780:30
    at getIterator (/usr/lib/code/extensions/node_modules/typescript/lib/tsserver.js:573:23)
    at Object.flatMapIterator (/usr/lib/code/extensions/node_modules/typescript/lib/tsserver.js:556:27)
    at Object.getApplicableRefactors (/usr/lib/code/extensions/node_modules/typescript/lib/tsserver.js:142776:36)
    at Proxy.getApplicableRefactors (/usr/lib/code/extensions/node_modules/typescript/lib/tsserver.js:157560:32)
    at IOSession.Session.getApplicableRefactors (/usr/lib/code/extensions/node_modules/typescript/lib/tsserver.js:168512:53)
    at Session.handlers.ts.Map.ts.getEntries._a.<computed> (/usr/lib/code/extensions/node_modules/typescript/lib/tsserver.js:167223:61)
    at /usr/lib/code/extensions/node_modules/typescript/lib/tsserver.js:168880:88
    at IOSession.Session.executeWithRequestId (/usr/lib/code/extensions/node_modules/typescript/lib/tsserver.js:168871:28)
    at IOSession.Session.executeCommand (/usr/lib/code/extensions/node_modules/typescript/lib/tsserver.js:168880:33)
    at IOSession.Session.onMessage (/usr/lib/code/extensions/node_modules/typescript/lib/tsserver.js:168906:35)
    at Interface.<anonymous> (/usr/lib/code/extensions/node_modules/typescript/lib/tsserver.js:171511:31)
    at Interface.emit (events.js:315:20)
    at Interface._onLine (readline.js:337:10)
    at Interface._normalWrite (readline.js:482:12)
    at Socket.ondata (readline.js:194:10)
    at Socket.emit (events.js:315:20)
    at addChunk (internal/streams/readable.js:309:12)
    at readableAddChunk (internal/streams/readable.js:284:9)
    at Socket.Readable.push (internal/streams/readable.js:223:10)
    at Pipe.onStreamRead (internal/stream_base_commons.js:188:23)
	at Function.create (/usr/lib/code/extensions/typescript-language-features/dist/extension.js:1:460421)
	at dispatchResponse (/usr/lib/code/extensions/typescript-language-features/dist/extension.js:1:454257)
	at dispatchMessage (/usr/lib/code/extensions/typescript-language-features/dist/extension.js:1:453114)
	at /usr/lib/code/extensions/typescript-language-features/dist/extension.js:1:452599
	at l.fire (/usr/lib/code/out/vs/workbench/services/extensions/node/extensionHostProcess.js:66:1712)
	at m.onLengthData (/usr/lib/code/extensions/typescript-language-features/dist/extension.js:1:463350)
	at Socket.<anonymous> (/usr/lib/code/extensions/typescript-language-features/dist/extension.js:1:462997)
	at Socket.emit (events.js:315:20)
	at addChunk (internal/streams/readable.js:309:12)
	at readableAddChunk (internal/streams/readable.js:284:9)
	at Socket.Readable.push (internal/streams/readable.js:223:10)
	at Pipe.onStreamRead (internal/stream_base_commons.js:188:23)
[2022-01-08 22:06:29.081] [exthost] [error] [vscode.typescript-language-features] provider FAILED
[2022-01-08 22:06:29.081] [exthost] [error] Error: <semantic> TypeScript Server Error (4.4.3)
Debug Failure. Did not expect JsxElement to have an Identifier in its trivia
Error: Debug Failure. Did not expect JsxElement to have an Identifier in its trivia
    at addSyntheticNodes (/usr/lib/code/extensions/node_modules/typescript/lib/tsserver.js:155629:30)
    at processNode (/usr/lib/code/extensions/node_modules/typescript/lib/tsserver.js:155602:13)
    at visitNode (/usr/lib/code/extensions/node_modules/typescript/lib/tsserver.js:29470:24)
    at Object.forEachChild (/usr/lib/code/extensions/node_modules/typescript/lib/tsserver.js:29881:21)
    at NodeObject.forEachChild (/usr/lib/code/extensions/node_modules/typescript/lib/tsserver.js:155585:23)
    at createChildren (/usr/lib/code/extensions/node_modules/typescript/lib/tsserver.js:155617:14)
    at NodeObject.getChildren (/usr/lib/code/extensions/node_modules/typescript/lib/tsserver.js:155562:56)
    at getTokenAtPositionWorker (/usr/lib/code/extensions/node_modules/typescript/lib/tsserver.js:121524:43)
    at getTokenAtPosition (/usr/lib/code/extensions/node_modules/typescript/lib/tsserver.js:121516:16)
    at Object.findTokenOnLeftOfPosition (/usr/lib/code/extensions/node_modules/typescript/lib/tsserver.js:121572:31)
    at Object.getSignatureHelpItems (/usr/lib/code/extensions/node_modules/typescript/lib/tsserver.js:136407:36)
    at Proxy.getSignatureHelpItems (/usr/lib/code/extensions/node_modules/typescript/lib/tsserver.js:156951:37)
    at IOSession.Session.getSignatureHelpItems (/usr/lib/code/extensions/node_modules/typescript/lib/tsserver.js:168316:62)
    at Session.handlers.ts.Map.ts.getEntries._a.<computed> (/usr/lib/code/extensions/node_modules/typescript/lib/tsserver.js:167099:61)
    at /usr/lib/code/extensions/node_modules/typescript/lib/tsserver.js:168880:88
    at IOSession.Session.executeWithRequestId (/usr/lib/code/extensions/node_modules/typescript/lib/tsserver.js:168871:28)
    at IOSession.Session.executeCommand (/usr/lib/code/extensions/node_modules/typescript/lib/tsserver.js:168880:33)
    at IOSession.Session.onMessage (/usr/lib/code/extensions/node_modules/typescript/lib/tsserver.js:168906:35)
    at Interface.<anonymous> (/usr/lib/code/extensions/node_modules/typescript/lib/tsserver.js:171511:31)
    at Interface.emit (events.js:315:20)
    at Interface._onLine (readline.js:337:10)
    at Interface._normalWrite (readline.js:482:12)
    at Socket.ondata (readline.js:194:10)
    at Socket.emit (events.js:315:20)
    at addChunk (internal/streams/readable.js:309:12)
    at readableAddChunk (internal/streams/readable.js:284:9)
    at Socket.Readable.push (internal/streams/readable.js:223:10)
    at Pipe.onStreamRead (internal/stream_base_commons.js:188:23)
	at Function.create (/usr/lib/code/extensions/typescript-language-features/dist/extension.js:1:460421)
	at dispatchResponse (/usr/lib/code/extensions/typescript-language-features/dist/extension.js:1:454257)
	at dispatchMessage (/usr/lib/code/extensions/typescript-language-features/dist/extension.js:1:453114)
	at /usr/lib/code/extensions/typescript-language-features/dist/extension.js:1:452599
	at l.fire (/usr/lib/code/out/vs/workbench/services/extensions/node/extensionHostProcess.js:66:1712)
	at m.onLengthData (/usr/lib/code/extensions/typescript-language-features/dist/extension.js:1:463350)
	at Socket.<anonymous> (/usr/lib/code/extensions/typescript-language-features/dist/extension.js:1:462997)
	at Socket.emit (events.js:315:20)
	at addChunk (internal/streams/readable.js:309:12)
	at readableAddChunk (internal/streams/readable.js:284:9)
	at Socket.Readable.push (internal/streams/readable.js:223:10)
	at Pipe.onStreamRead (internal/stream_base_commons.js:188:23)
[2022-01-08 22:11:24.690] [exthost] [info] ExtensionService#_doActivateExtension vscode.extension-editing, startup: false, activationEvent: 'onLanguage:markdown'
[2022-01-08 22:11:24.720] [exthost] [info] ExtensionService#_doActivateExtension vscode.markdown-language-features, startup: false, activationEvent: 'onLanguage:markdown'
[2022-01-08 22:11:25.132] [exthost] [info] ExtensionService#_doActivateExtension vscode.markdown-math, startup: false, activationEvent: 'api', root cause: vscode.markdown-language-features
[2022-01-08 22:11:25.216] [exthost] [info] ExtensionService#_doActivateExtension vscode.configuration-editing, startup: false, activationEvent: 'onLanguage:json'
[2022-01-08 22:11:25.219] [exthost] [info] ExtensionService#_doActivateExtension vscode.json-language-features, startup: false, activationEvent: 'onLanguage:json'
[2022-01-08 22:41:01.899] [exthost] [info] ExtensionService#_doActivateExtension vscode.css-language-features, startup: false, activationEvent: 'onLanguage:css'
[2022-01-09 00:01:08.555] [exthost] [error] [vscode.typescript-language-features] provider FAILED
[2022-01-09 00:01:08.556] [exthost] [error] Error: <semantic> TypeScript Server Error (4.4.3)
Debug Failure. Did not expect JsxClosingFragment to have an Identifier in its trivia
Error: Debug Failure. Did not expect JsxClosingFragment to have an Identifier in its trivia
    at addSyntheticNodes (/usr/lib/code/extensions/node_modules/typescript/lib/tsserver.js:155629:30)
    at createChildren (/usr/lib/code/extensions/node_modules/typescript/lib/tsserver.js:155618:9)
    at NodeObject.getChildren (/usr/lib/code/extensions/node_modules/typescript/lib/tsserver.js:155562:56)
    at getTokenAtPositionWorker (/usr/lib/code/extensions/node_modules/typescript/lib/tsserver.js:121524:43)
    at Object.getTokenAtPosition (/usr/lib/code/extensions/node_modules/typescript/lib/tsserver.js:121516:16)
    at getInfo (/usr/lib/code/extensions/node_modules/typescript/lib/tsserver.js:150765:28)
    at Object.getAvailableActions (/usr/lib/code/extensions/node_modules/typescript/lib/tsserver.js:150735:28)
    at /usr/lib/code/extensions/node_modules/typescript/lib/tsserver.js:142780:30
    at getIterator (/usr/lib/code/extensions/node_modules/typescript/lib/tsserver.js:573:23)
    at Object.flatMapIterator (/usr/lib/code/extensions/node_modules/typescript/lib/tsserver.js:556:27)
    at Object.getApplicableRefactors (/usr/lib/code/extensions/node_modules/typescript/lib/tsserver.js:142776:36)
    at Proxy.getApplicableRefactors (/usr/lib/code/extensions/node_modules/typescript/lib/tsserver.js:157560:32)
    at IOSession.Session.getApplicableRefactors (/usr/lib/code/extensions/node_modules/typescript/lib/tsserver.js:168512:53)
    at Session.handlers.ts.Map.ts.getEntries._a.<computed> (/usr/lib/code/extensions/node_modules/typescript/lib/tsserver.js:167223:61)
    at /usr/lib/code/extensions/node_modules/typescript/lib/tsserver.js:168880:88
    at IOSession.Session.executeWithRequestId (/usr/lib/code/extensions/node_modules/typescript/lib/tsserver.js:168871:28)
    at IOSession.Session.executeCommand (/usr/lib/code/extensions/node_modules/typescript/lib/tsserver.js:168880:33)
    at IOSession.Session.onMessage (/usr/lib/code/extensions/node_modules/typescript/lib/tsserver.js:168906:35)
    at Interface.<anonymous> (/usr/lib/code/extensions/node_modules/typescript/lib/tsserver.js:171511:31)
    at Interface.emit (events.js:315:20)
    at Interface._onLine (readline.js:337:10)
    at Interface._normalWrite (readline.js:482:12)
    at Socket.ondata (readline.js:194:10)
    at Socket.emit (events.js:315:20)
    at addChunk (internal/streams/readable.js:309:12)
    at readableAddChunk (internal/streams/readable.js:284:9)
    at Socket.Readable.push (internal/streams/readable.js:223:10)
    at Pipe.onStreamRead (internal/stream_base_commons.js:188:23)
	at Function.create (/usr/lib/code/extensions/typescript-language-features/dist/extension.js:1:460421)
	at dispatchResponse (/usr/lib/code/extensions/typescript-language-features/dist/extension.js:1:454257)
	at dispatchMessage (/usr/lib/code/extensions/typescript-language-features/dist/extension.js:1:453114)
	at /usr/lib/code/extensions/typescript-language-features/dist/extension.js:1:452599
	at l.fire (/usr/lib/code/out/vs/workbench/services/extensions/node/extensionHostProcess.js:66:1712)
	at m.onLengthData (/usr/lib/code/extensions/typescript-language-features/dist/extension.js:1:463350)
	at Socket.<anonymous> (/usr/lib/code/extensions/typescript-language-features/dist/extension.js:1:462997)
	at Socket.emit (events.js:315:20)
	at addChunk (internal/streams/readable.js:309:12)
	at readableAddChunk (internal/streams/readable.js:284:9)
	at Socket.Readable.push (internal/streams/readable.js:223:10)
	at Pipe.onStreamRead (internal/stream_base_commons.js:188:23)
[2022-01-09 00:01:09.632] [exthost] [error] [vscode.typescript-language-features] provider FAILED
[2022-01-09 00:01:09.632] [exthost] [error] Error: <semantic> TypeScript Server Error (4.4.3)
Debug Failure. Did not expect JsxClosingFragment to have an Identifier in its trivia
Error: Debug Failure. Did not expect JsxClosingFragment to have an Identifier in its trivia
    at addSyntheticNodes (/usr/lib/code/extensions/node_modules/typescript/lib/tsserver.js:155629:30)
    at createChildren (/usr/lib/code/extensions/node_modules/typescript/lib/tsserver.js:155618:9)
    at NodeObject.getChildren (/usr/lib/code/extensions/node_modules/typescript/lib/tsserver.js:155562:56)
    at getTokenAtPositionWorker (/usr/lib/code/extensions/node_modules/typescript/lib/tsserver.js:121524:43)
    at Object.getTokenAtPosition (/usr/lib/code/extensions/node_modules/typescript/lib/tsserver.js:121516:16)
    at getInfo (/usr/lib/code/extensions/node_modules/typescript/lib/tsserver.js:150765:28)
    at Object.getAvailableActions (/usr/lib/code/extensions/node_modules/typescript/lib/tsserver.js:150735:28)
    at /usr/lib/code/extensions/node_modules/typescript/lib/tsserver.js:142780:30
    at getIterator (/usr/lib/code/extensions/node_modules/typescript/lib/tsserver.js:573:23)
    at Object.flatMapIterator (/usr/lib/code/extensions/node_modules/typescript/lib/tsserver.js:556:27)
    at Object.getApplicableRefactors (/usr/lib/code/extensions/node_modules/typescript/lib/tsserver.js:142776:36)
    at Proxy.getApplicableRefactors (/usr/lib/code/extensions/node_modules/typescript/lib/tsserver.js:157560:32)
    at IOSession.Session.getApplicableRefactors (/usr/lib/code/extensions/node_modules/typescript/lib/tsserver.js:168512:53)
    at Session.handlers.ts.Map.ts.getEntries._a.<computed> (/usr/lib/code/extensions/node_modules/typescript/lib/tsserver.js:167223:61)
    at /usr/lib/code/extensions/node_modules/typescript/lib/tsserver.js:168880:88
    at IOSession.Session.executeWithRequestId (/usr/lib/code/extensions/node_modules/typescript/lib/tsserver.js:168871:28)
    at IOSession.Session.executeCommand (/usr/lib/code/extensions/node_modules/typescript/lib/tsserver.js:168880:33)
    at IOSession.Session.onMessage (/usr/lib/code/extensions/node_modules/typescript/lib/tsserver.js:168906:35)
    at Interface.<anonymous> (/usr/lib/code/extensions/node_modules/typescript/lib/tsserver.js:171511:31)
    at Interface.emit (events.js:315:20)
    at Interface._onLine (readline.js:337:10)
    at Interface._normalWrite (readline.js:482:12)
    at Socket.ondata (readline.js:194:10)
    at Socket.emit (events.js:315:20)
    at addChunk (internal/streams/readable.js:309:12)
    at readableAddChunk (internal/streams/readable.js:284:9)
    at Socket.Readable.push (internal/streams/readable.js:223:10)
    at Pipe.onStreamRead (internal/stream_base_commons.js:188:23)
	at Function.create (/usr/lib/code/extensions/typescript-language-features/dist/extension.js:1:460421)
	at dispatchResponse (/usr/lib/code/extensions/typescript-language-features/dist/extension.js:1:454257)
	at dispatchMessage (/usr/lib/code/extensions/typescript-language-features/dist/extension.js:1:453114)
	at /usr/lib/code/extensions/typescript-language-features/dist/extension.js:1:452599
	at l.fire (/usr/lib/code/out/vs/workbench/services/extensions/node/extensionHostProcess.js:66:1712)
	at m.onLengthData (/usr/lib/code/extensions/typescript-language-features/dist/extension.js:1:463350)
	at Socket.<anonymous> (/usr/lib/code/extensions/typescript-language-features/dist/extension.js:1:462997)
	at Socket.emit (events.js:315:20)
	at addChunk (internal/streams/readable.js:309:12)
	at readableAddChunk (internal/streams/readable.js:284:9)
	at Socket.Readable.push (internal/streams/readable.js:223:10)
	at Pipe.onStreamRead (internal/stream_base_commons.js:188:23)
[2022-01-09 00:36:05.978] [exthost] [error] [vscode.typescript-language-features] provider FAILED
[2022-01-09 00:36:06.004] [exthost] [error] Error: <semantic> TypeScript Server Error (4.4.3)
Debug Failure. Did not expect JsxElement to have an Identifier in its trivia
Error: Debug Failure. Did not expect JsxElement to have an Identifier in its trivia
    at addSyntheticNodes (/usr/lib/code/extensions/node_modules/typescript/lib/tsserver.js:155629:30)
    at processNode (/usr/lib/code/extensions/node_modules/typescript/lib/tsserver.js:155602:13)
    at visitNode (/usr/lib/code/extensions/node_modules/typescript/lib/tsserver.js:29470:24)
    at Object.forEachChild (/usr/lib/code/extensions/node_modules/typescript/lib/tsserver.js:29881:21)
    at NodeObject.forEachChild (/usr/lib/code/extensions/node_modules/typescript/lib/tsserver.js:155585:23)
    at createChildren (/usr/lib/code/extensions/node_modules/typescript/lib/tsserver.js:155617:14)
    at NodeObject.getChildren (/usr/lib/code/extensions/node_modules/typescript/lib/tsserver.js:155562:56)
    at getTokenAtPositionWorker (/usr/lib/code/extensions/node_modules/typescript/lib/tsserver.js:121524:43)
    at Object.getTokenAtPosition (/usr/lib/code/extensions/node_modules/typescript/lib/tsserver.js:121516:16)
    at getInfo (/usr/lib/code/extensions/node_modules/typescript/lib/tsserver.js:150765:28)
    at Object.getAvailableActions (/usr/lib/code/extensions/node_modules/typescript/lib/tsserver.js:150735:28)
    at /usr/lib/code/extensions/node_modules/typescript/lib/tsserver.js:142780:30
    at getIterator (/usr/lib/code/extensions/node_modules/typescript/lib/tsserver.js:573:23)
    at Object.flatMapIterator (/usr/lib/code/extensions/node_modules/typescript/lib/tsserver.js:556:27)
    at Object.getApplicableRefactors (/usr/lib/code/extensions/node_modules/typescript/lib/tsserver.js:142776:36)
    at Proxy.getApplicableRefactors (/usr/lib/code/extensions/node_modules/typescript/lib/tsserver.js:157560:32)
    at IOSession.Session.getApplicableRefactors (/usr/lib/code/extensions/node_modules/typescript/lib/tsserver.js:168512:53)
    at Session.handlers.ts.Map.ts.getEntries._a.<computed> (/usr/lib/code/extensions/node_modules/typescript/lib/tsserver.js:167223:61)
    at /usr/lib/code/extensions/node_modules/typescript/lib/tsserver.js:168880:88
    at IOSession.Session.executeWithRequestId (/usr/lib/code/extensions/node_modules/typescript/lib/tsserver.js:168871:28)
    at IOSession.Session.executeCommand (/usr/lib/code/extensions/node_modules/typescript/lib/tsserver.js:168880:33)
    at IOSession.Session.onMessage (/usr/lib/code/extensions/node_modules/typescript/lib/tsserver.js:168906:35)
    at Interface.<anonymous> (/usr/lib/code/extensions/node_modules/typescript/lib/tsserver.js:171511:31)
    at Interface.emit (events.js:315:20)
    at Interface._onLine (readline.js:337:10)
    at Interface._normalWrite (readline.js:482:12)
    at Socket.ondata (readline.js:194:10)
    at Socket.emit (events.js:315:20)
    at addChunk (internal/streams/readable.js:309:12)
    at readableAddChunk (internal/streams/readable.js:284:9)
    at Socket.Readable.push (internal/streams/readable.js:223:10)
    at Pipe.onStreamRead (internal/stream_base_commons.js:188:23)
	at Function.create (/usr/lib/code/extensions/typescript-language-features/dist/extension.js:1:460421)
	at dispatchResponse (/usr/lib/code/extensions/typescript-language-features/dist/extension.js:1:454257)
	at dispatchMessage (/usr/lib/code/extensions/typescript-language-features/dist/extension.js:1:453114)
	at /usr/lib/code/extensions/typescript-language-features/dist/extension.js:1:452599
	at l.fire (/usr/lib/code/out/vs/workbench/services/extensions/node/extensionHostProcess.js:66:1712)
	at m.onLengthData (/usr/lib/code/extensions/typescript-language-features/dist/extension.js:1:463350)
	at Socket.<anonymous> (/usr/lib/code/extensions/typescript-language-features/dist/extension.js:1:462997)
	at Socket.emit (events.js:315:20)
	at addChunk (internal/streams/readable.js:309:12)
	at readableAddChunk (internal/streams/readable.js:284:9)
	at Socket.Readable.push (internal/streams/readable.js:223:10)
	at Pipe.onStreamRead (internal/stream_base_commons.js:188:23)
[2022-01-09 00:36:06.911] [exthost] [error] [vscode.typescript-language-features] provider FAILED
[2022-01-09 00:36:06.911] [exthost] [error] Error: <semantic> TypeScript Server Error (4.4.3)
Debug Failure. Did not expect JsxElement to have an Identifier in its trivia
Error: Debug Failure. Did not expect JsxElement to have an Identifier in its trivia
    at addSyntheticNodes (/usr/lib/code/extensions/node_modules/typescript/lib/tsserver.js:155629:30)
    at processNode (/usr/lib/code/extensions/node_modules/typescript/lib/tsserver.js:155602:13)
    at visitNode (/usr/lib/code/extensions/node_modules/typescript/lib/tsserver.js:29470:24)
    at Object.forEachChild (/usr/lib/code/extensions/node_modules/typescript/lib/tsserver.js:29881:21)
    at NodeObject.forEachChild (/usr/lib/code/extensions/node_modules/typescript/lib/tsserver.js:155585:23)
    at createChildren (/usr/lib/code/extensions/node_modules/typescript/lib/tsserver.js:155617:14)
    at NodeObject.getChildren (/usr/lib/code/extensions/node_modules/typescript/lib/tsserver.js:155562:56)
    at getTokenAtPositionWorker (/usr/lib/code/extensions/node_modules/typescript/lib/tsserver.js:121524:43)
    at Object.getTokenAtPosition (/usr/lib/code/extensions/node_modules/typescript/lib/tsserver.js:121516:16)
    at getInfo (/usr/lib/code/extensions/node_modules/typescript/lib/tsserver.js:150765:28)
    at Object.getAvailableActions (/usr/lib/code/extensions/node_modules/typescript/lib/tsserver.js:150735:28)
    at /usr/lib/code/extensions/node_modules/typescript/lib/tsserver.js:142780:30
    at getIterator (/usr/lib/code/extensions/node_modules/typescript/lib/tsserver.js:573:23)
    at Object.flatMapIterator (/usr/lib/code/extensions/node_modules/typescript/lib/tsserver.js:556:27)
    at Object.getApplicableRefactors (/usr/lib/code/extensions/node_modules/typescript/lib/tsserver.js:142776:36)
    at Proxy.getApplicableRefactors (/usr/lib/code/extensions/node_modules/typescript/lib/tsserver.js:157560:32)
    at IOSession.Session.getApplicableRefactors (/usr/lib/code/extensions/node_modules/typescript/lib/tsserver.js:168512:53)
    at Session.handlers.ts.Map.ts.getEntries._a.<computed> (/usr/lib/code/extensions/node_modules/typescript/lib/tsserver.js:167223:61)
    at /usr/lib/code/extensions/node_modules/typescript/lib/tsserver.js:168880:88
    at IOSession.Session.executeWithRequestId (/usr/lib/code/extensions/node_modules/typescript/lib/tsserver.js:168871:28)
    at IOSession.Session.executeCommand (/usr/lib/code/extensions/node_modules/typescript/lib/tsserver.js:168880:33)
    at IOSession.Session.onMessage (/usr/lib/code/extensions/node_modules/typescript/lib/tsserver.js:168906:35)
    at Interface.<anonymous> (/usr/lib/code/extensions/node_modules/typescript/lib/tsserver.js:171511:31)
    at Interface.emit (events.js:315:20)
    at Interface._onLine (readline.js:337:10)
    at Interface._normalWrite (readline.js:482:12)
    at Socket.ondata (readline.js:194:10)
    at Socket.emit (events.js:315:20)
    at addChunk (internal/streams/readable.js:309:12)
    at readableAddChunk (internal/streams/readable.js:284:9)
    at Socket.Readable.push (internal/streams/readable.js:223:10)
    at Pipe.onStreamRead (internal/stream_base_commons.js:188:23)
	at Function.create (/usr/lib/code/extensions/typescript-language-features/dist/extension.js:1:460421)
	at dispatchResponse (/usr/lib/code/extensions/typescript-language-features/dist/extension.js:1:454257)
	at dispatchMessage (/usr/lib/code/extensions/typescript-language-features/dist/extension.js:1:453114)
	at /usr/lib/code/extensions/typescript-language-features/dist/extension.js:1:452599
	at l.fire (/usr/lib/code/out/vs/workbench/services/extensions/node/extensionHostProcess.js:66:1712)
	at m.onLengthData (/usr/lib/code/extensions/typescript-language-features/dist/extension.js:1:463350)
	at Socket.<anonymous> (/usr/lib/code/extensions/typescript-language-features/dist/extension.js:1:462997)
	at Socket.emit (events.js:315:20)
	at addChunk (internal/streams/readable.js:309:12)
	at readableAddChunk (internal/streams/readable.js:284:9)
	at Socket.Readable.push (internal/streams/readable.js:223:10)
	at Pipe.onStreamRead (internal/stream_base_commons.js:188:23)
[2022-01-09 00:36:07.414] [exthost] [error] [vscode.typescript-language-features] provider FAILED
[2022-01-09 00:36:07.414] [exthost] [error] Error: <semantic> TypeScript Server Error (4.4.3)
Debug Failure. Did not expect JsxElement to have an Identifier in its trivia
Error: Debug Failure. Did not expect JsxElement to have an Identifier in its trivia
    at addSyntheticNodes (/usr/lib/code/extensions/node_modules/typescript/lib/tsserver.js:155629:30)
    at processNode (/usr/lib/code/extensions/node_modules/typescript/lib/tsserver.js:155602:13)
    at visitNode (/usr/lib/code/extensions/node_modules/typescript/lib/tsserver.js:29470:24)
    at Object.forEachChild (/usr/lib/code/extensions/node_modules/typescript/lib/tsserver.js:29881:21)
    at NodeObject.forEachChild (/usr/lib/code/extensions/node_modules/typescript/lib/tsserver.js:155585:23)
    at createChildren (/usr/lib/code/extensions/node_modules/typescript/lib/tsserver.js:155617:14)
    at NodeObject.getChildren (/usr/lib/code/extensions/node_modules/typescript/lib/tsserver.js:155562:56)
    at getTokenAtPositionWorker (/usr/lib/code/extensions/node_modules/typescript/lib/tsserver.js:121524:43)
    at Object.getTokenAtPosition (/usr/lib/code/extensions/node_modules/typescript/lib/tsserver.js:121516:16)
    at getInfo (/usr/lib/code/extensions/node_modules/typescript/lib/tsserver.js:150765:28)
    at Object.getAvailableActions (/usr/lib/code/extensions/node_modules/typescript/lib/tsserver.js:150735:28)
    at /usr/lib/code/extensions/node_modules/typescript/lib/tsserver.js:142780:30
    at getIterator (/usr/lib/code/extensions/node_modules/typescript/lib/tsserver.js:573:23)
    at Object.flatMapIterator (/usr/lib/code/extensions/node_modules/typescript/lib/tsserver.js:556:27)
    at Object.getApplicableRefactors (/usr/lib/code/extensions/node_modules/typescript/lib/tsserver.js:142776:36)
    at Proxy.getApplicableRefactors (/usr/lib/code/extensions/node_modules/typescript/lib/tsserver.js:157560:32)
    at IOSession.Session.getApplicableRefactors (/usr/lib/code/extensions/node_modules/typescript/lib/tsserver.js:168512:53)
    at Session.handlers.ts.Map.ts.getEntries._a.<computed> (/usr/lib/code/extensions/node_modules/typescript/lib/tsserver.js:167223:61)
    at /usr/lib/code/extensions/node_modules/typescript/lib/tsserver.js:168880:88
    at IOSession.Session.executeWithRequestId (/usr/lib/code/extensions/node_modules/typescript/lib/tsserver.js:168871:28)
    at IOSession.Session.executeCommand (/usr/lib/code/extensions/node_modules/typescript/lib/tsserver.js:168880:33)
    at IOSession.Session.onMessage (/usr/lib/code/extensions/node_modules/typescript/lib/tsserver.js:168906:35)
    at Interface.<anonymous> (/usr/lib/code/extensions/node_modules/typescript/lib/tsserver.js:171511:31)
    at Interface.emit (events.js:315:20)
    at Interface._onLine (readline.js:337:10)
    at Interface._normalWrite (readline.js:482:12)
    at Socket.ondata (readline.js:194:10)
    at Socket.emit (events.js:315:20)
    at addChunk (internal/streams/readable.js:309:12)
    at readableAddChunk (internal/streams/readable.js:284:9)
    at Socket.Readable.push (internal/streams/readable.js:223:10)
    at Pipe.onStreamRead (internal/stream_base_commons.js:188:23)
	at Function.create (/usr/lib/code/extensions/typescript-language-features/dist/extension.js:1:460421)
	at dispatchResponse (/usr/lib/code/extensions/typescript-language-features/dist/extension.js:1:454257)
	at dispatchMessage (/usr/lib/code/extensions/typescript-language-features/dist/extension.js:1:453114)
	at /usr/lib/code/extensions/typescript-language-features/dist/extension.js:1:452599
	at l.fire (/usr/lib/code/out/vs/workbench/services/extensions/node/extensionHostProcess.js:66:1712)
	at m.onLengthData (/usr/lib/code/extensions/typescript-language-features/dist/extension.js:1:463350)
	at Socket.<anonymous> (/usr/lib/code/extensions/typescript-language-features/dist/extension.js:1:462997)
	at Socket.emit (events.js:315:20)
	at addChunk (internal/streams/readable.js:309:12)
	at readableAddChunk (internal/streams/readable.js:284:9)
	at Socket.Readable.push (internal/streams/readable.js:223:10)
	at Pipe.onStreamRead (internal/stream_base_commons.js:188:23)
[2022-01-09 00:36:15.016] [exthost] [error] [vscode.typescript-language-features] provider FAILED
[2022-01-09 00:36:15.016] [exthost] [error] Error: <semantic> TypeScript Server Error (4.4.3)
Debug Failure. Did not expect JsxElement to have an Identifier in its trivia
Error: Debug Failure. Did not expect JsxElement to have an Identifier in its trivia
    at addSyntheticNodes (/usr/lib/code/extensions/node_modules/typescript/lib/tsserver.js:155629:30)
    at processNode (/usr/lib/code/extensions/node_modules/typescript/lib/tsserver.js:155602:13)
    at visitNode (/usr/lib/code/extensions/node_modules/typescript/lib/tsserver.js:29470:24)
    at Object.forEachChild (/usr/lib/code/extensions/node_modules/typescript/lib/tsserver.js:29881:21)
    at NodeObject.forEachChild (/usr/lib/code/extensions/node_modules/typescript/lib/tsserver.js:155585:23)
    at createChildren (/usr/lib/code/extensions/node_modules/typescript/lib/tsserver.js:155617:14)
    at NodeObject.getChildren (/usr/lib/code/extensions/node_modules/typescript/lib/tsserver.js:155562:56)
    at getTokenAtPositionWorker (/usr/lib/code/extensions/node_modules/typescript/lib/tsserver.js:121524:43)
    at Object.getTokenAtPosition (/usr/lib/code/extensions/node_modules/typescript/lib/tsserver.js:121516:16)
    at getInfo (/usr/lib/code/extensions/node_modules/typescript/lib/tsserver.js:150765:28)
    at Object.getAvailableActions (/usr/lib/code/extensions/node_modules/typescript/lib/tsserver.js:150735:28)
    at /usr/lib/code/extensions/node_modules/typescript/lib/tsserver.js:142780:30
    at getIterator (/usr/lib/code/extensions/node_modules/typescript/lib/tsserver.js:573:23)
    at Object.flatMapIterator (/usr/lib/code/extensions/node_modules/typescript/lib/tsserver.js:556:27)
    at Object.getApplicableRefactors (/usr/lib/code/extensions/node_modules/typescript/lib/tsserver.js:142776:36)
    at Proxy.getApplicableRefactors (/usr/lib/code/extensions/node_modules/typescript/lib/tsserver.js:157560:32)
    at IOSession.Session.getApplicableRefactors (/usr/lib/code/extensions/node_modules/typescript/lib/tsserver.js:168512:53)
    at Session.handlers.ts.Map.ts.getEntries._a.<computed> (/usr/lib/code/extensions/node_modules/typescript/lib/tsserver.js:167223:61)
    at /usr/lib/code/extensions/node_modules/typescript/lib/tsserver.js:168880:88
    at IOSession.Session.executeWithRequestId (/usr/lib/code/extensions/node_modules/typescript/lib/tsserver.js:168871:28)
    at IOSession.Session.executeCommand (/usr/lib/code/extensions/node_modules/typescript/lib/tsserver.js:168880:33)
    at IOSession.Session.onMessage (/usr/lib/code/extensions/node_modules/typescript/lib/tsserver.js:168906:35)
    at Interface.<anonymous> (/usr/lib/code/extensions/node_modules/typescript/lib/tsserver.js:171511:31)
    at Interface.emit (events.js:315:20)
    at Interface._onLine (readline.js:337:10)
    at Interface._normalWrite (readline.js:482:12)
    at Socket.ondata (readline.js:194:10)
    at Socket.emit (events.js:315:20)
    at addChunk (internal/streams/readable.js:309:12)
    at readableAddChunk (internal/streams/readable.js:284:9)
    at Socket.Readable.push (internal/streams/readable.js:223:10)
    at Pipe.onStreamRead (internal/stream_base_commons.js:188:23)
	at Function.create (/usr/lib/code/extensions/typescript-language-features/dist/extension.js:1:460421)
	at dispatchResponse (/usr/lib/code/extensions/typescript-language-features/dist/extension.js:1:454257)
	at dispatchMessage (/usr/lib/code/extensions/typescript-language-features/dist/extension.js:1:453114)
	at /usr/lib/code/extensions/typescript-language-features/dist/extension.js:1:452599
	at l.fire (/usr/lib/code/out/vs/workbench/services/extensions/node/extensionHostProcess.js:66:1712)
	at m.onLengthData (/usr/lib/code/extensions/typescript-language-features/dist/extension.js:1:463350)
	at Socket.<anonymous> (/usr/lib/code/extensions/typescript-language-features/dist/extension.js:1:462997)
	at Socket.emit (events.js:315:20)
	at addChunk (internal/streams/readable.js:309:12)
	at readableAddChunk (internal/streams/readable.js:284:9)
	at Socket.Readable.push (internal/streams/readable.js:223:10)
	at Pipe.onStreamRead (internal/stream_base_commons.js:188:23)
[2022-01-09 00:36:16.725] [exthost] [error] [vscode.typescript-language-features] provider FAILED
[2022-01-09 00:36:16.725] [exthost] [error] Error: <semantic> TypeScript Server Error (4.4.3)
Debug Failure. Did not expect JsxElement to have an Identifier in its trivia
Error: Debug Failure. Did not expect JsxElement to have an Identifier in its trivia
    at addSyntheticNodes (/usr/lib/code/extensions/node_modules/typescript/lib/tsserver.js:155629:30)
    at processNode (/usr/lib/code/extensions/node_modules/typescript/lib/tsserver.js:155602:13)
    at visitNode (/usr/lib/code/extensions/node_modules/typescript/lib/tsserver.js:29470:24)
    at Object.forEachChild (/usr/lib/code/extensions/node_modules/typescript/lib/tsserver.js:29881:21)
    at NodeObject.forEachChild (/usr/lib/code/extensions/node_modules/typescript/lib/tsserver.js:155585:23)
    at createChildren (/usr/lib/code/extensions/node_modules/typescript/lib/tsserver.js:155617:14)
    at NodeObject.getChildren (/usr/lib/code/extensions/node_modules/typescript/lib/tsserver.js:155562:56)
    at getTokenAtPositionWorker (/usr/lib/code/extensions/node_modules/typescript/lib/tsserver.js:121524:43)
    at getTouchingToken (/usr/lib/code/extensions/node_modules/typescript/lib/tsserver.js:121511:16)
    at Object.getTouchingPropertyName (/usr/lib/code/extensions/node_modules/typescript/lib/tsserver.js:121503:16)
    at Object.getDocumentHighlights (/usr/lib/code/extensions/node_modules/typescript/lib/tsserver.js:128567:27)
    at Proxy.getDocumentHighlights (/usr/lib/code/extensions/node_modules/typescript/lib/tsserver.js:156894:42)
    at IOSession.Session.getDocumentHighlights (/usr/lib/code/extensions/node_modules/typescript/lib/tsserver.js:167883:71)
    at Session.handlers.ts.Map.ts.getEntries._a.<computed> (/usr/lib/code/extensions/node_modules/typescript/lib/tsserver.js:167185:61)
    at /usr/lib/code/extensions/node_modules/typescript/lib/tsserver.js:168880:88
    at IOSession.Session.executeWithRequestId (/usr/lib/code/extensions/node_modules/typescript/lib/tsserver.js:168871:28)
    at IOSession.Session.executeCommand (/usr/lib/code/extensions/node_modules/typescript/lib/tsserver.js:168880:33)
    at IOSession.Session.onMessage (/usr/lib/code/extensions/node_modules/typescript/lib/tsserver.js:168906:35)
    at Interface.<anonymous> (/usr/lib/code/extensions/node_modules/typescript/lib/tsserver.js:171511:31)
    at Interface.emit (events.js:315:20)
    at Interface._onLine (readline.js:337:10)
    at Interface._normalWrite (readline.js:482:12)
    at Socket.ondata (readline.js:194:10)
    at Socket.emit (events.js:315:20)
    at addChunk (internal/streams/readable.js:309:12)
    at readableAddChunk (internal/streams/readable.js:284:9)
    at Socket.Readable.push (internal/streams/readable.js:223:10)
    at Pipe.onStreamRead (internal/stream_base_commons.js:188:23)
	at Function.create (/usr/lib/code/extensions/typescript-language-features/dist/extension.js:1:460421)
	at dispatchResponse (/usr/lib/code/extensions/typescript-language-features/dist/extension.js:1:454257)
	at dispatchMessage (/usr/lib/code/extensions/typescript-language-features/dist/extension.js:1:453114)
	at /usr/lib/code/extensions/typescript-language-features/dist/extension.js:1:452599
	at l.fire (/usr/lib/code/out/vs/workbench/services/extensions/node/extensionHostProcess.js:66:1712)
	at m.onLengthData (/usr/lib/code/extensions/typescript-language-features/dist/extension.js:1:463350)
	at Socket.<anonymous> (/usr/lib/code/extensions/typescript-language-features/dist/extension.js:1:462997)
	at Socket.emit (events.js:315:20)
	at addChunk (internal/streams/readable.js:309:12)
	at readableAddChunk (internal/streams/readable.js:284:9)
	at Socket.Readable.push (internal/streams/readable.js:223:10)
	at Pipe.onStreamRead (internal/stream_base_commons.js:188:23)
[2022-01-09 00:36:16.727] [exthost] [error] [vscode.typescript-language-features] provider FAILED
[2022-01-09 00:36:16.727] [exthost] [error] Error: <semantic> TypeScript Server Error (4.4.3)
Debug Failure. Did not expect JsxElement to have an Identifier in its trivia
Error: Debug Failure. Did not expect JsxElement to have an Identifier in its trivia
    at addSyntheticNodes (/usr/lib/code/extensions/node_modules/typescript/lib/tsserver.js:155629:30)
    at processNode (/usr/lib/code/extensions/node_modules/typescript/lib/tsserver.js:155602:13)
    at visitNode (/usr/lib/code/extensions/node_modules/typescript/lib/tsserver.js:29470:24)
    at Object.forEachChild (/usr/lib/code/extensions/node_modules/typescript/lib/tsserver.js:29881:21)
    at NodeObject.forEachChild (/usr/lib/code/extensions/node_modules/typescript/lib/tsserver.js:155585:23)
    at createChildren (/usr/lib/code/extensions/node_modules/typescript/lib/tsserver.js:155617:14)
    at NodeObject.getChildren (/usr/lib/code/extensions/node_modules/typescript/lib/tsserver.js:155562:56)
    at getTokenAtPositionWorker (/usr/lib/code/extensions/node_modules/typescript/lib/tsserver.js:121524:43)
    at Object.getTokenAtPosition (/usr/lib/code/extensions/node_modules/typescript/lib/tsserver.js:121516:16)
    at getInfo (/usr/lib/code/extensions/node_modules/typescript/lib/tsserver.js:150765:28)
    at Object.getAvailableActions (/usr/lib/code/extensions/node_modules/typescript/lib/tsserver.js:150735:28)
    at /usr/lib/code/extensions/node_modules/typescript/lib/tsserver.js:142780:30
    at getIterator (/usr/lib/code/extensions/node_modules/typescript/lib/tsserver.js:573:23)
    at Object.flatMapIterator (/usr/lib/code/extensions/node_modules/typescript/lib/tsserver.js:556:27)
    at Object.getApplicableRefactors (/usr/lib/code/extensions/node_modules/typescript/lib/tsserver.js:142776:36)
    at Proxy.getApplicableRefactors (/usr/lib/code/extensions/node_modules/typescript/lib/tsserver.js:157560:32)
    at IOSession.Session.getApplicableRefactors (/usr/lib/code/extensions/node_modules/typescript/lib/tsserver.js:168512:53)
    at Session.handlers.ts.Map.ts.getEntries._a.<computed> (/usr/lib/code/extensions/node_modules/typescript/lib/tsserver.js:167223:61)
    at /usr/lib/code/extensions/node_modules/typescript/lib/tsserver.js:168880:88
    at IOSession.Session.executeWithRequestId (/usr/lib/code/extensions/node_modules/typescript/lib/tsserver.js:168871:28)
    at IOSession.Session.executeCommand (/usr/lib/code/extensions/node_modules/typescript/lib/tsserver.js:168880:33)
    at IOSession.Session.onMessage (/usr/lib/code/extensions/node_modules/typescript/lib/tsserver.js:168906:35)
    at Interface.<anonymous> (/usr/lib/code/extensions/node_modules/typescript/lib/tsserver.js:171511:31)
    at Interface.emit (events.js:315:20)
    at Interface._onLine (readline.js:337:10)
    at Interface._normalWrite (readline.js:482:12)
    at Socket.ondata (readline.js:194:10)
    at Socket.emit (events.js:315:20)
    at addChunk (internal/streams/readable.js:309:12)
    at readableAddChunk (internal/streams/readable.js:284:9)
    at Socket.Readable.push (internal/streams/readable.js:223:10)
    at Pipe.onStreamRead (internal/stream_base_commons.js:188:23)
	at Function.create (/usr/lib/code/extensions/typescript-language-features/dist/extension.js:1:460421)
	at dispatchResponse (/usr/lib/code/extensions/typescript-language-features/dist/extension.js:1:454257)
	at dispatchMessage (/usr/lib/code/extensions/typescript-language-features/dist/extension.js:1:453114)
	at /usr/lib/code/extensions/typescript-language-features/dist/extension.js:1:452599
	at l.fire (/usr/lib/code/out/vs/workbench/services/extensions/node/extensionHostProcess.js:66:1712)
	at m.onLengthData (/usr/lib/code/extensions/typescript-language-features/dist/extension.js:1:463350)
	at Socket.<anonymous> (/usr/lib/code/extensions/typescript-language-features/dist/extension.js:1:462997)
	at Socket.emit (events.js:315:20)
	at addChunk (internal/streams/readable.js:309:12)
	at readableAddChunk (internal/streams/readable.js:284:9)
	at Socket.Readable.push (internal/streams/readable.js:223:10)
	at Pipe.onStreamRead (internal/stream_base_commons.js:188:23)
[2022-01-09 00:36:18.319] [exthost] [error] [vscode.typescript-language-features] provider FAILED
[2022-01-09 00:36:18.319] [exthost] [error] Error: <semantic> TypeScript Server Error (4.4.3)
Debug Failure. Did not expect JsxElement to have an Identifier in its trivia
Error: Debug Failure. Did not expect JsxElement to have an Identifier in its trivia
    at addSyntheticNodes (/usr/lib/code/extensions/node_modules/typescript/lib/tsserver.js:155629:30)
    at processNode (/usr/lib/code/extensions/node_modules/typescript/lib/tsserver.js:155602:13)
    at visitNode (/usr/lib/code/extensions/node_modules/typescript/lib/tsserver.js:29470:24)
    at Object.forEachChild (/usr/lib/code/extensions/node_modules/typescript/lib/tsserver.js:29881:21)
    at NodeObject.forEachChild (/usr/lib/code/extensions/node_modules/typescript/lib/tsserver.js:155585:23)
    at createChildren (/usr/lib/code/extensions/node_modules/typescript/lib/tsserver.js:155617:14)
    at NodeObject.getChildren (/usr/lib/code/extensions/node_modules/typescript/lib/tsserver.js:155562:56)
    at getTokenAtPositionWorker (/usr/lib/code/extensions/node_modules/typescript/lib/tsserver.js:121524:43)
    at getTouchingToken (/usr/lib/code/extensions/node_modules/typescript/lib/tsserver.js:121511:16)
    at Object.getTouchingPropertyName (/usr/lib/code/extensions/node_modules/typescript/lib/tsserver.js:121503:16)
    at Object.getDocumentHighlights (/usr/lib/code/extensions/node_modules/typescript/lib/tsserver.js:128567:27)
    at Proxy.getDocumentHighlights (/usr/lib/code/extensions/node_modules/typescript/lib/tsserver.js:156894:42)
    at IOSession.Session.getDocumentHighlights (/usr/lib/code/extensions/node_modules/typescript/lib/tsserver.js:167883:71)
    at Session.handlers.ts.Map.ts.getEntries._a.<computed> (/usr/lib/code/extensions/node_modules/typescript/lib/tsserver.js:167185:61)
    at /usr/lib/code/extensions/node_modules/typescript/lib/tsserver.js:168880:88
    at IOSession.Session.executeWithRequestId (/usr/lib/code/extensions/node_modules/typescript/lib/tsserver.js:168871:28)
    at IOSession.Session.executeCommand (/usr/lib/code/extensions/node_modules/typescript/lib/tsserver.js:168880:33)
    at IOSession.Session.onMessage (/usr/lib/code/extensions/node_modules/typescript/lib/tsserver.js:168906:35)
    at Interface.<anonymous> (/usr/lib/code/extensions/node_modules/typescript/lib/tsserver.js:171511:31)
    at Interface.emit (events.js:315:20)
    at Interface._onLine (readline.js:337:10)
    at Interface._normalWrite (readline.js:482:12)
    at Socket.ondata (readline.js:194:10)
    at Socket.emit (events.js:315:20)
    at addChunk (internal/streams/readable.js:309:12)
    at readableAddChunk (internal/streams/readable.js:284:9)
    at Socket.Readable.push (internal/streams/readable.js:223:10)
    at Pipe.onStreamRead (internal/stream_base_commons.js:188:23)
	at Function.create (/usr/lib/code/extensions/typescript-language-features/dist/extension.js:1:460421)
	at dispatchResponse (/usr/lib/code/extensions/typescript-language-features/dist/extension.js:1:454257)
	at dispatchMessage (/usr/lib/code/extensions/typescript-language-features/dist/extension.js:1:453114)
	at /usr/lib/code/extensions/typescript-language-features/dist/extension.js:1:452599
	at l.fire (/usr/lib/code/out/vs/workbench/services/extensions/node/extensionHostProcess.js:66:1712)
	at m.onLengthData (/usr/lib/code/extensions/typescript-language-features/dist/extension.js:1:463350)
	at Socket.<anonymous> (/usr/lib/code/extensions/typescript-language-features/dist/extension.js:1:462997)
	at Socket.emit (events.js:315:20)
	at addChunk (internal/streams/readable.js:309:12)
	at readableAddChunk (internal/streams/readable.js:284:9)
	at Socket.Readable.push (internal/streams/readable.js:223:10)
	at Pipe.onStreamRead (internal/stream_base_commons.js:188:23)
[2022-01-09 00:36:18.321] [exthost] [error] [vscode.typescript-language-features] provider FAILED
[2022-01-09 00:36:18.322] [exthost] [error] Error: <semantic> TypeScript Server Error (4.4.3)
Debug Failure. Did not expect JsxElement to have an Identifier in its trivia
Error: Debug Failure. Did not expect JsxElement to have an Identifier in its trivia
    at addSyntheticNodes (/usr/lib/code/extensions/node_modules/typescript/lib/tsserver.js:155629:30)
    at processNode (/usr/lib/code/extensions/node_modules/typescript/lib/tsserver.js:155602:13)
    at visitNode (/usr/lib/code/extensions/node_modules/typescript/lib/tsserver.js:29470:24)
    at Object.forEachChild (/usr/lib/code/extensions/node_modules/typescript/lib/tsserver.js:29881:21)
    at NodeObject.forEachChild (/usr/lib/code/extensions/node_modules/typescript/lib/tsserver.js:155585:23)
    at createChildren (/usr/lib/code/extensions/node_modules/typescript/lib/tsserver.js:155617:14)
    at NodeObject.getChildren (/usr/lib/code/extensions/node_modules/typescript/lib/tsserver.js:155562:56)
    at getTokenAtPositionWorker (/usr/lib/code/extensions/node_modules/typescript/lib/tsserver.js:121524:43)
    at Object.getTokenAtPosition (/usr/lib/code/extensions/node_modules/typescript/lib/tsserver.js:121516:16)
    at getInfo (/usr/lib/code/extensions/node_modules/typescript/lib/tsserver.js:150765:28)
    at Object.getAvailableActions (/usr/lib/code/extensions/node_modules/typescript/lib/tsserver.js:150735:28)
    at /usr/lib/code/extensions/node_modules/typescript/lib/tsserver.js:142780:30
    at getIterator (/usr/lib/code/extensions/node_modules/typescript/lib/tsserver.js:573:23)
    at Object.flatMapIterator (/usr/lib/code/extensions/node_modules/typescript/lib/tsserver.js:556:27)
    at Object.getApplicableRefactors (/usr/lib/code/extensions/node_modules/typescript/lib/tsserver.js:142776:36)
    at Proxy.getApplicableRefactors (/usr/lib/code/extensions/node_modules/typescript/lib/tsserver.js:157560:32)
    at IOSession.Session.getApplicableRefactors (/usr/lib/code/extensions/node_modules/typescript/lib/tsserver.js:168512:53)
    at Session.handlers.ts.Map.ts.getEntries._a.<computed> (/usr/lib/code/extensions/node_modules/typescript/lib/tsserver.js:167223:61)
    at /usr/lib/code/extensions/node_modules/typescript/lib/tsserver.js:168880:88
    at IOSession.Session.executeWithRequestId (/usr/lib/code/extensions/node_modules/typescript/lib/tsserver.js:168871:28)
    at IOSession.Session.executeCommand (/usr/lib/code/extensions/node_modules/typescript/lib/tsserver.js:168880:33)
    at IOSession.Session.onMessage (/usr/lib/code/extensions/node_modules/typescript/lib/tsserver.js:168906:35)
    at Interface.<anonymous> (/usr/lib/code/extensions/node_modules/typescript/lib/tsserver.js:171511:31)
    at Interface.emit (events.js:315:20)
    at Interface._onLine (readline.js:337:10)
    at Interface._normalWrite (readline.js:482:12)
    at Socket.ondata (readline.js:194:10)
    at Socket.emit (events.js:315:20)
    at addChunk (internal/streams/readable.js:309:12)
    at readableAddChunk (internal/streams/readable.js:284:9)
    at Socket.Readable.push (internal/streams/readable.js:223:10)
    at Pipe.onStreamRead (internal/stream_base_commons.js:188:23)
	at Function.create (/usr/lib/code/extensions/typescript-language-features/dist/extension.js:1:460421)
	at dispatchResponse (/usr/lib/code/extensions/typescript-language-features/dist/extension.js:1:454257)
	at dispatchMessage (/usr/lib/code/extensions/typescript-language-features/dist/extension.js:1:453114)
	at /usr/lib/code/extensions/typescript-language-features/dist/extension.js:1:452599
	at l.fire (/usr/lib/code/out/vs/workbench/services/extensions/node/extensionHostProcess.js:66:1712)
	at m.onLengthData (/usr/lib/code/extensions/typescript-language-features/dist/extension.js:1:463350)
	at Socket.<anonymous> (/usr/lib/code/extensions/typescript-language-features/dist/extension.js:1:462997)
	at Socket.emit (events.js:315:20)
	at addChunk (internal/streams/readable.js:309:12)
	at readableAddChunk (internal/streams/readable.js:284:9)
	at Socket.Readable.push (internal/streams/readable.js:223:10)
	at Pipe.onStreamRead (internal/stream_base_commons.js:188:23)
[2022-01-09 00:36:18.467] [exthost] [error] [vscode.typescript-language-features] provider FAILED
[2022-01-09 00:36:18.467] [exthost] [error] Error: <semantic> TypeScript Server Error (4.4.3)
Debug Failure. Did not expect JsxElement to have an Identifier in its trivia
Error: Debug Failure. Did not expect JsxElement to have an Identifier in its trivia
    at addSyntheticNodes (/usr/lib/code/extensions/node_modules/typescript/lib/tsserver.js:155629:30)
    at processNode (/usr/lib/code/extensions/node_modules/typescript/lib/tsserver.js:155602:13)
    at visitNode (/usr/lib/code/extensions/node_modules/typescript/lib/tsserver.js:29470:24)
    at Object.forEachChild (/usr/lib/code/extensions/node_modules/typescript/lib/tsserver.js:29881:21)
    at NodeObject.forEachChild (/usr/lib/code/extensions/node_modules/typescript/lib/tsserver.js:155585:23)
    at createChildren (/usr/lib/code/extensions/node_modules/typescript/lib/tsserver.js:155617:14)
    at NodeObject.getChildren (/usr/lib/code/extensions/node_modules/typescript/lib/tsserver.js:155562:56)
    at getTokenAtPositionWorker (/usr/lib/code/extensions/node_modules/typescript/lib/tsserver.js:121524:43)
    at Object.getTokenAtPosition (/usr/lib/code/extensions/node_modules/typescript/lib/tsserver.js:121516:16)
    at getInfo (/usr/lib/code/extensions/node_modules/typescript/lib/tsserver.js:150765:28)
    at Object.getAvailableActions (/usr/lib/code/extensions/node_modules/typescript/lib/tsserver.js:150735:28)
    at /usr/lib/code/extensions/node_modules/typescript/lib/tsserver.js:142780:30
    at getIterator (/usr/lib/code/extensions/node_modules/typescript/lib/tsserver.js:573:23)
    at Object.flatMapIterator (/usr/lib/code/extensions/node_modules/typescript/lib/tsserver.js:556:27)
    at Object.getApplicableRefactors (/usr/lib/code/extensions/node_modules/typescript/lib/tsserver.js:142776:36)
    at Proxy.getApplicableRefactors (/usr/lib/code/extensions/node_modules/typescript/lib/tsserver.js:157560:32)
    at IOSession.Session.getApplicableRefactors (/usr/lib/code/extensions/node_modules/typescript/lib/tsserver.js:168512:53)
    at Session.handlers.ts.Map.ts.getEntries._a.<computed> (/usr/lib/code/extensions/node_modules/typescript/lib/tsserver.js:167223:61)
    at /usr/lib/code/extensions/node_modules/typescript/lib/tsserver.js:168880:88
    at IOSession.Session.executeWithRequestId (/usr/lib/code/extensions/node_modules/typescript/lib/tsserver.js:168871:28)
    at IOSession.Session.executeCommand (/usr/lib/code/extensions/node_modules/typescript/lib/tsserver.js:168880:33)
    at IOSession.Session.onMessage (/usr/lib/code/extensions/node_modules/typescript/lib/tsserver.js:168906:35)
    at Interface.<anonymous> (/usr/lib/code/extensions/node_modules/typescript/lib/tsserver.js:171511:31)
    at Interface.emit (events.js:315:20)
    at Interface._onLine (readline.js:337:10)
    at Interface._normalWrite (readline.js:482:12)
    at Socket.ondata (readline.js:194:10)
    at Socket.emit (events.js:315:20)
    at addChunk (internal/streams/readable.js:309:12)
    at readableAddChunk (internal/streams/readable.js:284:9)
    at Socket.Readable.push (internal/streams/readable.js:223:10)
    at Pipe.onStreamRead (internal/stream_base_commons.js:188:23)
	at Function.create (/usr/lib/code/extensions/typescript-language-features/dist/extension.js:1:460421)
	at dispatchResponse (/usr/lib/code/extensions/typescript-language-features/dist/extension.js:1:454257)
	at dispatchMessage (/usr/lib/code/extensions/typescript-language-features/dist/extension.js:1:453114)
	at /usr/lib/code/extensions/typescript-language-features/dist/extension.js:1:452599
	at l.fire (/usr/lib/code/out/vs/workbench/services/extensions/node/extensionHostProcess.js:66:1712)
	at m.onLengthData (/usr/lib/code/extensions/typescript-language-features/dist/extension.js:1:463350)
	at Socket.<anonymous> (/usr/lib/code/extensions/typescript-language-features/dist/extension.js:1:462997)
	at Socket.emit (events.js:315:20)
	at addChunk (internal/streams/readable.js:309:12)
	at readableAddChunk (internal/streams/readable.js:284:9)
	at Socket.Readable.push (internal/streams/readable.js:223:10)
	at Pipe.onStreamRead (internal/stream_base_commons.js:188:23)
[2022-01-09 00:36:19.456] [exthost] [error] [vscode.typescript-language-features] provider FAILED
[2022-01-09 00:36:19.456] [exthost] [error] Error: <semantic> TypeScript Server Error (4.4.3)
Debug Failure. Did not expect JsxElement to have an Identifier in its trivia
Error: Debug Failure. Did not expect JsxElement to have an Identifier in its trivia
    at addSyntheticNodes (/usr/lib/code/extensions/node_modules/typescript/lib/tsserver.js:155629:30)
    at processNode (/usr/lib/code/extensions/node_modules/typescript/lib/tsserver.js:155602:13)
    at visitNode (/usr/lib/code/extensions/node_modules/typescript/lib/tsserver.js:29470:24)
    at Object.forEachChild (/usr/lib/code/extensions/node_modules/typescript/lib/tsserver.js:29881:21)
    at NodeObject.forEachChild (/usr/lib/code/extensions/node_modules/typescript/lib/tsserver.js:155585:23)
    at createChildren (/usr/lib/code/extensions/node_modules/typescript/lib/tsserver.js:155617:14)
    at NodeObject.getChildren (/usr/lib/code/extensions/node_modules/typescript/lib/tsserver.js:155562:56)
    at getTokenAtPositionWorker (/usr/lib/code/extensions/node_modules/typescript/lib/tsserver.js:121524:43)
    at Object.getTokenAtPosition (/usr/lib/code/extensions/node_modules/typescript/lib/tsserver.js:121516:16)
    at getInfo (/usr/lib/code/extensions/node_modules/typescript/lib/tsserver.js:150765:28)
    at Object.getAvailableActions (/usr/lib/code/extensions/node_modules/typescript/lib/tsserver.js:150735:28)
    at /usr/lib/code/extensions/node_modules/typescript/lib/tsserver.js:142780:30
    at getIterator (/usr/lib/code/extensions/node_modules/typescript/lib/tsserver.js:573:23)
    at Object.flatMapIterator (/usr/lib/code/extensions/node_modules/typescript/lib/tsserver.js:556:27)
    at Object.getApplicableRefactors (/usr/lib/code/extensions/node_modules/typescript/lib/tsserver.js:142776:36)
    at Proxy.getApplicableRefactors (/usr/lib/code/extensions/node_modules/typescript/lib/tsserver.js:157560:32)
    at IOSession.Session.getApplicableRefactors (/usr/lib/code/extensions/node_modules/typescript/lib/tsserver.js:168512:53)
    at Session.handlers.ts.Map.ts.getEntries._a.<computed> (/usr/lib/code/extensions/node_modules/typescript/lib/tsserver.js:167223:61)
    at /usr/lib/code/extensions/node_modules/typescript/lib/tsserver.js:168880:88
    at IOSession.Session.executeWithRequestId (/usr/lib/code/extensions/node_modules/typescript/lib/tsserver.js:168871:28)
    at IOSession.Session.executeCommand (/usr/lib/code/extensions/node_modules/typescript/lib/tsserver.js:168880:33)
    at IOSession.Session.onMessage (/usr/lib/code/extensions/node_modules/typescript/lib/tsserver.js:168906:35)
    at Interface.<anonymous> (/usr/lib/code/extensions/node_modules/typescript/lib/tsserver.js:171511:31)
    at Interface.emit (events.js:315:20)
    at Interface._onLine (readline.js:337:10)
    at Interface._normalWrite (readline.js:482:12)
    at Socket.ondata (readline.js:194:10)
    at Socket.emit (events.js:315:20)
    at addChunk (internal/streams/readable.js:309:12)
    at readableAddChunk (internal/streams/readable.js:284:9)
    at Socket.Readable.push (internal/streams/readable.js:223:10)
    at Pipe.onStreamRead (internal/stream_base_commons.js:188:23)
	at Function.create (/usr/lib/code/extensions/typescript-language-features/dist/extension.js:1:460421)
	at dispatchResponse (/usr/lib/code/extensions/typescript-language-features/dist/extension.js:1:454257)
	at dispatchMessage (/usr/lib/code/extensions/typescript-language-features/dist/extension.js:1:453114)
	at /usr/lib/code/extensions/typescript-language-features/dist/extension.js:1:452599
	at l.fire (/usr/lib/code/out/vs/workbench/services/extensions/node/extensionHostProcess.js:66:1712)
	at m.onLengthData (/usr/lib/code/extensions/typescript-language-features/dist/extension.js:1:463350)
	at Socket.<anonymous> (/usr/lib/code/extensions/typescript-language-features/dist/extension.js:1:462997)
	at Socket.emit (events.js:315:20)
	at addChunk (internal/streams/readable.js:309:12)
	at readableAddChunk (internal/streams/readable.js:284:9)
	at Socket.Readable.push (internal/streams/readable.js:223:10)
	at Pipe.onStreamRead (internal/stream_base_commons.js:188:23)
[2022-01-09 00:36:20.098] [exthost] [error] [vscode.typescript-language-features] provider FAILED
[2022-01-09 00:36:20.098] [exthost] [error] Error: <semantic> TypeScript Server Error (4.4.3)
Debug Failure. Did not expect JsxElement to have an Identifier in its trivia
Error: Debug Failure. Did not expect JsxElement to have an Identifier in its trivia
    at addSyntheticNodes (/usr/lib/code/extensions/node_modules/typescript/lib/tsserver.js:155629:30)
    at processNode (/usr/lib/code/extensions/node_modules/typescript/lib/tsserver.js:155602:13)
    at visitNode (/usr/lib/code/extensions/node_modules/typescript/lib/tsserver.js:29470:24)
    at Object.forEachChild (/usr/lib/code/extensions/node_modules/typescript/lib/tsserver.js:29881:21)
    at NodeObject.forEachChild (/usr/lib/code/extensions/node_modules/typescript/lib/tsserver.js:155585:23)
    at createChildren (/usr/lib/code/extensions/node_modules/typescript/lib/tsserver.js:155617:14)
    at NodeObject.getChildren (/usr/lib/code/extensions/node_modules/typescript/lib/tsserver.js:155562:56)
    at getTokenAtPositionWorker (/usr/lib/code/extensions/node_modules/typescript/lib/tsserver.js:121524:43)
    at Object.getTokenAtPosition (/usr/lib/code/extensions/node_modules/typescript/lib/tsserver.js:121516:16)
    at getInfo (/usr/lib/code/extensions/node_modules/typescript/lib/tsserver.js:150765:28)
    at Object.getAvailableActions (/usr/lib/code/extensions/node_modules/typescript/lib/tsserver.js:150735:28)
    at /usr/lib/code/extensions/node_modules/typescript/lib/tsserver.js:142780:30
    at getIterator (/usr/lib/code/extensions/node_modules/typescript/lib/tsserver.js:573:23)
    at Object.flatMapIterator (/usr/lib/code/extensions/node_modules/typescript/lib/tsserver.js:556:27)
    at Object.getApplicableRefactors (/usr/lib/code/extensions/node_modules/typescript/lib/tsserver.js:142776:36)
    at Proxy.getApplicableRefactors (/usr/lib/code/extensions/node_modules/typescript/lib/tsserver.js:157560:32)
    at IOSession.Session.getApplicableRefactors (/usr/lib/code/extensions/node_modules/typescript/lib/tsserver.js:168512:53)
    at Session.handlers.ts.Map.ts.getEntries._a.<computed> (/usr/lib/code/extensions/node_modules/typescript/lib/tsserver.js:167223:61)
    at /usr/lib/code/extensions/node_modules/typescript/lib/tsserver.js:168880:88
    at IOSession.Session.executeWithRequestId (/usr/lib/code/extensions/node_modules/typescript/lib/tsserver.js:168871:28)
    at IOSession.Session.executeCommand (/usr/lib/code/extensions/node_modules/typescript/lib/tsserver.js:168880:33)
    at IOSession.Session.onMessage (/usr/lib/code/extensions/node_modules/typescript/lib/tsserver.js:168906:35)
    at Interface.<anonymous> (/usr/lib/code/extensions/node_modules/typescript/lib/tsserver.js:171511:31)
    at Interface.emit (events.js:315:20)
    at Interface._onLine (readline.js:337:10)
    at Interface._normalWrite (readline.js:482:12)
    at Socket.ondata (readline.js:194:10)
    at Socket.emit (events.js:315:20)
    at addChunk (internal/streams/readable.js:309:12)
    at readableAddChunk (internal/streams/readable.js:284:9)
    at Socket.Readable.push (internal/streams/readable.js:223:10)
    at Pipe.onStreamRead (internal/stream_base_commons.js:188:23)
	at Function.create (/usr/lib/code/extensions/typescript-language-features/dist/extension.js:1:460421)
	at dispatchResponse (/usr/lib/code/extensions/typescript-language-features/dist/extension.js:1:454257)
	at dispatchMessage (/usr/lib/code/extensions/typescript-language-features/dist/extension.js:1:453114)
	at /usr/lib/code/extensions/typescript-language-features/dist/extension.js:1:452599
	at l.fire (/usr/lib/code/out/vs/workbench/services/extensions/node/extensionHostProcess.js:66:1712)
	at m.onLengthData (/usr/lib/code/extensions/typescript-language-features/dist/extension.js:1:463350)
	at Socket.<anonymous> (/usr/lib/code/extensions/typescript-language-features/dist/extension.js:1:462997)
	at Socket.emit (events.js:315:20)
	at addChunk (internal/streams/readable.js:309:12)
	at readableAddChunk (internal/streams/readable.js:284:9)
	at Socket.Readable.push (internal/streams/readable.js:223:10)
	at Pipe.onStreamRead (internal/stream_base_commons.js:188:23)
[2022-01-09 00:36:20.756] [exthost] [error] [vscode.typescript-language-features] provider FAILED
[2022-01-09 00:36:20.756] [exthost] [error] Error: <semantic> TypeScript Server Error (4.4.3)
Debug Failure. Did not expect JsxElement to have an Identifier in its trivia
Error: Debug Failure. Did not expect JsxElement to have an Identifier in its trivia
    at addSyntheticNodes (/usr/lib/code/extensions/node_modules/typescript/lib/tsserver.js:155629:30)
    at processNode (/usr/lib/code/extensions/node_modules/typescript/lib/tsserver.js:155602:13)
    at visitNode (/usr/lib/code/extensions/node_modules/typescript/lib/tsserver.js:29470:24)
    at Object.forEachChild (/usr/lib/code/extensions/node_modules/typescript/lib/tsserver.js:29881:21)
    at NodeObject.forEachChild (/usr/lib/code/extensions/node_modules/typescript/lib/tsserver.js:155585:23)
    at createChildren (/usr/lib/code/extensions/node_modules/typescript/lib/tsserver.js:155617:14)
    at NodeObject.getChildren (/usr/lib/code/extensions/node_modules/typescript/lib/tsserver.js:155562:56)
    at find (/usr/lib/code/extensions/node_modules/typescript/lib/tsserver.js:121609:30)
    at find (/usr/lib/code/extensions/node_modules/typescript/lib/tsserver.js:121643:32)
    at find (/usr/lib/code/extensions/node_modules/typescript/lib/tsserver.js:121643:32)
    at find (/usr/lib/code/extensions/node_modules/typescript/lib/tsserver.js:121643:32)
    at find (/usr/lib/code/extensions/node_modules/typescript/lib/tsserver.js:121643:32)
    at find (/usr/lib/code/extensions/node_modules/typescript/lib/tsserver.js:121643:32)
    at find (/usr/lib/code/extensions/node_modules/typescript/lib/tsserver.js:121643:32)
    at find (/usr/lib/code/extensions/node_modules/typescript/lib/tsserver.js:121643:32)
    at Object.findPrecedingToken (/usr/lib/code/extensions/node_modules/typescript/lib/tsserver.js:121602:22)
    at getRelevantTokens (/usr/lib/code/extensions/node_modules/typescript/lib/tsserver.js:128073:36)
    at Object.getCompletionsAtPosition (/usr/lib/code/extensions/node_modules/typescript/lib/tsserver.js:125913:33)
    at Proxy.getCompletionsAtPosition (/usr/lib/code/extensions/node_modules/typescript/lib/tsserver.js:156793:35)
    at IOSession.Session.getCompletions (/usr/lib/code/extensions/node_modules/typescript/lib/tsserver.js:168231:64)
    at Session.handlers.ts.Map.ts.getEntries._a.<computed> (/usr/lib/code/extensions/node_modules/typescript/lib/tsserver.js:167078:61)
    at /usr/lib/code/extensions/node_modules/typescript/lib/tsserver.js:168880:88
    at IOSession.Session.executeWithRequestId (/usr/lib/code/extensions/node_modules/typescript/lib/tsserver.js:168871:28)
    at IOSession.Session.executeCommand (/usr/lib/code/extensions/node_modules/typescript/lib/tsserver.js:168880:33)
    at IOSession.Session.onMessage (/usr/lib/code/extensions/node_modules/typescript/lib/tsserver.js:168906:35)
    at Interface.<anonymous> (/usr/lib/code/extensions/node_modules/typescript/lib/tsserver.js:171511:31)
    at Interface.emit (events.js:315:20)
    at Interface._onLine (readline.js:337:10)
    at Interface._normalWrite (readline.js:482:12)
    at Socket.ondata (readline.js:194:10)
    at Socket.emit (events.js:315:20)
    at addChunk (internal/streams/readable.js:309:12)
    at readableAddChunk (internal/streams/readable.js:284:9)
    at Socket.Readable.push (internal/streams/readable.js:223:10)
    at Pipe.onStreamRead (internal/stream_base_commons.js:188:23)
	at Function.create (/usr/lib/code/extensions/typescript-language-features/dist/extension.js:1:460421)
	at dispatchResponse (/usr/lib/code/extensions/typescript-language-features/dist/extension.js:1:454257)
	at dispatchMessage (/usr/lib/code/extensions/typescript-language-features/dist/extension.js:1:453114)
	at /usr/lib/code/extensions/typescript-language-features/dist/extension.js:1:452599
	at l.fire (/usr/lib/code/out/vs/workbench/services/extensions/node/extensionHostProcess.js:66:1712)
	at m.onLengthData (/usr/lib/code/extensions/typescript-language-features/dist/extension.js:1:463350)
	at Socket.<anonymous> (/usr/lib/code/extensions/typescript-language-features/dist/extension.js:1:462997)
	at Socket.emit (events.js:315:20)
	at addChunk (internal/streams/readable.js:309:12)
	at readableAddChunk (internal/streams/readable.js:284:9)
	at Socket.Readable.push (internal/streams/readable.js:223:10)
	at Pipe.onStreamRead (internal/stream_base_commons.js:188:23)
[2022-01-09 00:36:20.787] [exthost] [error] [vscode.typescript-language-features] provider FAILED
[2022-01-09 00:36:20.787] [exthost] [error] Error: <semantic> TypeScript Server Error (4.4.3)
Debug Failure. Did not expect JsxElement to have an Identifier in its trivia
Error: Debug Failure. Did not expect JsxElement to have an Identifier in its trivia
    at addSyntheticNodes (/usr/lib/code/extensions/node_modules/typescript/lib/tsserver.js:155629:30)
    at processNode (/usr/lib/code/extensions/node_modules/typescript/lib/tsserver.js:155602:13)
    at visitNode (/usr/lib/code/extensions/node_modules/typescript/lib/tsserver.js:29470:24)
    at Object.forEachChild (/usr/lib/code/extensions/node_modules/typescript/lib/tsserver.js:29881:21)
    at NodeObject.forEachChild (/usr/lib/code/extensions/node_modules/typescript/lib/tsserver.js:155585:23)
    at createChildren (/usr/lib/code/extensions/node_modules/typescript/lib/tsserver.js:155617:14)
    at NodeObject.getChildren (/usr/lib/code/extensions/node_modules/typescript/lib/tsserver.js:155562:56)
    at getTokenAtPositionWorker (/usr/lib/code/extensions/node_modules/typescript/lib/tsserver.js:121524:43)
    at getTokenAtPosition (/usr/lib/code/extensions/node_modules/typescript/lib/tsserver.js:121516:16)
    at Object.findTokenOnLeftOfPosition (/usr/lib/code/extensions/node_modules/typescript/lib/tsserver.js:121572:31)
    at Object.getSignatureHelpItems (/usr/lib/code/extensions/node_modules/typescript/lib/tsserver.js:136407:36)
    at Proxy.getSignatureHelpItems (/usr/lib/code/extensions/node_modules/typescript/lib/tsserver.js:156951:37)
    at IOSession.Session.getSignatureHelpItems (/usr/lib/code/extensions/node_modules/typescript/lib/tsserver.js:168316:62)
    at Session.handlers.ts.Map.ts.getEntries._a.<computed> (/usr/lib/code/extensions/node_modules/typescript/lib/tsserver.js:167099:61)
    at /usr/lib/code/extensions/node_modules/typescript/lib/tsserver.js:168880:88
    at IOSession.Session.executeWithRequestId (/usr/lib/code/extensions/node_modules/typescript/lib/tsserver.js:168871:28)
    at IOSession.Session.executeCommand (/usr/lib/code/extensions/node_modules/typescript/lib/tsserver.js:168880:33)
    at IOSession.Session.onMessage (/usr/lib/code/extensions/node_modules/typescript/lib/tsserver.js:168906:35)
    at Interface.<anonymous> (/usr/lib/code/extensions/node_modules/typescript/lib/tsserver.js:171511:31)
    at Interface.emit (events.js:315:20)
    at Interface._onLine (readline.js:337:10)
    at Interface._normalWrite (readline.js:482:12)
    at Socket.ondata (readline.js:194:10)
    at Socket.emit (events.js:315:20)
    at addChunk (internal/streams/readable.js:309:12)
    at readableAddChunk (internal/streams/readable.js:284:9)
    at Socket.Readable.push (internal/streams/readable.js:223:10)
    at Pipe.onStreamRead (internal/stream_base_commons.js:188:23)
	at Function.create (/usr/lib/code/extensions/typescript-language-features/dist/extension.js:1:460421)
	at dispatchResponse (/usr/lib/code/extensions/typescript-language-features/dist/extension.js:1:454257)
	at dispatchMessage (/usr/lib/code/extensions/typescript-language-features/dist/extension.js:1:453114)
	at /usr/lib/code/extensions/typescript-language-features/dist/extension.js:1:452599
	at l.fire (/usr/lib/code/out/vs/workbench/services/extensions/node/extensionHostProcess.js:66:1712)
	at m.onLengthData (/usr/lib/code/extensions/typescript-language-features/dist/extension.js:1:463350)
	at Socket.<anonymous> (/usr/lib/code/extensions/typescript-language-features/dist/extension.js:1:462997)
	at Socket.emit (events.js:315:20)
	at addChunk (internal/streams/readable.js:309:12)
	at readableAddChunk (internal/streams/readable.js:284:9)
	at Socket.Readable.push (internal/streams/readable.js:223:10)
	at Pipe.onStreamRead (internal/stream_base_commons.js:188:23)
[2022-01-09 00:36:20.922] [exthost] [error] [vscode.typescript-language-features] provider FAILED
[2022-01-09 00:36:20.922] [exthost] [error] Error: <semantic> TypeScript Server Error (4.4.3)
Debug Failure. Did not expect JsxElement to have an Identifier in its trivia
Error: Debug Failure. Did not expect JsxElement to have an Identifier in its trivia
    at addSyntheticNodes (/usr/lib/code/extensions/node_modules/typescript/lib/tsserver.js:155629:30)
    at processNode (/usr/lib/code/extensions/node_modules/typescript/lib/tsserver.js:155602:13)
    at visitNode (/usr/lib/code/extensions/node_modules/typescript/lib/tsserver.js:29470:24)
    at Object.forEachChild (/usr/lib/code/extensions/node_modules/typescript/lib/tsserver.js:29881:21)
    at NodeObject.forEachChild (/usr/lib/code/extensions/node_modules/typescript/lib/tsserver.js:155585:23)
    at createChildren (/usr/lib/code/extensions/node_modules/typescript/lib/tsserver.js:155617:14)
    at NodeObject.getChildren (/usr/lib/code/extensions/node_modules/typescript/lib/tsserver.js:155562:56)
    at getTokenAtPositionWorker (/usr/lib/code/extensions/node_modules/typescript/lib/tsserver.js:121524:43)
    at Object.getTokenAtPosition (/usr/lib/code/extensions/node_modules/typescript/lib/tsserver.js:121516:16)
    at getInfo (/usr/lib/code/extensions/node_modules/typescript/lib/tsserver.js:150765:28)
    at Object.getAvailableActions (/usr/lib/code/extensions/node_modules/typescript/lib/tsserver.js:150735:28)
    at /usr/lib/code/extensions/node_modules/typescript/lib/tsserver.js:142780:30
    at getIterator (/usr/lib/code/extensions/node_modules/typescript/lib/tsserver.js:573:23)
    at Object.flatMapIterator (/usr/lib/code/extensions/node_modules/typescript/lib/tsserver.js:556:27)
    at Object.getApplicableRefactors (/usr/lib/code/extensions/node_modules/typescript/lib/tsserver.js:142776:36)
    at Proxy.getApplicableRefactors (/usr/lib/code/extensions/node_modules/typescript/lib/tsserver.js:157560:32)
    at IOSession.Session.getApplicableRefactors (/usr/lib/code/extensions/node_modules/typescript/lib/tsserver.js:168512:53)
    at Session.handlers.ts.Map.ts.getEntries._a.<computed> (/usr/lib/code/extensions/node_modules/typescript/lib/tsserver.js:167223:61)
    at /usr/lib/code/extensions/node_modules/typescript/lib/tsserver.js:168880:88
    at IOSession.Session.executeWithRequestId (/usr/lib/code/extensions/node_modules/typescript/lib/tsserver.js:168871:28)
    at IOSession.Session.executeCommand (/usr/lib/code/extensions/node_modules/typescript/lib/tsserver.js:168880:33)
    at IOSession.Session.onMessage (/usr/lib/code/extensions/node_modules/typescript/lib/tsserver.js:168906:35)
    at Interface.<anonymous> (/usr/lib/code/extensions/node_modules/typescript/lib/tsserver.js:171511:31)
    at Interface.emit (events.js:315:20)
    at Interface._onLine (readline.js:337:10)
    at Interface._normalWrite (readline.js:482:12)
    at Socket.ondata (readline.js:194:10)
    at Socket.emit (events.js:315:20)
    at addChunk (internal/streams/readable.js:309:12)
    at readableAddChunk (internal/streams/readable.js:284:9)
    at Socket.Readable.push (internal/streams/readable.js:223:10)
    at Pipe.onStreamRead (internal/stream_base_commons.js:188:23)
	at Function.create (/usr/lib/code/extensions/typescript-language-features/dist/extension.js:1:460421)
	at dispatchResponse (/usr/lib/code/extensions/typescript-language-features/dist/extension.js:1:454257)
	at dispatchMessage (/usr/lib/code/extensions/typescript-language-features/dist/extension.js:1:453114)
	at /usr/lib/code/extensions/typescript-language-features/dist/extension.js:1:452599
	at l.fire (/usr/lib/code/out/vs/workbench/services/extensions/node/extensionHostProcess.js:66:1712)
	at m.onLengthData (/usr/lib/code/extensions/typescript-language-features/dist/extension.js:1:463350)
	at Socket.<anonymous> (/usr/lib/code/extensions/typescript-language-features/dist/extension.js:1:462997)
	at Socket.emit (events.js:315:20)
	at addChunk (internal/streams/readable.js:309:12)
	at readableAddChunk (internal/streams/readable.js:284:9)
	at Socket.Readable.push (internal/streams/readable.js:223:10)
	at Pipe.onStreamRead (internal/stream_base_commons.js:188:23)
[2022-01-09 01:30:34.363] [exthost] [error] [vscode.typescript-language-features] provider FAILED
[2022-01-09 01:30:34.363] [exthost] [error] Error: DisposableStore is missing...
	at B._convertCompletionItem (/usr/lib/code/out/vs/workbench/services/extensions/node/extensionHostProcess.js:94:182136)
	at B.resolveCompletionItem (/usr/lib/code/out/vs/workbench/services/extensions/node/extensionHostProcess.js:94:181911)
