[2022-01-12 19:44:43.718] [renderer1] [info] Starting extension host with pid 1565.
[2022-01-12 19:44:43.721] [renderer1] [info] [LocalProcessExtensionHost]: IExtensionHostStarter.start() took 24 ms.
[2022-01-12 19:44:44.377] [renderer1] [error] [Extension Host] (node:1565) [DEP0005] DeprecationWarning: Buffer() is deprecated due to security and usability issues. Please use the Buffer.alloc(), Buffer.allocUnsafe(), or Buffer.from() methods instead.
(Use `electron --trace-deprecation ...` to show where the warning was created)
[2022-01-12 19:44:54.070] [renderer1] [error] An unknown error occurred. Please consult the log for more details.
[2022-01-13 00:48:53.067] [renderer1] [error] <semantic> TypeScript Server Error (4.4.3)
Debug Failure. Did not expect JsxElement to have an Identifier in its trivia
Error: Debug Failure. Did not expect JsxElement to have an Identifier in its trivia
    at addSyntheticNodes (/usr/lib/code/extensions/node_modules/typescript/lib/tsserver.js:155629:30)
    at processNode (/usr/lib/code/extensions/node_modules/typescript/lib/tsserver.js:155602:13)
    at visitNode (/usr/lib/code/extensions/node_modules/typescript/lib/tsserver.js:29470:24)
    at Object.forEachChild (/usr/lib/code/extensions/node_modules/typescript/lib/tsserver.js:29881:21)
    at NodeObject.forEachChild (/usr/lib/code/extensions/node_modules/typescript/lib/tsserver.js:155585:23)
    at createChildren (/usr/lib/code/extensions/node_modules/typescript/lib/tsserver.js:155617:14)
    at NodeObject.getChildren (/usr/lib/code/extensions/node_modules/typescript/lib/tsserver.js:155562:56)
    at getTokenAtPositionWorker (/usr/lib/code/extensions/node_modules/typescript/lib/tsserver.js:121524:43)
    at Object.getTokenAtPosition (/usr/lib/code/extensions/node_modules/typescript/lib/tsserver.js:121516:16)
    at getInfo (/usr/lib/code/extensions/node_modules/typescript/lib/tsserver.js:150765:28)
    at Object.getAvailableActions (/usr/lib/code/extensions/node_modules/typescript/lib/tsserver.js:150735:28)
    at /usr/lib/code/extensions/node_modules/typescript/lib/tsserver.js:142780:30
    at getIterator (/usr/lib/code/extensions/node_modules/typescript/lib/tsserver.js:573:23)
    at Object.flatMapIterator (/usr/lib/code/extensions/node_modules/typescript/lib/tsserver.js:556:27)
    at Object.getApplicableRefactors (/usr/lib/code/extensions/node_modules/typescript/lib/tsserver.js:142776:36)
    at Proxy.getApplicableRefactors (/usr/lib/code/extensions/node_modules/typescript/lib/tsserver.js:157560:32)
    at IOSession.Session.getApplicableRefactors (/usr/lib/code/extensions/node_modules/typescript/lib/tsserver.js:168512:53)
    at Session.handlers.ts.Map.ts.getEntries._a.<computed> (/usr/lib/code/extensions/node_modules/typescript/lib/tsserver.js:167223:61)
    at /usr/lib/code/extensions/node_modules/typescript/lib/tsserver.js:168880:88
    at IOSession.Session.executeWithRequestId (/usr/lib/code/extensions/node_modules/typescript/lib/tsserver.js:168871:28)
    at IOSession.Session.executeCommand (/usr/lib/code/extensions/node_modules/typescript/lib/tsserver.js:168880:33)
    at IOSession.Session.onMessage (/usr/lib/code/extensions/node_modules/typescript/lib/tsserver.js:168906:35)
    at Interface.<anonymous> (/usr/lib/code/extensions/node_modules/typescript/lib/tsserver.js:171511:31)
    at Interface.emit (events.js:315:20)
    at Interface._onLine (readline.js:337:10)
    at Interface._normalWrite (readline.js:482:12)
    at Socket.ondata (readline.js:194:10)
    at Socket.emit (events.js:315:20)
    at addChunk (internal/streams/readable.js:309:12)
    at readableAddChunk (internal/streams/readable.js:284:9)
    at Socket.Readable.push (internal/streams/readable.js:223:10)
    at Pipe.onStreamRead (internal/stream_base_commons.js:188:23): Error: <semantic> TypeScript Server Error (4.4.3)
Debug Failure. Did not expect JsxElement to have an Identifier in its trivia
Error: Debug Failure. Did not expect JsxElement to have an Identifier in its trivia
    at addSyntheticNodes (/usr/lib/code/extensions/node_modules/typescript/lib/tsserver.js:155629:30)
    at processNode (/usr/lib/code/extensions/node_modules/typescript/lib/tsserver.js:155602:13)
    at visitNode (/usr/lib/code/extensions/node_modules/typescript/lib/tsserver.js:29470:24)
    at Object.forEachChild (/usr/lib/code/extensions/node_modules/typescript/lib/tsserver.js:29881:21)
    at NodeObject.forEachChild (/usr/lib/code/extensions/node_modules/typescript/lib/tsserver.js:155585:23)
    at createChildren (/usr/lib/code/extensions/node_modules/typescript/lib/tsserver.js:155617:14)
    at NodeObject.getChildren (/usr/lib/code/extensions/node_modules/typescript/lib/tsserver.js:155562:56)
    at getTokenAtPositionWorker (/usr/lib/code/extensions/node_modules/typescript/lib/tsserver.js:121524:43)
    at Object.getTokenAtPosition (/usr/lib/code/extensions/node_modules/typescript/lib/tsserver.js:121516:16)
    at getInfo (/usr/lib/code/extensions/node_modules/typescript/lib/tsserver.js:150765:28)
    at Object.getAvailableActions (/usr/lib/code/extensions/node_modules/typescript/lib/tsserver.js:150735:28)
    at /usr/lib/code/extensions/node_modules/typescript/lib/tsserver.js:142780:30
    at getIterator (/usr/lib/code/extensions/node_modules/typescript/lib/tsserver.js:573:23)
    at Object.flatMapIterator (/usr/lib/code/extensions/node_modules/typescript/lib/tsserver.js:556:27)
    at Object.getApplicableRefactors (/usr/lib/code/extensions/node_modules/typescript/lib/tsserver.js:142776:36)
    at Proxy.getApplicableRefactors (/usr/lib/code/extensions/node_modules/typescript/lib/tsserver.js:157560:32)
    at IOSession.Session.getApplicableRefactors (/usr/lib/code/extensions/node_modules/typescript/lib/tsserver.js:168512:53)
    at Session.handlers.ts.Map.ts.getEntries._a.<computed> (/usr/lib/code/extensions/node_modules/typescript/lib/tsserver.js:167223:61)
    at /usr/lib/code/extensions/node_modules/typescript/lib/tsserver.js:168880:88
    at IOSession.Session.executeWithRequestId (/usr/lib/code/extensions/node_modules/typescript/lib/tsserver.js:168871:28)
    at IOSession.Session.executeCommand (/usr/lib/code/extensions/node_modules/typescript/lib/tsserver.js:168880:33)
    at IOSession.Session.onMessage (/usr/lib/code/extensions/node_modules/typescript/lib/tsserver.js:168906:35)
    at Interface.<anonymous> (/usr/lib/code/extensions/node_modules/typescript/lib/tsserver.js:171511:31)
    at Interface.emit (events.js:315:20)
    at Interface._onLine (readline.js:337:10)
    at Interface._normalWrite (readline.js:482:12)
    at Socket.ondata (readline.js:194:10)
    at Socket.emit (events.js:315:20)
    at addChunk (internal/streams/readable.js:309:12)
    at readableAddChunk (internal/streams/readable.js:284:9)
    at Socket.Readable.push (internal/streams/readable.js:223:10)
    at Pipe.onStreamRead (internal/stream_base_commons.js:188:23)
	at Function.create (/usr/lib/code/extensions/typescript-language-features/dist/extension.js:1:460421)
	at dispatchResponse (/usr/lib/code/extensions/typescript-language-features/dist/extension.js:1:454257)
	at dispatchMessage (/usr/lib/code/extensions/typescript-language-features/dist/extension.js:1:453114)
	at /usr/lib/code/extensions/typescript-language-features/dist/extension.js:1:452599
	at l.fire (/usr/lib/code/out/vs/workbench/services/extensions/node/extensionHostProcess.js:66:1712)
	at m.onLengthData (/usr/lib/code/extensions/typescript-language-features/dist/extension.js:1:463350)
	at Socket.<anonymous> (/usr/lib/code/extensions/typescript-language-features/dist/extension.js:1:462997)
	at Socket.emit (events.js:315:20)
	at addChunk (internal/streams/readable.js:309:12)
	at readableAddChunk (internal/streams/readable.js:284:9)
	at Socket.Readable.push (internal/streams/readable.js:223:10)
	at Pipe.onStreamRead (internal/stream_base_commons.js:188:23)
[2022-01-13 00:48:54.311] [renderer1] [error] <semantic> TypeScript Server Error (4.4.3)
Debug Failure. Did not expect JsxElement to have an Identifier in its trivia
Error: Debug Failure. Did not expect JsxElement to have an Identifier in its trivia
    at addSyntheticNodes (/usr/lib/code/extensions/node_modules/typescript/lib/tsserver.js:155629:30)
    at processNode (/usr/lib/code/extensions/node_modules/typescript/lib/tsserver.js:155602:13)
    at visitNode (/usr/lib/code/extensions/node_modules/typescript/lib/tsserver.js:29470:24)
    at Object.forEachChild (/usr/lib/code/extensions/node_modules/typescript/lib/tsserver.js:29881:21)
    at NodeObject.forEachChild (/usr/lib/code/extensions/node_modules/typescript/lib/tsserver.js:155585:23)
    at createChildren (/usr/lib/code/extensions/node_modules/typescript/lib/tsserver.js:155617:14)
    at NodeObject.getChildren (/usr/lib/code/extensions/node_modules/typescript/lib/tsserver.js:155562:56)
    at getTokenAtPositionWorker (/usr/lib/code/extensions/node_modules/typescript/lib/tsserver.js:121524:43)
    at Object.getTokenAtPosition (/usr/lib/code/extensions/node_modules/typescript/lib/tsserver.js:121516:16)
    at getInfo (/usr/lib/code/extensions/node_modules/typescript/lib/tsserver.js:150765:28)
    at Object.getAvailableActions (/usr/lib/code/extensions/node_modules/typescript/lib/tsserver.js:150735:28)
    at /usr/lib/code/extensions/node_modules/typescript/lib/tsserver.js:142780:30
    at getIterator (/usr/lib/code/extensions/node_modules/typescript/lib/tsserver.js:573:23)
    at Object.flatMapIterator (/usr/lib/code/extensions/node_modules/typescript/lib/tsserver.js:556:27)
    at Object.getApplicableRefactors (/usr/lib/code/extensions/node_modules/typescript/lib/tsserver.js:142776:36)
    at Proxy.getApplicableRefactors (/usr/lib/code/extensions/node_modules/typescript/lib/tsserver.js:157560:32)
    at IOSession.Session.getApplicableRefactors (/usr/lib/code/extensions/node_modules/typescript/lib/tsserver.js:168512:53)
    at Session.handlers.ts.Map.ts.getEntries._a.<computed> (/usr/lib/code/extensions/node_modules/typescript/lib/tsserver.js:167223:61)
    at /usr/lib/code/extensions/node_modules/typescript/lib/tsserver.js:168880:88
    at IOSession.Session.executeWithRequestId (/usr/lib/code/extensions/node_modules/typescript/lib/tsserver.js:168871:28)
    at IOSession.Session.executeCommand (/usr/lib/code/extensions/node_modules/typescript/lib/tsserver.js:168880:33)
    at IOSession.Session.onMessage (/usr/lib/code/extensions/node_modules/typescript/lib/tsserver.js:168906:35)
    at Interface.<anonymous> (/usr/lib/code/extensions/node_modules/typescript/lib/tsserver.js:171511:31)
    at Interface.emit (events.js:315:20)
    at Interface._onLine (readline.js:337:10)
    at Interface._normalWrite (readline.js:482:12)
    at Socket.ondata (readline.js:194:10)
    at Socket.emit (events.js:315:20)
    at addChunk (internal/streams/readable.js:309:12)
    at readableAddChunk (internal/streams/readable.js:284:9)
    at Socket.Readable.push (internal/streams/readable.js:223:10)
    at Pipe.onStreamRead (internal/stream_base_commons.js:188:23): Error: <semantic> TypeScript Server Error (4.4.3)
Debug Failure. Did not expect JsxElement to have an Identifier in its trivia
Error: Debug Failure. Did not expect JsxElement to have an Identifier in its trivia
    at addSyntheticNodes (/usr/lib/code/extensions/node_modules/typescript/lib/tsserver.js:155629:30)
    at processNode (/usr/lib/code/extensions/node_modules/typescript/lib/tsserver.js:155602:13)
    at visitNode (/usr/lib/code/extensions/node_modules/typescript/lib/tsserver.js:29470:24)
    at Object.forEachChild (/usr/lib/code/extensions/node_modules/typescript/lib/tsserver.js:29881:21)
    at NodeObject.forEachChild (/usr/lib/code/extensions/node_modules/typescript/lib/tsserver.js:155585:23)
    at createChildren (/usr/lib/code/extensions/node_modules/typescript/lib/tsserver.js:155617:14)
    at NodeObject.getChildren (/usr/lib/code/extensions/node_modules/typescript/lib/tsserver.js:155562:56)
    at getTokenAtPositionWorker (/usr/lib/code/extensions/node_modules/typescript/lib/tsserver.js:121524:43)
    at Object.getTokenAtPosition (/usr/lib/code/extensions/node_modules/typescript/lib/tsserver.js:121516:16)
    at getInfo (/usr/lib/code/extensions/node_modules/typescript/lib/tsserver.js:150765:28)
    at Object.getAvailableActions (/usr/lib/code/extensions/node_modules/typescript/lib/tsserver.js:150735:28)
    at /usr/lib/code/extensions/node_modules/typescript/lib/tsserver.js:142780:30
    at getIterator (/usr/lib/code/extensions/node_modules/typescript/lib/tsserver.js:573:23)
    at Object.flatMapIterator (/usr/lib/code/extensions/node_modules/typescript/lib/tsserver.js:556:27)
    at Object.getApplicableRefactors (/usr/lib/code/extensions/node_modules/typescript/lib/tsserver.js:142776:36)
    at Proxy.getApplicableRefactors (/usr/lib/code/extensions/node_modules/typescript/lib/tsserver.js:157560:32)
    at IOSession.Session.getApplicableRefactors (/usr/lib/code/extensions/node_modules/typescript/lib/tsserver.js:168512:53)
    at Session.handlers.ts.Map.ts.getEntries._a.<computed> (/usr/lib/code/extensions/node_modules/typescript/lib/tsserver.js:167223:61)
    at /usr/lib/code/extensions/node_modules/typescript/lib/tsserver.js:168880:88
    at IOSession.Session.executeWithRequestId (/usr/lib/code/extensions/node_modules/typescript/lib/tsserver.js:168871:28)
    at IOSession.Session.executeCommand (/usr/lib/code/extensions/node_modules/typescript/lib/tsserver.js:168880:33)
    at IOSession.Session.onMessage (/usr/lib/code/extensions/node_modules/typescript/lib/tsserver.js:168906:35)
    at Interface.<anonymous> (/usr/lib/code/extensions/node_modules/typescript/lib/tsserver.js:171511:31)
    at Interface.emit (events.js:315:20)
    at Interface._onLine (readline.js:337:10)
    at Interface._normalWrite (readline.js:482:12)
    at Socket.ondata (readline.js:194:10)
    at Socket.emit (events.js:315:20)
    at addChunk (internal/streams/readable.js:309:12)
    at readableAddChunk (internal/streams/readable.js:284:9)
    at Socket.Readable.push (internal/streams/readable.js:223:10)
    at Pipe.onStreamRead (internal/stream_base_commons.js:188:23)
	at Function.create (/usr/lib/code/extensions/typescript-language-features/dist/extension.js:1:460421)
	at dispatchResponse (/usr/lib/code/extensions/typescript-language-features/dist/extension.js:1:454257)
	at dispatchMessage (/usr/lib/code/extensions/typescript-language-features/dist/extension.js:1:453114)
	at /usr/lib/code/extensions/typescript-language-features/dist/extension.js:1:452599
	at l.fire (/usr/lib/code/out/vs/workbench/services/extensions/node/extensionHostProcess.js:66:1712)
	at m.onLengthData (/usr/lib/code/extensions/typescript-language-features/dist/extension.js:1:463350)
	at Socket.<anonymous> (/usr/lib/code/extensions/typescript-language-features/dist/extension.js:1:462997)
	at Socket.emit (events.js:315:20)
	at addChunk (internal/streams/readable.js:309:12)
	at readableAddChunk (internal/streams/readable.js:284:9)
	at Socket.Readable.push (internal/streams/readable.js:223:10)
	at Pipe.onStreamRead (internal/stream_base_commons.js:188:23)
[2022-01-13 00:48:55.183] [renderer1] [error] <semantic> TypeScript Server Error (4.4.3)
Debug Failure. Did not expect JsxElement to have an Identifier in its trivia
Error: Debug Failure. Did not expect JsxElement to have an Identifier in its trivia
    at addSyntheticNodes (/usr/lib/code/extensions/node_modules/typescript/lib/tsserver.js:155629:30)
    at processNode (/usr/lib/code/extensions/node_modules/typescript/lib/tsserver.js:155602:13)
    at visitNode (/usr/lib/code/extensions/node_modules/typescript/lib/tsserver.js:29470:24)
    at Object.forEachChild (/usr/lib/code/extensions/node_modules/typescript/lib/tsserver.js:29881:21)
    at NodeObject.forEachChild (/usr/lib/code/extensions/node_modules/typescript/lib/tsserver.js:155585:23)
    at createChildren (/usr/lib/code/extensions/node_modules/typescript/lib/tsserver.js:155617:14)
    at NodeObject.getChildren (/usr/lib/code/extensions/node_modules/typescript/lib/tsserver.js:155562:56)
    at find (/usr/lib/code/extensions/node_modules/typescript/lib/tsserver.js:121609:30)
    at find (/usr/lib/code/extensions/node_modules/typescript/lib/tsserver.js:121643:32)
    at find (/usr/lib/code/extensions/node_modules/typescript/lib/tsserver.js:121643:32)
    at find (/usr/lib/code/extensions/node_modules/typescript/lib/tsserver.js:121643:32)
    at find (/usr/lib/code/extensions/node_modules/typescript/lib/tsserver.js:121643:32)
    at find (/usr/lib/code/extensions/node_modules/typescript/lib/tsserver.js:121643:32)
    at find (/usr/lib/code/extensions/node_modules/typescript/lib/tsserver.js:121643:32)
    at find (/usr/lib/code/extensions/node_modules/typescript/lib/tsserver.js:121643:32)
    at find (/usr/lib/code/extensions/node_modules/typescript/lib/tsserver.js:121643:32)
    at find (/usr/lib/code/extensions/node_modules/typescript/lib/tsserver.js:121643:32)
    at Object.findPrecedingToken (/usr/lib/code/extensions/node_modules/typescript/lib/tsserver.js:121602:22)
    at getRelevantTokens (/usr/lib/code/extensions/node_modules/typescript/lib/tsserver.js:128073:36)
    at Object.getCompletionsAtPosition (/usr/lib/code/extensions/node_modules/typescript/lib/tsserver.js:125913:33)
    at Proxy.getCompletionsAtPosition (/usr/lib/code/extensions/node_modules/typescript/lib/tsserver.js:156793:35)
    at IOSession.Session.getCompletions (/usr/lib/code/extensions/node_modules/typescript/lib/tsserver.js:168231:64)
    at Session.handlers.ts.Map.ts.getEntries._a.<computed> (/usr/lib/code/extensions/node_modules/typescript/lib/tsserver.js:167078:61)
    at /usr/lib/code/extensions/node_modules/typescript/lib/tsserver.js:168880:88
    at IOSession.Session.executeWithRequestId (/usr/lib/code/extensions/node_modules/typescript/lib/tsserver.js:168871:28)
    at IOSession.Session.executeCommand (/usr/lib/code/extensions/node_modules/typescript/lib/tsserver.js:168880:33)
    at IOSession.Session.onMessage (/usr/lib/code/extensions/node_modules/typescript/lib/tsserver.js:168906:35)
    at Interface.<anonymous> (/usr/lib/code/extensions/node_modules/typescript/lib/tsserver.js:171511:31)
    at Interface.emit (events.js:315:20)
    at Interface._onLine (readline.js:337:10)
    at Interface._normalWrite (readline.js:482:12)
    at Socket.ondata (readline.js:194:10)
    at Socket.emit (events.js:315:20)
    at addChunk (internal/streams/readable.js:309:12)
    at readableAddChunk (internal/streams/readable.js:284:9)
    at Socket.Readable.push (internal/streams/readable.js:223:10)
    at Pipe.onStreamRead (internal/stream_base_commons.js:188:23): Error: <semantic> TypeScript Server Error (4.4.3)
Debug Failure. Did not expect JsxElement to have an Identifier in its trivia
Error: Debug Failure. Did not expect JsxElement to have an Identifier in its trivia
    at addSyntheticNodes (/usr/lib/code/extensions/node_modules/typescript/lib/tsserver.js:155629:30)
    at processNode (/usr/lib/code/extensions/node_modules/typescript/lib/tsserver.js:155602:13)
    at visitNode (/usr/lib/code/extensions/node_modules/typescript/lib/tsserver.js:29470:24)
    at Object.forEachChild (/usr/lib/code/extensions/node_modules/typescript/lib/tsserver.js:29881:21)
    at NodeObject.forEachChild (/usr/lib/code/extensions/node_modules/typescript/lib/tsserver.js:155585:23)
    at createChildren (/usr/lib/code/extensions/node_modules/typescript/lib/tsserver.js:155617:14)
    at NodeObject.getChildren (/usr/lib/code/extensions/node_modules/typescript/lib/tsserver.js:155562:56)
    at find (/usr/lib/code/extensions/node_modules/typescript/lib/tsserver.js:121609:30)
    at find (/usr/lib/code/extensions/node_modules/typescript/lib/tsserver.js:121643:32)
    at find (/usr/lib/code/extensions/node_modules/typescript/lib/tsserver.js:121643:32)
    at find (/usr/lib/code/extensions/node_modules/typescript/lib/tsserver.js:121643:32)
    at find (/usr/lib/code/extensions/node_modules/typescript/lib/tsserver.js:121643:32)
    at find (/usr/lib/code/extensions/node_modules/typescript/lib/tsserver.js:121643:32)
    at find (/usr/lib/code/extensions/node_modules/typescript/lib/tsserver.js:121643:32)
    at find (/usr/lib/code/extensions/node_modules/typescript/lib/tsserver.js:121643:32)
    at find (/usr/lib/code/extensions/node_modules/typescript/lib/tsserver.js:121643:32)
    at find (/usr/lib/code/extensions/node_modules/typescript/lib/tsserver.js:121643:32)
    at Object.findPrecedingToken (/usr/lib/code/extensions/node_modules/typescript/lib/tsserver.js:121602:22)
    at getRelevantTokens (/usr/lib/code/extensions/node_modules/typescript/lib/tsserver.js:128073:36)
    at Object.getCompletionsAtPosition (/usr/lib/code/extensions/node_modules/typescript/lib/tsserver.js:125913:33)
    at Proxy.getCompletionsAtPosition (/usr/lib/code/extensions/node_modules/typescript/lib/tsserver.js:156793:35)
    at IOSession.Session.getCompletions (/usr/lib/code/extensions/node_modules/typescript/lib/tsserver.js:168231:64)
    at Session.handlers.ts.Map.ts.getEntries._a.<computed> (/usr/lib/code/extensions/node_modules/typescript/lib/tsserver.js:167078:61)
    at /usr/lib/code/extensions/node_modules/typescript/lib/tsserver.js:168880:88
    at IOSession.Session.executeWithRequestId (/usr/lib/code/extensions/node_modules/typescript/lib/tsserver.js:168871:28)
    at IOSession.Session.executeCommand (/usr/lib/code/extensions/node_modules/typescript/lib/tsserver.js:168880:33)
    at IOSession.Session.onMessage (/usr/lib/code/extensions/node_modules/typescript/lib/tsserver.js:168906:35)
    at Interface.<anonymous> (/usr/lib/code/extensions/node_modules/typescript/lib/tsserver.js:171511:31)
    at Interface.emit (events.js:315:20)
    at Interface._onLine (readline.js:337:10)
    at Interface._normalWrite (readline.js:482:12)
    at Socket.ondata (readline.js:194:10)
    at Socket.emit (events.js:315:20)
    at addChunk (internal/streams/readable.js:309:12)
    at readableAddChunk (internal/streams/readable.js:284:9)
    at Socket.Readable.push (internal/streams/readable.js:223:10)
    at Pipe.onStreamRead (internal/stream_base_commons.js:188:23)
	at Function.create (/usr/lib/code/extensions/typescript-language-features/dist/extension.js:1:460421)
	at dispatchResponse (/usr/lib/code/extensions/typescript-language-features/dist/extension.js:1:454257)
	at dispatchMessage (/usr/lib/code/extensions/typescript-language-features/dist/extension.js:1:453114)
	at /usr/lib/code/extensions/typescript-language-features/dist/extension.js:1:452599
	at l.fire (/usr/lib/code/out/vs/workbench/services/extensions/node/extensionHostProcess.js:66:1712)
	at m.onLengthData (/usr/lib/code/extensions/typescript-language-features/dist/extension.js:1:463350)
	at Socket.<anonymous> (/usr/lib/code/extensions/typescript-language-features/dist/extension.js:1:462997)
	at Socket.emit (events.js:315:20)
	at addChunk (internal/streams/readable.js:309:12)
	at readableAddChunk (internal/streams/readable.js:284:9)
	at Socket.Readable.push (internal/streams/readable.js:223:10)
	at Pipe.onStreamRead (internal/stream_base_commons.js:188:23)
[2022-01-13 00:48:55.240] [renderer1] [error] <semantic> TypeScript Server Error (4.4.3)
Debug Failure. Did not expect JsxElement to have an Identifier in its trivia
Error: Debug Failure. Did not expect JsxElement to have an Identifier in its trivia
    at addSyntheticNodes (/usr/lib/code/extensions/node_modules/typescript/lib/tsserver.js:155629:30)
    at processNode (/usr/lib/code/extensions/node_modules/typescript/lib/tsserver.js:155602:13)
    at visitNode (/usr/lib/code/extensions/node_modules/typescript/lib/tsserver.js:29470:24)
    at Object.forEachChild (/usr/lib/code/extensions/node_modules/typescript/lib/tsserver.js:29881:21)
    at NodeObject.forEachChild (/usr/lib/code/extensions/node_modules/typescript/lib/tsserver.js:155585:23)
    at createChildren (/usr/lib/code/extensions/node_modules/typescript/lib/tsserver.js:155617:14)
    at NodeObject.getChildren (/usr/lib/code/extensions/node_modules/typescript/lib/tsserver.js:155562:56)
    at getTokenAtPositionWorker (/usr/lib/code/extensions/node_modules/typescript/lib/tsserver.js:121524:43)
    at getTokenAtPosition (/usr/lib/code/extensions/node_modules/typescript/lib/tsserver.js:121516:16)
    at Object.findTokenOnLeftOfPosition (/usr/lib/code/extensions/node_modules/typescript/lib/tsserver.js:121572:31)
    at Object.getSignatureHelpItems (/usr/lib/code/extensions/node_modules/typescript/lib/tsserver.js:136407:36)
    at Proxy.getSignatureHelpItems (/usr/lib/code/extensions/node_modules/typescript/lib/tsserver.js:156951:37)
    at IOSession.Session.getSignatureHelpItems (/usr/lib/code/extensions/node_modules/typescript/lib/tsserver.js:168316:62)
    at Session.handlers.ts.Map.ts.getEntries._a.<computed> (/usr/lib/code/extensions/node_modules/typescript/lib/tsserver.js:167099:61)
    at /usr/lib/code/extensions/node_modules/typescript/lib/tsserver.js:168880:88
    at IOSession.Session.executeWithRequestId (/usr/lib/code/extensions/node_modules/typescript/lib/tsserver.js:168871:28)
    at IOSession.Session.executeCommand (/usr/lib/code/extensions/node_modules/typescript/lib/tsserver.js:168880:33)
    at IOSession.Session.onMessage (/usr/lib/code/extensions/node_modules/typescript/lib/tsserver.js:168906:35)
    at Interface.<anonymous> (/usr/lib/code/extensions/node_modules/typescript/lib/tsserver.js:171511:31)
    at Interface.emit (events.js:315:20)
    at Interface._onLine (readline.js:337:10)
    at Interface._normalWrite (readline.js:482:12)
    at Socket.ondata (readline.js:194:10)
    at Socket.emit (events.js:315:20)
    at addChunk (internal/streams/readable.js:309:12)
    at readableAddChunk (internal/streams/readable.js:284:9)
    at Socket.Readable.push (internal/streams/readable.js:223:10)
    at Pipe.onStreamRead (internal/stream_base_commons.js:188:23): Error: <semantic> TypeScript Server Error (4.4.3)
Debug Failure. Did not expect JsxElement to have an Identifier in its trivia
Error: Debug Failure. Did not expect JsxElement to have an Identifier in its trivia
    at addSyntheticNodes (/usr/lib/code/extensions/node_modules/typescript/lib/tsserver.js:155629:30)
    at processNode (/usr/lib/code/extensions/node_modules/typescript/lib/tsserver.js:155602:13)
    at visitNode (/usr/lib/code/extensions/node_modules/typescript/lib/tsserver.js:29470:24)
    at Object.forEachChild (/usr/lib/code/extensions/node_modules/typescript/lib/tsserver.js:29881:21)
    at NodeObject.forEachChild (/usr/lib/code/extensions/node_modules/typescript/lib/tsserver.js:155585:23)
    at createChildren (/usr/lib/code/extensions/node_modules/typescript/lib/tsserver.js:155617:14)
    at NodeObject.getChildren (/usr/lib/code/extensions/node_modules/typescript/lib/tsserver.js:155562:56)
    at getTokenAtPositionWorker (/usr/lib/code/extensions/node_modules/typescript/lib/tsserver.js:121524:43)
    at getTokenAtPosition (/usr/lib/code/extensions/node_modules/typescript/lib/tsserver.js:121516:16)
    at Object.findTokenOnLeftOfPosition (/usr/lib/code/extensions/node_modules/typescript/lib/tsserver.js:121572:31)
    at Object.getSignatureHelpItems (/usr/lib/code/extensions/node_modules/typescript/lib/tsserver.js:136407:36)
    at Proxy.getSignatureHelpItems (/usr/lib/code/extensions/node_modules/typescript/lib/tsserver.js:156951:37)
    at IOSession.Session.getSignatureHelpItems (/usr/lib/code/extensions/node_modules/typescript/lib/tsserver.js:168316:62)
    at Session.handlers.ts.Map.ts.getEntries._a.<computed> (/usr/lib/code/extensions/node_modules/typescript/lib/tsserver.js:167099:61)
    at /usr/lib/code/extensions/node_modules/typescript/lib/tsserver.js:168880:88
    at IOSession.Session.executeWithRequestId (/usr/lib/code/extensions/node_modules/typescript/lib/tsserver.js:168871:28)
    at IOSession.Session.executeCommand (/usr/lib/code/extensions/node_modules/typescript/lib/tsserver.js:168880:33)
    at IOSession.Session.onMessage (/usr/lib/code/extensions/node_modules/typescript/lib/tsserver.js:168906:35)
    at Interface.<anonymous> (/usr/lib/code/extensions/node_modules/typescript/lib/tsserver.js:171511:31)
    at Interface.emit (events.js:315:20)
    at Interface._onLine (readline.js:337:10)
    at Interface._normalWrite (readline.js:482:12)
    at Socket.ondata (readline.js:194:10)
    at Socket.emit (events.js:315:20)
    at addChunk (internal/streams/readable.js:309:12)
    at readableAddChunk (internal/streams/readable.js:284:9)
    at Socket.Readable.push (internal/streams/readable.js:223:10)
    at Pipe.onStreamRead (internal/stream_base_commons.js:188:23)
	at Function.create (/usr/lib/code/extensions/typescript-language-features/dist/extension.js:1:460421)
	at dispatchResponse (/usr/lib/code/extensions/typescript-language-features/dist/extension.js:1:454257)
	at dispatchMessage (/usr/lib/code/extensions/typescript-language-features/dist/extension.js:1:453114)
	at /usr/lib/code/extensions/typescript-language-features/dist/extension.js:1:452599
	at l.fire (/usr/lib/code/out/vs/workbench/services/extensions/node/extensionHostProcess.js:66:1712)
	at m.onLengthData (/usr/lib/code/extensions/typescript-language-features/dist/extension.js:1:463350)
	at Socket.<anonymous> (/usr/lib/code/extensions/typescript-language-features/dist/extension.js:1:462997)
	at Socket.emit (events.js:315:20)
	at addChunk (internal/streams/readable.js:309:12)
	at readableAddChunk (internal/streams/readable.js:284:9)
	at Socket.Readable.push (internal/streams/readable.js:223:10)
	at Pipe.onStreamRead (internal/stream_base_commons.js:188:23)
[2022-01-13 00:48:55.373] [renderer1] [error] <semantic> TypeScript Server Error (4.4.3)
Debug Failure. Did not expect JsxElement to have an Identifier in its trivia
Error: Debug Failure. Did not expect JsxElement to have an Identifier in its trivia
    at addSyntheticNodes (/usr/lib/code/extensions/node_modules/typescript/lib/tsserver.js:155629:30)
    at processNode (/usr/lib/code/extensions/node_modules/typescript/lib/tsserver.js:155602:13)
    at visitNode (/usr/lib/code/extensions/node_modules/typescript/lib/tsserver.js:29470:24)
    at Object.forEachChild (/usr/lib/code/extensions/node_modules/typescript/lib/tsserver.js:29881:21)
    at NodeObject.forEachChild (/usr/lib/code/extensions/node_modules/typescript/lib/tsserver.js:155585:23)
    at createChildren (/usr/lib/code/extensions/node_modules/typescript/lib/tsserver.js:155617:14)
    at NodeObject.getChildren (/usr/lib/code/extensions/node_modules/typescript/lib/tsserver.js:155562:56)
    at getTokenAtPositionWorker (/usr/lib/code/extensions/node_modules/typescript/lib/tsserver.js:121524:43)
    at Object.getTokenAtPosition (/usr/lib/code/extensions/node_modules/typescript/lib/tsserver.js:121516:16)
    at getInfo (/usr/lib/code/extensions/node_modules/typescript/lib/tsserver.js:150765:28)
    at Object.getAvailableActions (/usr/lib/code/extensions/node_modules/typescript/lib/tsserver.js:150735:28)
    at /usr/lib/code/extensions/node_modules/typescript/lib/tsserver.js:142780:30
    at getIterator (/usr/lib/code/extensions/node_modules/typescript/lib/tsserver.js:573:23)
    at Object.flatMapIterator (/usr/lib/code/extensions/node_modules/typescript/lib/tsserver.js:556:27)
    at Object.getApplicableRefactors (/usr/lib/code/extensions/node_modules/typescript/lib/tsserver.js:142776:36)
    at Proxy.getApplicableRefactors (/usr/lib/code/extensions/node_modules/typescript/lib/tsserver.js:157560:32)
    at IOSession.Session.getApplicableRefactors (/usr/lib/code/extensions/node_modules/typescript/lib/tsserver.js:168512:53)
    at Session.handlers.ts.Map.ts.getEntries._a.<computed> (/usr/lib/code/extensions/node_modules/typescript/lib/tsserver.js:167223:61)
    at /usr/lib/code/extensions/node_modules/typescript/lib/tsserver.js:168880:88
    at IOSession.Session.executeWithRequestId (/usr/lib/code/extensions/node_modules/typescript/lib/tsserver.js:168871:28)
    at IOSession.Session.executeCommand (/usr/lib/code/extensions/node_modules/typescript/lib/tsserver.js:168880:33)
    at IOSession.Session.onMessage (/usr/lib/code/extensions/node_modules/typescript/lib/tsserver.js:168906:35)
    at Interface.<anonymous> (/usr/lib/code/extensions/node_modules/typescript/lib/tsserver.js:171511:31)
    at Interface.emit (events.js:315:20)
    at Interface._onLine (readline.js:337:10)
    at Interface._normalWrite (readline.js:482:12)
    at Socket.ondata (readline.js:194:10)
    at Socket.emit (events.js:315:20)
    at addChunk (internal/streams/readable.js:309:12)
    at readableAddChunk (internal/streams/readable.js:284:9)
    at Socket.Readable.push (internal/streams/readable.js:223:10)
    at Pipe.onStreamRead (internal/stream_base_commons.js:188:23): Error: <semantic> TypeScript Server Error (4.4.3)
Debug Failure. Did not expect JsxElement to have an Identifier in its trivia
Error: Debug Failure. Did not expect JsxElement to have an Identifier in its trivia
    at addSyntheticNodes (/usr/lib/code/extensions/node_modules/typescript/lib/tsserver.js:155629:30)
    at processNode (/usr/lib/code/extensions/node_modules/typescript/lib/tsserver.js:155602:13)
    at visitNode (/usr/lib/code/extensions/node_modules/typescript/lib/tsserver.js:29470:24)
    at Object.forEachChild (/usr/lib/code/extensions/node_modules/typescript/lib/tsserver.js:29881:21)
    at NodeObject.forEachChild (/usr/lib/code/extensions/node_modules/typescript/lib/tsserver.js:155585:23)
    at createChildren (/usr/lib/code/extensions/node_modules/typescript/lib/tsserver.js:155617:14)
    at NodeObject.getChildren (/usr/lib/code/extensions/node_modules/typescript/lib/tsserver.js:155562:56)
    at getTokenAtPositionWorker (/usr/lib/code/extensions/node_modules/typescript/lib/tsserver.js:121524:43)
    at Object.getTokenAtPosition (/usr/lib/code/extensions/node_modules/typescript/lib/tsserver.js:121516:16)
    at getInfo (/usr/lib/code/extensions/node_modules/typescript/lib/tsserver.js:150765:28)
    at Object.getAvailableActions (/usr/lib/code/extensions/node_modules/typescript/lib/tsserver.js:150735:28)
    at /usr/lib/code/extensions/node_modules/typescript/lib/tsserver.js:142780:30
    at getIterator (/usr/lib/code/extensions/node_modules/typescript/lib/tsserver.js:573:23)
    at Object.flatMapIterator (/usr/lib/code/extensions/node_modules/typescript/lib/tsserver.js:556:27)
    at Object.getApplicableRefactors (/usr/lib/code/extensions/node_modules/typescript/lib/tsserver.js:142776:36)
    at Proxy.getApplicableRefactors (/usr/lib/code/extensions/node_modules/typescript/lib/tsserver.js:157560:32)
    at IOSession.Session.getApplicableRefactors (/usr/lib/code/extensions/node_modules/typescript/lib/tsserver.js:168512:53)
    at Session.handlers.ts.Map.ts.getEntries._a.<computed> (/usr/lib/code/extensions/node_modules/typescript/lib/tsserver.js:167223:61)
    at /usr/lib/code/extensions/node_modules/typescript/lib/tsserver.js:168880:88
    at IOSession.Session.executeWithRequestId (/usr/lib/code/extensions/node_modules/typescript/lib/tsserver.js:168871:28)
    at IOSession.Session.executeCommand (/usr/lib/code/extensions/node_modules/typescript/lib/tsserver.js:168880:33)
    at IOSession.Session.onMessage (/usr/lib/code/extensions/node_modules/typescript/lib/tsserver.js:168906:35)
    at Interface.<anonymous> (/usr/lib/code/extensions/node_modules/typescript/lib/tsserver.js:171511:31)
    at Interface.emit (events.js:315:20)
    at Interface._onLine (readline.js:337:10)
    at Interface._normalWrite (readline.js:482:12)
    at Socket.ondata (readline.js:194:10)
    at Socket.emit (events.js:315:20)
    at addChunk (internal/streams/readable.js:309:12)
    at readableAddChunk (internal/streams/readable.js:284:9)
    at Socket.Readable.push (internal/streams/readable.js:223:10)
    at Pipe.onStreamRead (internal/stream_base_commons.js:188:23)
	at Function.create (/usr/lib/code/extensions/typescript-language-features/dist/extension.js:1:460421)
	at dispatchResponse (/usr/lib/code/extensions/typescript-language-features/dist/extension.js:1:454257)
	at dispatchMessage (/usr/lib/code/extensions/typescript-language-features/dist/extension.js:1:453114)
	at /usr/lib/code/extensions/typescript-language-features/dist/extension.js:1:452599
	at l.fire (/usr/lib/code/out/vs/workbench/services/extensions/node/extensionHostProcess.js:66:1712)
	at m.onLengthData (/usr/lib/code/extensions/typescript-language-features/dist/extension.js:1:463350)
	at Socket.<anonymous> (/usr/lib/code/extensions/typescript-language-features/dist/extension.js:1:462997)
	at Socket.emit (events.js:315:20)
	at addChunk (internal/streams/readable.js:309:12)
	at readableAddChunk (internal/streams/readable.js:284:9)
	at Socket.Readable.push (internal/streams/readable.js:223:10)
	at Pipe.onStreamRead (internal/stream_base_commons.js:188:23)
[2022-01-13 00:49:48.688] [renderer1] [error] <semantic> TypeScript Server Error (4.4.3)
Debug Failure. Did not expect JsxElement to have an Identifier in its trivia
Error: Debug Failure. Did not expect JsxElement to have an Identifier in its trivia
    at addSyntheticNodes (/usr/lib/code/extensions/node_modules/typescript/lib/tsserver.js:155629:30)
    at processNode (/usr/lib/code/extensions/node_modules/typescript/lib/tsserver.js:155602:13)
    at visitNode (/usr/lib/code/extensions/node_modules/typescript/lib/tsserver.js:29470:24)
    at Object.forEachChild (/usr/lib/code/extensions/node_modules/typescript/lib/tsserver.js:29881:21)
    at NodeObject.forEachChild (/usr/lib/code/extensions/node_modules/typescript/lib/tsserver.js:155585:23)
    at createChildren (/usr/lib/code/extensions/node_modules/typescript/lib/tsserver.js:155617:14)
    at NodeObject.getChildren (/usr/lib/code/extensions/node_modules/typescript/lib/tsserver.js:155562:56)
    at find (/usr/lib/code/extensions/node_modules/typescript/lib/tsserver.js:121609:30)
    at find (/usr/lib/code/extensions/node_modules/typescript/lib/tsserver.js:121643:32)
    at find (/usr/lib/code/extensions/node_modules/typescript/lib/tsserver.js:121643:32)
    at find (/usr/lib/code/extensions/node_modules/typescript/lib/tsserver.js:121643:32)
    at find (/usr/lib/code/extensions/node_modules/typescript/lib/tsserver.js:121643:32)
    at find (/usr/lib/code/extensions/node_modules/typescript/lib/tsserver.js:121643:32)
    at find (/usr/lib/code/extensions/node_modules/typescript/lib/tsserver.js:121643:32)
    at find (/usr/lib/code/extensions/node_modules/typescript/lib/tsserver.js:121643:32)
    at find (/usr/lib/code/extensions/node_modules/typescript/lib/tsserver.js:121643:32)
    at find (/usr/lib/code/extensions/node_modules/typescript/lib/tsserver.js:121643:32)
    at Object.findPrecedingToken (/usr/lib/code/extensions/node_modules/typescript/lib/tsserver.js:121602:22)
    at getRelevantTokens (/usr/lib/code/extensions/node_modules/typescript/lib/tsserver.js:128073:36)
    at Object.getCompletionsAtPosition (/usr/lib/code/extensions/node_modules/typescript/lib/tsserver.js:125913:33)
    at Proxy.getCompletionsAtPosition (/usr/lib/code/extensions/node_modules/typescript/lib/tsserver.js:156793:35)
    at IOSession.Session.getCompletions (/usr/lib/code/extensions/node_modules/typescript/lib/tsserver.js:168231:64)
    at Session.handlers.ts.Map.ts.getEntries._a.<computed> (/usr/lib/code/extensions/node_modules/typescript/lib/tsserver.js:167078:61)
    at /usr/lib/code/extensions/node_modules/typescript/lib/tsserver.js:168880:88
    at IOSession.Session.executeWithRequestId (/usr/lib/code/extensions/node_modules/typescript/lib/tsserver.js:168871:28)
    at IOSession.Session.executeCommand (/usr/lib/code/extensions/node_modules/typescript/lib/tsserver.js:168880:33)
    at IOSession.Session.onMessage (/usr/lib/code/extensions/node_modules/typescript/lib/tsserver.js:168906:35)
    at Interface.<anonymous> (/usr/lib/code/extensions/node_modules/typescript/lib/tsserver.js:171511:31)
    at Interface.emit (events.js:315:20)
    at Interface._onLine (readline.js:337:10)
    at Interface._normalWrite (readline.js:482:12)
    at Socket.ondata (readline.js:194:10)
    at Socket.emit (events.js:315:20)
    at addChunk (internal/streams/readable.js:309:12)
    at readableAddChunk (internal/streams/readable.js:284:9)
    at Socket.Readable.push (internal/streams/readable.js:223:10)
    at Pipe.onStreamRead (internal/stream_base_commons.js:188:23): Error: <semantic> TypeScript Server Error (4.4.3)
Debug Failure. Did not expect JsxElement to have an Identifier in its trivia
Error: Debug Failure. Did not expect JsxElement to have an Identifier in its trivia
    at addSyntheticNodes (/usr/lib/code/extensions/node_modules/typescript/lib/tsserver.js:155629:30)
    at processNode (/usr/lib/code/extensions/node_modules/typescript/lib/tsserver.js:155602:13)
    at visitNode (/usr/lib/code/extensions/node_modules/typescript/lib/tsserver.js:29470:24)
    at Object.forEachChild (/usr/lib/code/extensions/node_modules/typescript/lib/tsserver.js:29881:21)
    at NodeObject.forEachChild (/usr/lib/code/extensions/node_modules/typescript/lib/tsserver.js:155585:23)
    at createChildren (/usr/lib/code/extensions/node_modules/typescript/lib/tsserver.js:155617:14)
    at NodeObject.getChildren (/usr/lib/code/extensions/node_modules/typescript/lib/tsserver.js:155562:56)
    at find (/usr/lib/code/extensions/node_modules/typescript/lib/tsserver.js:121609:30)
    at find (/usr/lib/code/extensions/node_modules/typescript/lib/tsserver.js:121643:32)
    at find (/usr/lib/code/extensions/node_modules/typescript/lib/tsserver.js:121643:32)
    at find (/usr/lib/code/extensions/node_modules/typescript/lib/tsserver.js:121643:32)
    at find (/usr/lib/code/extensions/node_modules/typescript/lib/tsserver.js:121643:32)
    at find (/usr/lib/code/extensions/node_modules/typescript/lib/tsserver.js:121643:32)
    at find (/usr/lib/code/extensions/node_modules/typescript/lib/tsserver.js:121643:32)
    at find (/usr/lib/code/extensions/node_modules/typescript/lib/tsserver.js:121643:32)
    at find (/usr/lib/code/extensions/node_modules/typescript/lib/tsserver.js:121643:32)
    at find (/usr/lib/code/extensions/node_modules/typescript/lib/tsserver.js:121643:32)
    at Object.findPrecedingToken (/usr/lib/code/extensions/node_modules/typescript/lib/tsserver.js:121602:22)
    at getRelevantTokens (/usr/lib/code/extensions/node_modules/typescript/lib/tsserver.js:128073:36)
    at Object.getCompletionsAtPosition (/usr/lib/code/extensions/node_modules/typescript/lib/tsserver.js:125913:33)
    at Proxy.getCompletionsAtPosition (/usr/lib/code/extensions/node_modules/typescript/lib/tsserver.js:156793:35)
    at IOSession.Session.getCompletions (/usr/lib/code/extensions/node_modules/typescript/lib/tsserver.js:168231:64)
    at Session.handlers.ts.Map.ts.getEntries._a.<computed> (/usr/lib/code/extensions/node_modules/typescript/lib/tsserver.js:167078:61)
    at /usr/lib/code/extensions/node_modules/typescript/lib/tsserver.js:168880:88
    at IOSession.Session.executeWithRequestId (/usr/lib/code/extensions/node_modules/typescript/lib/tsserver.js:168871:28)
    at IOSession.Session.executeCommand (/usr/lib/code/extensions/node_modules/typescript/lib/tsserver.js:168880:33)
    at IOSession.Session.onMessage (/usr/lib/code/extensions/node_modules/typescript/lib/tsserver.js:168906:35)
    at Interface.<anonymous> (/usr/lib/code/extensions/node_modules/typescript/lib/tsserver.js:171511:31)
    at Interface.emit (events.js:315:20)
    at Interface._onLine (readline.js:337:10)
    at Interface._normalWrite (readline.js:482:12)
    at Socket.ondata (readline.js:194:10)
    at Socket.emit (events.js:315:20)
    at addChunk (internal/streams/readable.js:309:12)
    at readableAddChunk (internal/streams/readable.js:284:9)
    at Socket.Readable.push (internal/streams/readable.js:223:10)
    at Pipe.onStreamRead (internal/stream_base_commons.js:188:23)
	at Function.create (/usr/lib/code/extensions/typescript-language-features/dist/extension.js:1:460421)
	at dispatchResponse (/usr/lib/code/extensions/typescript-language-features/dist/extension.js:1:454257)
	at dispatchMessage (/usr/lib/code/extensions/typescript-language-features/dist/extension.js:1:453114)
	at /usr/lib/code/extensions/typescript-language-features/dist/extension.js:1:452599
	at l.fire (/usr/lib/code/out/vs/workbench/services/extensions/node/extensionHostProcess.js:66:1712)
	at m.onLengthData (/usr/lib/code/extensions/typescript-language-features/dist/extension.js:1:463350)
	at Socket.<anonymous> (/usr/lib/code/extensions/typescript-language-features/dist/extension.js:1:462997)
	at Socket.emit (events.js:315:20)
	at addChunk (internal/streams/readable.js:309:12)
	at readableAddChunk (internal/streams/readable.js:284:9)
	at Socket.Readable.push (internal/streams/readable.js:223:10)
	at Pipe.onStreamRead (internal/stream_base_commons.js:188:23)
[2022-01-13 00:49:48.706] [renderer1] [error] <semantic> TypeScript Server Error (4.4.3)
Debug Failure. Did not expect JsxElement to have an Identifier in its trivia
Error: Debug Failure. Did not expect JsxElement to have an Identifier in its trivia
    at addSyntheticNodes (/usr/lib/code/extensions/node_modules/typescript/lib/tsserver.js:155629:30)
    at processNode (/usr/lib/code/extensions/node_modules/typescript/lib/tsserver.js:155602:13)
    at visitNode (/usr/lib/code/extensions/node_modules/typescript/lib/tsserver.js:29470:24)
    at Object.forEachChild (/usr/lib/code/extensions/node_modules/typescript/lib/tsserver.js:29881:21)
    at NodeObject.forEachChild (/usr/lib/code/extensions/node_modules/typescript/lib/tsserver.js:155585:23)
    at createChildren (/usr/lib/code/extensions/node_modules/typescript/lib/tsserver.js:155617:14)
    at NodeObject.getChildren (/usr/lib/code/extensions/node_modules/typescript/lib/tsserver.js:155562:56)
    at getTokenAtPositionWorker (/usr/lib/code/extensions/node_modules/typescript/lib/tsserver.js:121524:43)
    at Object.getTokenAtPosition (/usr/lib/code/extensions/node_modules/typescript/lib/tsserver.js:121516:16)
    at getInfo (/usr/lib/code/extensions/node_modules/typescript/lib/tsserver.js:150765:28)
    at Object.getAvailableActions (/usr/lib/code/extensions/node_modules/typescript/lib/tsserver.js:150735:28)
    at /usr/lib/code/extensions/node_modules/typescript/lib/tsserver.js:142780:30
    at getIterator (/usr/lib/code/extensions/node_modules/typescript/lib/tsserver.js:573:23)
    at Object.flatMapIterator (/usr/lib/code/extensions/node_modules/typescript/lib/tsserver.js:556:27)
    at Object.getApplicableRefactors (/usr/lib/code/extensions/node_modules/typescript/lib/tsserver.js:142776:36)
    at Proxy.getApplicableRefactors (/usr/lib/code/extensions/node_modules/typescript/lib/tsserver.js:157560:32)
    at IOSession.Session.getApplicableRefactors (/usr/lib/code/extensions/node_modules/typescript/lib/tsserver.js:168512:53)
    at Session.handlers.ts.Map.ts.getEntries._a.<computed> (/usr/lib/code/extensions/node_modules/typescript/lib/tsserver.js:167223:61)
    at /usr/lib/code/extensions/node_modules/typescript/lib/tsserver.js:168880:88
    at IOSession.Session.executeWithRequestId (/usr/lib/code/extensions/node_modules/typescript/lib/tsserver.js:168871:28)
    at IOSession.Session.executeCommand (/usr/lib/code/extensions/node_modules/typescript/lib/tsserver.js:168880:33)
    at IOSession.Session.onMessage (/usr/lib/code/extensions/node_modules/typescript/lib/tsserver.js:168906:35)
    at Interface.<anonymous> (/usr/lib/code/extensions/node_modules/typescript/lib/tsserver.js:171511:31)
    at Interface.emit (events.js:315:20)
    at Interface._onLine (readline.js:337:10)
    at Interface._normalWrite (readline.js:482:12)
    at Socket.ondata (readline.js:194:10)
    at Socket.emit (events.js:315:20)
    at addChunk (internal/streams/readable.js:309:12)
    at readableAddChunk (internal/streams/readable.js:284:9)
    at Socket.Readable.push (internal/streams/readable.js:223:10)
    at Pipe.onStreamRead (internal/stream_base_commons.js:188:23): Error: <semantic> TypeScript Server Error (4.4.3)
Debug Failure. Did not expect JsxElement to have an Identifier in its trivia
Error: Debug Failure. Did not expect JsxElement to have an Identifier in its trivia
    at addSyntheticNodes (/usr/lib/code/extensions/node_modules/typescript/lib/tsserver.js:155629:30)
    at processNode (/usr/lib/code/extensions/node_modules/typescript/lib/tsserver.js:155602:13)
    at visitNode (/usr/lib/code/extensions/node_modules/typescript/lib/tsserver.js:29470:24)
    at Object.forEachChild (/usr/lib/code/extensions/node_modules/typescript/lib/tsserver.js:29881:21)
    at NodeObject.forEachChild (/usr/lib/code/extensions/node_modules/typescript/lib/tsserver.js:155585:23)
    at createChildren (/usr/lib/code/extensions/node_modules/typescript/lib/tsserver.js:155617:14)
    at NodeObject.getChildren (/usr/lib/code/extensions/node_modules/typescript/lib/tsserver.js:155562:56)
    at getTokenAtPositionWorker (/usr/lib/code/extensions/node_modules/typescript/lib/tsserver.js:121524:43)
    at Object.getTokenAtPosition (/usr/lib/code/extensions/node_modules/typescript/lib/tsserver.js:121516:16)
    at getInfo (/usr/lib/code/extensions/node_modules/typescript/lib/tsserver.js:150765:28)
    at Object.getAvailableActions (/usr/lib/code/extensions/node_modules/typescript/lib/tsserver.js:150735:28)
    at /usr/lib/code/extensions/node_modules/typescript/lib/tsserver.js:142780:30
    at getIterator (/usr/lib/code/extensions/node_modules/typescript/lib/tsserver.js:573:23)
    at Object.flatMapIterator (/usr/lib/code/extensions/node_modules/typescript/lib/tsserver.js:556:27)
    at Object.getApplicableRefactors (/usr/lib/code/extensions/node_modules/typescript/lib/tsserver.js:142776:36)
    at Proxy.getApplicableRefactors (/usr/lib/code/extensions/node_modules/typescript/lib/tsserver.js:157560:32)
    at IOSession.Session.getApplicableRefactors (/usr/lib/code/extensions/node_modules/typescript/lib/tsserver.js:168512:53)
    at Session.handlers.ts.Map.ts.getEntries._a.<computed> (/usr/lib/code/extensions/node_modules/typescript/lib/tsserver.js:167223:61)
    at /usr/lib/code/extensions/node_modules/typescript/lib/tsserver.js:168880:88
    at IOSession.Session.executeWithRequestId (/usr/lib/code/extensions/node_modules/typescript/lib/tsserver.js:168871:28)
    at IOSession.Session.executeCommand (/usr/lib/code/extensions/node_modules/typescript/lib/tsserver.js:168880:33)
    at IOSession.Session.onMessage (/usr/lib/code/extensions/node_modules/typescript/lib/tsserver.js:168906:35)
    at Interface.<anonymous> (/usr/lib/code/extensions/node_modules/typescript/lib/tsserver.js:171511:31)
    at Interface.emit (events.js:315:20)
    at Interface._onLine (readline.js:337:10)
    at Interface._normalWrite (readline.js:482:12)
    at Socket.ondata (readline.js:194:10)
    at Socket.emit (events.js:315:20)
    at addChunk (internal/streams/readable.js:309:12)
    at readableAddChunk (internal/streams/readable.js:284:9)
    at Socket.Readable.push (internal/streams/readable.js:223:10)
    at Pipe.onStreamRead (internal/stream_base_commons.js:188:23)
	at Function.create (/usr/lib/code/extensions/typescript-language-features/dist/extension.js:1:460421)
	at dispatchResponse (/usr/lib/code/extensions/typescript-language-features/dist/extension.js:1:454257)
	at dispatchMessage (/usr/lib/code/extensions/typescript-language-features/dist/extension.js:1:453114)
	at /usr/lib/code/extensions/typescript-language-features/dist/extension.js:1:452599
	at l.fire (/usr/lib/code/out/vs/workbench/services/extensions/node/extensionHostProcess.js:66:1712)
	at m.onLengthData (/usr/lib/code/extensions/typescript-language-features/dist/extension.js:1:463350)
	at Socket.<anonymous> (/usr/lib/code/extensions/typescript-language-features/dist/extension.js:1:462997)
	at Socket.emit (events.js:315:20)
	at addChunk (internal/streams/readable.js:309:12)
	at readableAddChunk (internal/streams/readable.js:284:9)
	at Socket.Readable.push (internal/streams/readable.js:223:10)
	at Pipe.onStreamRead (internal/stream_base_commons.js:188:23)
[2022-01-13 00:49:50.087] [renderer1] [error] <semantic> TypeScript Server Error (4.4.3)
Debug Failure. Did not expect JsxElement to have an Identifier in its trivia
Error: Debug Failure. Did not expect JsxElement to have an Identifier in its trivia
    at addSyntheticNodes (/usr/lib/code/extensions/node_modules/typescript/lib/tsserver.js:155629:30)
    at processNode (/usr/lib/code/extensions/node_modules/typescript/lib/tsserver.js:155602:13)
    at visitNode (/usr/lib/code/extensions/node_modules/typescript/lib/tsserver.js:29470:24)
    at Object.forEachChild (/usr/lib/code/extensions/node_modules/typescript/lib/tsserver.js:29881:21)
    at NodeObject.forEachChild (/usr/lib/code/extensions/node_modules/typescript/lib/tsserver.js:155585:23)
    at createChildren (/usr/lib/code/extensions/node_modules/typescript/lib/tsserver.js:155617:14)
    at NodeObject.getChildren (/usr/lib/code/extensions/node_modules/typescript/lib/tsserver.js:155562:56)
    at find (/usr/lib/code/extensions/node_modules/typescript/lib/tsserver.js:121609:30)
    at find (/usr/lib/code/extensions/node_modules/typescript/lib/tsserver.js:121643:32)
    at find (/usr/lib/code/extensions/node_modules/typescript/lib/tsserver.js:121643:32)
    at find (/usr/lib/code/extensions/node_modules/typescript/lib/tsserver.js:121643:32)
    at find (/usr/lib/code/extensions/node_modules/typescript/lib/tsserver.js:121643:32)
    at find (/usr/lib/code/extensions/node_modules/typescript/lib/tsserver.js:121643:32)
    at find (/usr/lib/code/extensions/node_modules/typescript/lib/tsserver.js:121643:32)
    at find (/usr/lib/code/extensions/node_modules/typescript/lib/tsserver.js:121643:32)
    at find (/usr/lib/code/extensions/node_modules/typescript/lib/tsserver.js:121643:32)
    at find (/usr/lib/code/extensions/node_modules/typescript/lib/tsserver.js:121643:32)
    at Object.findPrecedingToken (/usr/lib/code/extensions/node_modules/typescript/lib/tsserver.js:121602:22)
    at getRelevantTokens (/usr/lib/code/extensions/node_modules/typescript/lib/tsserver.js:128073:36)
    at Object.getCompletionsAtPosition (/usr/lib/code/extensions/node_modules/typescript/lib/tsserver.js:125913:33)
    at Proxy.getCompletionsAtPosition (/usr/lib/code/extensions/node_modules/typescript/lib/tsserver.js:156793:35)
    at IOSession.Session.getCompletions (/usr/lib/code/extensions/node_modules/typescript/lib/tsserver.js:168231:64)
    at Session.handlers.ts.Map.ts.getEntries._a.<computed> (/usr/lib/code/extensions/node_modules/typescript/lib/tsserver.js:167078:61)
    at /usr/lib/code/extensions/node_modules/typescript/lib/tsserver.js:168880:88
    at IOSession.Session.executeWithRequestId (/usr/lib/code/extensions/node_modules/typescript/lib/tsserver.js:168871:28)
    at IOSession.Session.executeCommand (/usr/lib/code/extensions/node_modules/typescript/lib/tsserver.js:168880:33)
    at IOSession.Session.onMessage (/usr/lib/code/extensions/node_modules/typescript/lib/tsserver.js:168906:35)
    at Interface.<anonymous> (/usr/lib/code/extensions/node_modules/typescript/lib/tsserver.js:171511:31)
    at Interface.emit (events.js:315:20)
    at Interface._onLine (readline.js:337:10)
    at Interface._normalWrite (readline.js:482:12)
    at Socket.ondata (readline.js:194:10)
    at Socket.emit (events.js:315:20)
    at addChunk (internal/streams/readable.js:309:12)
    at readableAddChunk (internal/streams/readable.js:284:9)
    at Socket.Readable.push (internal/streams/readable.js:223:10)
    at Pipe.onStreamRead (internal/stream_base_commons.js:188:23): Error: <semantic> TypeScript Server Error (4.4.3)
Debug Failure. Did not expect JsxElement to have an Identifier in its trivia
Error: Debug Failure. Did not expect JsxElement to have an Identifier in its trivia
    at addSyntheticNodes (/usr/lib/code/extensions/node_modules/typescript/lib/tsserver.js:155629:30)
    at processNode (/usr/lib/code/extensions/node_modules/typescript/lib/tsserver.js:155602:13)
    at visitNode (/usr/lib/code/extensions/node_modules/typescript/lib/tsserver.js:29470:24)
    at Object.forEachChild (/usr/lib/code/extensions/node_modules/typescript/lib/tsserver.js:29881:21)
    at NodeObject.forEachChild (/usr/lib/code/extensions/node_modules/typescript/lib/tsserver.js:155585:23)
    at createChildren (/usr/lib/code/extensions/node_modules/typescript/lib/tsserver.js:155617:14)
    at NodeObject.getChildren (/usr/lib/code/extensions/node_modules/typescript/lib/tsserver.js:155562:56)
    at find (/usr/lib/code/extensions/node_modules/typescript/lib/tsserver.js:121609:30)
    at find (/usr/lib/code/extensions/node_modules/typescript/lib/tsserver.js:121643:32)
    at find (/usr/lib/code/extensions/node_modules/typescript/lib/tsserver.js:121643:32)
    at find (/usr/lib/code/extensions/node_modules/typescript/lib/tsserver.js:121643:32)
    at find (/usr/lib/code/extensions/node_modules/typescript/lib/tsserver.js:121643:32)
    at find (/usr/lib/code/extensions/node_modules/typescript/lib/tsserver.js:121643:32)
    at find (/usr/lib/code/extensions/node_modules/typescript/lib/tsserver.js:121643:32)
    at find (/usr/lib/code/extensions/node_modules/typescript/lib/tsserver.js:121643:32)
    at find (/usr/lib/code/extensions/node_modules/typescript/lib/tsserver.js:121643:32)
    at find (/usr/lib/code/extensions/node_modules/typescript/lib/tsserver.js:121643:32)
    at Object.findPrecedingToken (/usr/lib/code/extensions/node_modules/typescript/lib/tsserver.js:121602:22)
    at getRelevantTokens (/usr/lib/code/extensions/node_modules/typescript/lib/tsserver.js:128073:36)
    at Object.getCompletionsAtPosition (/usr/lib/code/extensions/node_modules/typescript/lib/tsserver.js:125913:33)
    at Proxy.getCompletionsAtPosition (/usr/lib/code/extensions/node_modules/typescript/lib/tsserver.js:156793:35)
    at IOSession.Session.getCompletions (/usr/lib/code/extensions/node_modules/typescript/lib/tsserver.js:168231:64)
    at Session.handlers.ts.Map.ts.getEntries._a.<computed> (/usr/lib/code/extensions/node_modules/typescript/lib/tsserver.js:167078:61)
    at /usr/lib/code/extensions/node_modules/typescript/lib/tsserver.js:168880:88
    at IOSession.Session.executeWithRequestId (/usr/lib/code/extensions/node_modules/typescript/lib/tsserver.js:168871:28)
    at IOSession.Session.executeCommand (/usr/lib/code/extensions/node_modules/typescript/lib/tsserver.js:168880:33)
    at IOSession.Session.onMessage (/usr/lib/code/extensions/node_modules/typescript/lib/tsserver.js:168906:35)
    at Interface.<anonymous> (/usr/lib/code/extensions/node_modules/typescript/lib/tsserver.js:171511:31)
    at Interface.emit (events.js:315:20)
    at Interface._onLine (readline.js:337:10)
    at Interface._normalWrite (readline.js:482:12)
    at Socket.ondata (readline.js:194:10)
    at Socket.emit (events.js:315:20)
    at addChunk (internal/streams/readable.js:309:12)
    at readableAddChunk (internal/streams/readable.js:284:9)
    at Socket.Readable.push (internal/streams/readable.js:223:10)
    at Pipe.onStreamRead (internal/stream_base_commons.js:188:23)
	at Function.create (/usr/lib/code/extensions/typescript-language-features/dist/extension.js:1:460421)
	at dispatchResponse (/usr/lib/code/extensions/typescript-language-features/dist/extension.js:1:454257)
	at dispatchMessage (/usr/lib/code/extensions/typescript-language-features/dist/extension.js:1:453114)
	at /usr/lib/code/extensions/typescript-language-features/dist/extension.js:1:452599
	at l.fire (/usr/lib/code/out/vs/workbench/services/extensions/node/extensionHostProcess.js:66:1712)
	at m.onLengthData (/usr/lib/code/extensions/typescript-language-features/dist/extension.js:1:463350)
	at Socket.<anonymous> (/usr/lib/code/extensions/typescript-language-features/dist/extension.js:1:462997)
	at Socket.emit (events.js:315:20)
	at addChunk (internal/streams/readable.js:309:12)
	at readableAddChunk (internal/streams/readable.js:284:9)
	at Socket.Readable.push (internal/streams/readable.js:223:10)
	at Pipe.onStreamRead (internal/stream_base_commons.js:188:23)
[2022-01-13 00:49:50.528] [renderer1] [error] <semantic> TypeScript Server Error (4.4.3)
Debug Failure. Did not expect JsxElement to have an Identifier in its trivia
Error: Debug Failure. Did not expect JsxElement to have an Identifier in its trivia
    at addSyntheticNodes (/usr/lib/code/extensions/node_modules/typescript/lib/tsserver.js:155629:30)
    at processNode (/usr/lib/code/extensions/node_modules/typescript/lib/tsserver.js:155602:13)
    at visitNode (/usr/lib/code/extensions/node_modules/typescript/lib/tsserver.js:29470:24)
    at Object.forEachChild (/usr/lib/code/extensions/node_modules/typescript/lib/tsserver.js:29881:21)
    at NodeObject.forEachChild (/usr/lib/code/extensions/node_modules/typescript/lib/tsserver.js:155585:23)
    at createChildren (/usr/lib/code/extensions/node_modules/typescript/lib/tsserver.js:155617:14)
    at NodeObject.getChildren (/usr/lib/code/extensions/node_modules/typescript/lib/tsserver.js:155562:56)
    at getTokenAtPositionWorker (/usr/lib/code/extensions/node_modules/typescript/lib/tsserver.js:121524:43)
    at Object.getTokenAtPosition (/usr/lib/code/extensions/node_modules/typescript/lib/tsserver.js:121516:16)
    at getInfo (/usr/lib/code/extensions/node_modules/typescript/lib/tsserver.js:150765:28)
    at Object.getAvailableActions (/usr/lib/code/extensions/node_modules/typescript/lib/tsserver.js:150735:28)
    at /usr/lib/code/extensions/node_modules/typescript/lib/tsserver.js:142780:30
    at getIterator (/usr/lib/code/extensions/node_modules/typescript/lib/tsserver.js:573:23)
    at Object.flatMapIterator (/usr/lib/code/extensions/node_modules/typescript/lib/tsserver.js:556:27)
    at Object.getApplicableRefactors (/usr/lib/code/extensions/node_modules/typescript/lib/tsserver.js:142776:36)
    at Proxy.getApplicableRefactors (/usr/lib/code/extensions/node_modules/typescript/lib/tsserver.js:157560:32)
    at IOSession.Session.getApplicableRefactors (/usr/lib/code/extensions/node_modules/typescript/lib/tsserver.js:168512:53)
    at Session.handlers.ts.Map.ts.getEntries._a.<computed> (/usr/lib/code/extensions/node_modules/typescript/lib/tsserver.js:167223:61)
    at /usr/lib/code/extensions/node_modules/typescript/lib/tsserver.js:168880:88
    at IOSession.Session.executeWithRequestId (/usr/lib/code/extensions/node_modules/typescript/lib/tsserver.js:168871:28)
    at IOSession.Session.executeCommand (/usr/lib/code/extensions/node_modules/typescript/lib/tsserver.js:168880:33)
    at IOSession.Session.onMessage (/usr/lib/code/extensions/node_modules/typescript/lib/tsserver.js:168906:35)
    at Interface.<anonymous> (/usr/lib/code/extensions/node_modules/typescript/lib/tsserver.js:171511:31)
    at Interface.emit (events.js:315:20)
    at Interface._onLine (readline.js:337:10)
    at Interface._normalWrite (readline.js:482:12)
    at Socket.ondata (readline.js:194:10)
    at Socket.emit (events.js:315:20)
    at addChunk (internal/streams/readable.js:309:12)
    at readableAddChunk (internal/streams/readable.js:284:9)
    at Socket.Readable.push (internal/streams/readable.js:223:10)
    at Pipe.onStreamRead (internal/stream_base_commons.js:188:23): Error: <semantic> TypeScript Server Error (4.4.3)
Debug Failure. Did not expect JsxElement to have an Identifier in its trivia
Error: Debug Failure. Did not expect JsxElement to have an Identifier in its trivia
    at addSyntheticNodes (/usr/lib/code/extensions/node_modules/typescript/lib/tsserver.js:155629:30)
    at processNode (/usr/lib/code/extensions/node_modules/typescript/lib/tsserver.js:155602:13)
    at visitNode (/usr/lib/code/extensions/node_modules/typescript/lib/tsserver.js:29470:24)
    at Object.forEachChild (/usr/lib/code/extensions/node_modules/typescript/lib/tsserver.js:29881:21)
    at NodeObject.forEachChild (/usr/lib/code/extensions/node_modules/typescript/lib/tsserver.js:155585:23)
    at createChildren (/usr/lib/code/extensions/node_modules/typescript/lib/tsserver.js:155617:14)
    at NodeObject.getChildren (/usr/lib/code/extensions/node_modules/typescript/lib/tsserver.js:155562:56)
    at getTokenAtPositionWorker (/usr/lib/code/extensions/node_modules/typescript/lib/tsserver.js:121524:43)
    at Object.getTokenAtPosition (/usr/lib/code/extensions/node_modules/typescript/lib/tsserver.js:121516:16)
    at getInfo (/usr/lib/code/extensions/node_modules/typescript/lib/tsserver.js:150765:28)
    at Object.getAvailableActions (/usr/lib/code/extensions/node_modules/typescript/lib/tsserver.js:150735:28)
    at /usr/lib/code/extensions/node_modules/typescript/lib/tsserver.js:142780:30
    at getIterator (/usr/lib/code/extensions/node_modules/typescript/lib/tsserver.js:573:23)
    at Object.flatMapIterator (/usr/lib/code/extensions/node_modules/typescript/lib/tsserver.js:556:27)
    at Object.getApplicableRefactors (/usr/lib/code/extensions/node_modules/typescript/lib/tsserver.js:142776:36)
    at Proxy.getApplicableRefactors (/usr/lib/code/extensions/node_modules/typescript/lib/tsserver.js:157560:32)
    at IOSession.Session.getApplicableRefactors (/usr/lib/code/extensions/node_modules/typescript/lib/tsserver.js:168512:53)
    at Session.handlers.ts.Map.ts.getEntries._a.<computed> (/usr/lib/code/extensions/node_modules/typescript/lib/tsserver.js:167223:61)
    at /usr/lib/code/extensions/node_modules/typescript/lib/tsserver.js:168880:88
    at IOSession.Session.executeWithRequestId (/usr/lib/code/extensions/node_modules/typescript/lib/tsserver.js:168871:28)
    at IOSession.Session.executeCommand (/usr/lib/code/extensions/node_modules/typescript/lib/tsserver.js:168880:33)
    at IOSession.Session.onMessage (/usr/lib/code/extensions/node_modules/typescript/lib/tsserver.js:168906:35)
    at Interface.<anonymous> (/usr/lib/code/extensions/node_modules/typescript/lib/tsserver.js:171511:31)
    at Interface.emit (events.js:315:20)
    at Interface._onLine (readline.js:337:10)
    at Interface._normalWrite (readline.js:482:12)
    at Socket.ondata (readline.js:194:10)
    at Socket.emit (events.js:315:20)
    at addChunk (internal/streams/readable.js:309:12)
    at readableAddChunk (internal/streams/readable.js:284:9)
    at Socket.Readable.push (internal/streams/readable.js:223:10)
    at Pipe.onStreamRead (internal/stream_base_commons.js:188:23)
	at Function.create (/usr/lib/code/extensions/typescript-language-features/dist/extension.js:1:460421)
	at dispatchResponse (/usr/lib/code/extensions/typescript-language-features/dist/extension.js:1:454257)
	at dispatchMessage (/usr/lib/code/extensions/typescript-language-features/dist/extension.js:1:453114)
	at /usr/lib/code/extensions/typescript-language-features/dist/extension.js:1:452599
	at l.fire (/usr/lib/code/out/vs/workbench/services/extensions/node/extensionHostProcess.js:66:1712)
	at m.onLengthData (/usr/lib/code/extensions/typescript-language-features/dist/extension.js:1:463350)
	at Socket.<anonymous> (/usr/lib/code/extensions/typescript-language-features/dist/extension.js:1:462997)
	at Socket.emit (events.js:315:20)
	at addChunk (internal/streams/readable.js:309:12)
	at readableAddChunk (internal/streams/readable.js:284:9)
	at Socket.Readable.push (internal/streams/readable.js:223:10)
	at Pipe.onStreamRead (internal/stream_base_commons.js:188:23)
[2022-01-13 00:49:50.747] [renderer1] [error] <semantic> TypeScript Server Error (4.4.3)
Debug Failure. Did not expect JsxElement to have an Identifier in its trivia
Error: Debug Failure. Did not expect JsxElement to have an Identifier in its trivia
    at addSyntheticNodes (/usr/lib/code/extensions/node_modules/typescript/lib/tsserver.js:155629:30)
    at processNode (/usr/lib/code/extensions/node_modules/typescript/lib/tsserver.js:155602:13)
    at visitNode (/usr/lib/code/extensions/node_modules/typescript/lib/tsserver.js:29470:24)
    at Object.forEachChild (/usr/lib/code/extensions/node_modules/typescript/lib/tsserver.js:29881:21)
    at NodeObject.forEachChild (/usr/lib/code/extensions/node_modules/typescript/lib/tsserver.js:155585:23)
    at createChildren (/usr/lib/code/extensions/node_modules/typescript/lib/tsserver.js:155617:14)
    at NodeObject.getChildren (/usr/lib/code/extensions/node_modules/typescript/lib/tsserver.js:155562:56)
    at find (/usr/lib/code/extensions/node_modules/typescript/lib/tsserver.js:121609:30)
    at find (/usr/lib/code/extensions/node_modules/typescript/lib/tsserver.js:121643:32)
    at find (/usr/lib/code/extensions/node_modules/typescript/lib/tsserver.js:121643:32)
    at find (/usr/lib/code/extensions/node_modules/typescript/lib/tsserver.js:121643:32)
    at find (/usr/lib/code/extensions/node_modules/typescript/lib/tsserver.js:121643:32)
    at find (/usr/lib/code/extensions/node_modules/typescript/lib/tsserver.js:121643:32)
    at find (/usr/lib/code/extensions/node_modules/typescript/lib/tsserver.js:121643:32)
    at find (/usr/lib/code/extensions/node_modules/typescript/lib/tsserver.js:121643:32)
    at find (/usr/lib/code/extensions/node_modules/typescript/lib/tsserver.js:121643:32)
    at find (/usr/lib/code/extensions/node_modules/typescript/lib/tsserver.js:121643:32)
    at Object.findPrecedingToken (/usr/lib/code/extensions/node_modules/typescript/lib/tsserver.js:121602:22)
    at getRelevantTokens (/usr/lib/code/extensions/node_modules/typescript/lib/tsserver.js:128073:36)
    at Object.getCompletionsAtPosition (/usr/lib/code/extensions/node_modules/typescript/lib/tsserver.js:125913:33)
    at Proxy.getCompletionsAtPosition (/usr/lib/code/extensions/node_modules/typescript/lib/tsserver.js:156793:35)
    at IOSession.Session.getCompletions (/usr/lib/code/extensions/node_modules/typescript/lib/tsserver.js:168231:64)
    at Session.handlers.ts.Map.ts.getEntries._a.<computed> (/usr/lib/code/extensions/node_modules/typescript/lib/tsserver.js:167078:61)
    at /usr/lib/code/extensions/node_modules/typescript/lib/tsserver.js:168880:88
    at IOSession.Session.executeWithRequestId (/usr/lib/code/extensions/node_modules/typescript/lib/tsserver.js:168871:28)
    at IOSession.Session.executeCommand (/usr/lib/code/extensions/node_modules/typescript/lib/tsserver.js:168880:33)
    at IOSession.Session.onMessage (/usr/lib/code/extensions/node_modules/typescript/lib/tsserver.js:168906:35)
    at Interface.<anonymous> (/usr/lib/code/extensions/node_modules/typescript/lib/tsserver.js:171511:31)
    at Interface.emit (events.js:315:20)
    at Interface._onLine (readline.js:337:10)
    at Interface._normalWrite (readline.js:482:12)
    at Socket.ondata (readline.js:194:10)
    at Socket.emit (events.js:315:20)
    at addChunk (internal/streams/readable.js:309:12)
    at readableAddChunk (internal/streams/readable.js:284:9)
    at Socket.Readable.push (internal/streams/readable.js:223:10)
    at Pipe.onStreamRead (internal/stream_base_commons.js:188:23): Error: <semantic> TypeScript Server Error (4.4.3)
Debug Failure. Did not expect JsxElement to have an Identifier in its trivia
Error: Debug Failure. Did not expect JsxElement to have an Identifier in its trivia
    at addSyntheticNodes (/usr/lib/code/extensions/node_modules/typescript/lib/tsserver.js:155629:30)
    at processNode (/usr/lib/code/extensions/node_modules/typescript/lib/tsserver.js:155602:13)
    at visitNode (/usr/lib/code/extensions/node_modules/typescript/lib/tsserver.js:29470:24)
    at Object.forEachChild (/usr/lib/code/extensions/node_modules/typescript/lib/tsserver.js:29881:21)
    at NodeObject.forEachChild (/usr/lib/code/extensions/node_modules/typescript/lib/tsserver.js:155585:23)
    at createChildren (/usr/lib/code/extensions/node_modules/typescript/lib/tsserver.js:155617:14)
    at NodeObject.getChildren (/usr/lib/code/extensions/node_modules/typescript/lib/tsserver.js:155562:56)
    at find (/usr/lib/code/extensions/node_modules/typescript/lib/tsserver.js:121609:30)
    at find (/usr/lib/code/extensions/node_modules/typescript/lib/tsserver.js:121643:32)
    at find (/usr/lib/code/extensions/node_modules/typescript/lib/tsserver.js:121643:32)
    at find (/usr/lib/code/extensions/node_modules/typescript/lib/tsserver.js:121643:32)
    at find (/usr/lib/code/extensions/node_modules/typescript/lib/tsserver.js:121643:32)
    at find (/usr/lib/code/extensions/node_modules/typescript/lib/tsserver.js:121643:32)
    at find (/usr/lib/code/extensions/node_modules/typescript/lib/tsserver.js:121643:32)
    at find (/usr/lib/code/extensions/node_modules/typescript/lib/tsserver.js:121643:32)
    at find (/usr/lib/code/extensions/node_modules/typescript/lib/tsserver.js:121643:32)
    at find (/usr/lib/code/extensions/node_modules/typescript/lib/tsserver.js:121643:32)
    at Object.findPrecedingToken (/usr/lib/code/extensions/node_modules/typescript/lib/tsserver.js:121602:22)
    at getRelevantTokens (/usr/lib/code/extensions/node_modules/typescript/lib/tsserver.js:128073:36)
    at Object.getCompletionsAtPosition (/usr/lib/code/extensions/node_modules/typescript/lib/tsserver.js:125913:33)
    at Proxy.getCompletionsAtPosition (/usr/lib/code/extensions/node_modules/typescript/lib/tsserver.js:156793:35)
    at IOSession.Session.getCompletions (/usr/lib/code/extensions/node_modules/typescript/lib/tsserver.js:168231:64)
    at Session.handlers.ts.Map.ts.getEntries._a.<computed> (/usr/lib/code/extensions/node_modules/typescript/lib/tsserver.js:167078:61)
    at /usr/lib/code/extensions/node_modules/typescript/lib/tsserver.js:168880:88
    at IOSession.Session.executeWithRequestId (/usr/lib/code/extensions/node_modules/typescript/lib/tsserver.js:168871:28)
    at IOSession.Session.executeCommand (/usr/lib/code/extensions/node_modules/typescript/lib/tsserver.js:168880:33)
    at IOSession.Session.onMessage (/usr/lib/code/extensions/node_modules/typescript/lib/tsserver.js:168906:35)
    at Interface.<anonymous> (/usr/lib/code/extensions/node_modules/typescript/lib/tsserver.js:171511:31)
    at Interface.emit (events.js:315:20)
    at Interface._onLine (readline.js:337:10)
    at Interface._normalWrite (readline.js:482:12)
    at Socket.ondata (readline.js:194:10)
    at Socket.emit (events.js:315:20)
    at addChunk (internal/streams/readable.js:309:12)
    at readableAddChunk (internal/streams/readable.js:284:9)
    at Socket.Readable.push (internal/streams/readable.js:223:10)
    at Pipe.onStreamRead (internal/stream_base_commons.js:188:23)
	at Function.create (/usr/lib/code/extensions/typescript-language-features/dist/extension.js:1:460421)
	at dispatchResponse (/usr/lib/code/extensions/typescript-language-features/dist/extension.js:1:454257)
	at dispatchMessage (/usr/lib/code/extensions/typescript-language-features/dist/extension.js:1:453114)
	at /usr/lib/code/extensions/typescript-language-features/dist/extension.js:1:452599
	at l.fire (/usr/lib/code/out/vs/workbench/services/extensions/node/extensionHostProcess.js:66:1712)
	at m.onLengthData (/usr/lib/code/extensions/typescript-language-features/dist/extension.js:1:463350)
	at Socket.<anonymous> (/usr/lib/code/extensions/typescript-language-features/dist/extension.js:1:462997)
	at Socket.emit (events.js:315:20)
	at addChunk (internal/streams/readable.js:309:12)
	at readableAddChunk (internal/streams/readable.js:284:9)
	at Socket.Readable.push (internal/streams/readable.js:223:10)
	at Pipe.onStreamRead (internal/stream_base_commons.js:188:23)
[2022-01-13 00:49:50.965] [renderer1] [error] <semantic> TypeScript Server Error (4.4.3)
Debug Failure. Did not expect JsxElement to have an Identifier in its trivia
Error: Debug Failure. Did not expect JsxElement to have an Identifier in its trivia
    at addSyntheticNodes (/usr/lib/code/extensions/node_modules/typescript/lib/tsserver.js:155629:30)
    at processNode (/usr/lib/code/extensions/node_modules/typescript/lib/tsserver.js:155602:13)
    at visitNode (/usr/lib/code/extensions/node_modules/typescript/lib/tsserver.js:29470:24)
    at Object.forEachChild (/usr/lib/code/extensions/node_modules/typescript/lib/tsserver.js:29881:21)
    at NodeObject.forEachChild (/usr/lib/code/extensions/node_modules/typescript/lib/tsserver.js:155585:23)
    at createChildren (/usr/lib/code/extensions/node_modules/typescript/lib/tsserver.js:155617:14)
    at NodeObject.getChildren (/usr/lib/code/extensions/node_modules/typescript/lib/tsserver.js:155562:56)
    at getTokenAtPositionWorker (/usr/lib/code/extensions/node_modules/typescript/lib/tsserver.js:121524:43)
    at Object.getTokenAtPosition (/usr/lib/code/extensions/node_modules/typescript/lib/tsserver.js:121516:16)
    at getInfo (/usr/lib/code/extensions/node_modules/typescript/lib/tsserver.js:150765:28)
    at Object.getAvailableActions (/usr/lib/code/extensions/node_modules/typescript/lib/tsserver.js:150735:28)
    at /usr/lib/code/extensions/node_modules/typescript/lib/tsserver.js:142780:30
    at getIterator (/usr/lib/code/extensions/node_modules/typescript/lib/tsserver.js:573:23)
    at Object.flatMapIterator (/usr/lib/code/extensions/node_modules/typescript/lib/tsserver.js:556:27)
    at Object.getApplicableRefactors (/usr/lib/code/extensions/node_modules/typescript/lib/tsserver.js:142776:36)
    at Proxy.getApplicableRefactors (/usr/lib/code/extensions/node_modules/typescript/lib/tsserver.js:157560:32)
    at IOSession.Session.getApplicableRefactors (/usr/lib/code/extensions/node_modules/typescript/lib/tsserver.js:168512:53)
    at Session.handlers.ts.Map.ts.getEntries._a.<computed> (/usr/lib/code/extensions/node_modules/typescript/lib/tsserver.js:167223:61)
    at /usr/lib/code/extensions/node_modules/typescript/lib/tsserver.js:168880:88
    at IOSession.Session.executeWithRequestId (/usr/lib/code/extensions/node_modules/typescript/lib/tsserver.js:168871:28)
    at IOSession.Session.executeCommand (/usr/lib/code/extensions/node_modules/typescript/lib/tsserver.js:168880:33)
    at IOSession.Session.onMessage (/usr/lib/code/extensions/node_modules/typescript/lib/tsserver.js:168906:35)
    at Interface.<anonymous> (/usr/lib/code/extensions/node_modules/typescript/lib/tsserver.js:171511:31)
    at Interface.emit (events.js:315:20)
    at Interface._onLine (readline.js:337:10)
    at Interface._normalWrite (readline.js:482:12)
    at Socket.ondata (readline.js:194:10)
    at Socket.emit (events.js:315:20)
    at addChunk (internal/streams/readable.js:309:12)
    at readableAddChunk (internal/streams/readable.js:284:9)
    at Socket.Readable.push (internal/streams/readable.js:223:10)
    at Pipe.onStreamRead (internal/stream_base_commons.js:188:23): Error: <semantic> TypeScript Server Error (4.4.3)
Debug Failure. Did not expect JsxElement to have an Identifier in its trivia
Error: Debug Failure. Did not expect JsxElement to have an Identifier in its trivia
    at addSyntheticNodes (/usr/lib/code/extensions/node_modules/typescript/lib/tsserver.js:155629:30)
    at processNode (/usr/lib/code/extensions/node_modules/typescript/lib/tsserver.js:155602:13)
    at visitNode (/usr/lib/code/extensions/node_modules/typescript/lib/tsserver.js:29470:24)
    at Object.forEachChild (/usr/lib/code/extensions/node_modules/typescript/lib/tsserver.js:29881:21)
    at NodeObject.forEachChild (/usr/lib/code/extensions/node_modules/typescript/lib/tsserver.js:155585:23)
    at createChildren (/usr/lib/code/extensions/node_modules/typescript/lib/tsserver.js:155617:14)
    at NodeObject.getChildren (/usr/lib/code/extensions/node_modules/typescript/lib/tsserver.js:155562:56)
    at getTokenAtPositionWorker (/usr/lib/code/extensions/node_modules/typescript/lib/tsserver.js:121524:43)
    at Object.getTokenAtPosition (/usr/lib/code/extensions/node_modules/typescript/lib/tsserver.js:121516:16)
    at getInfo (/usr/lib/code/extensions/node_modules/typescript/lib/tsserver.js:150765:28)
    at Object.getAvailableActions (/usr/lib/code/extensions/node_modules/typescript/lib/tsserver.js:150735:28)
    at /usr/lib/code/extensions/node_modules/typescript/lib/tsserver.js:142780:30
    at getIterator (/usr/lib/code/extensions/node_modules/typescript/lib/tsserver.js:573:23)
    at Object.flatMapIterator (/usr/lib/code/extensions/node_modules/typescript/lib/tsserver.js:556:27)
    at Object.getApplicableRefactors (/usr/lib/code/extensions/node_modules/typescript/lib/tsserver.js:142776:36)
    at Proxy.getApplicableRefactors (/usr/lib/code/extensions/node_modules/typescript/lib/tsserver.js:157560:32)
    at IOSession.Session.getApplicableRefactors (/usr/lib/code/extensions/node_modules/typescript/lib/tsserver.js:168512:53)
    at Session.handlers.ts.Map.ts.getEntries._a.<computed> (/usr/lib/code/extensions/node_modules/typescript/lib/tsserver.js:167223:61)
    at /usr/lib/code/extensions/node_modules/typescript/lib/tsserver.js:168880:88
    at IOSession.Session.executeWithRequestId (/usr/lib/code/extensions/node_modules/typescript/lib/tsserver.js:168871:28)
    at IOSession.Session.executeCommand (/usr/lib/code/extensions/node_modules/typescript/lib/tsserver.js:168880:33)
    at IOSession.Session.onMessage (/usr/lib/code/extensions/node_modules/typescript/lib/tsserver.js:168906:35)
    at Interface.<anonymous> (/usr/lib/code/extensions/node_modules/typescript/lib/tsserver.js:171511:31)
    at Interface.emit (events.js:315:20)
    at Interface._onLine (readline.js:337:10)
    at Interface._normalWrite (readline.js:482:12)
    at Socket.ondata (readline.js:194:10)
    at Socket.emit (events.js:315:20)
    at addChunk (internal/streams/readable.js:309:12)
    at readableAddChunk (internal/streams/readable.js:284:9)
    at Socket.Readable.push (internal/streams/readable.js:223:10)
    at Pipe.onStreamRead (internal/stream_base_commons.js:188:23)
	at Function.create (/usr/lib/code/extensions/typescript-language-features/dist/extension.js:1:460421)
	at dispatchResponse (/usr/lib/code/extensions/typescript-language-features/dist/extension.js:1:454257)
	at dispatchMessage (/usr/lib/code/extensions/typescript-language-features/dist/extension.js:1:453114)
	at /usr/lib/code/extensions/typescript-language-features/dist/extension.js:1:452599
	at l.fire (/usr/lib/code/out/vs/workbench/services/extensions/node/extensionHostProcess.js:66:1712)
	at m.onLengthData (/usr/lib/code/extensions/typescript-language-features/dist/extension.js:1:463350)
	at Socket.<anonymous> (/usr/lib/code/extensions/typescript-language-features/dist/extension.js:1:462997)
	at Socket.emit (events.js:315:20)
	at addChunk (internal/streams/readable.js:309:12)
	at readableAddChunk (internal/streams/readable.js:284:9)
	at Socket.Readable.push (internal/streams/readable.js:223:10)
	at Pipe.onStreamRead (internal/stream_base_commons.js:188:23)
[2022-01-13 00:49:52.094] [renderer1] [error] <semantic> TypeScript Server Error (4.4.3)
Debug Failure. Did not expect JsxElement to have an Identifier in its trivia
Error: Debug Failure. Did not expect JsxElement to have an Identifier in its trivia
    at addSyntheticNodes (/usr/lib/code/extensions/node_modules/typescript/lib/tsserver.js:155629:30)
    at processNode (/usr/lib/code/extensions/node_modules/typescript/lib/tsserver.js:155602:13)
    at visitNode (/usr/lib/code/extensions/node_modules/typescript/lib/tsserver.js:29470:24)
    at Object.forEachChild (/usr/lib/code/extensions/node_modules/typescript/lib/tsserver.js:29881:21)
    at NodeObject.forEachChild (/usr/lib/code/extensions/node_modules/typescript/lib/tsserver.js:155585:23)
    at createChildren (/usr/lib/code/extensions/node_modules/typescript/lib/tsserver.js:155617:14)
    at NodeObject.getChildren (/usr/lib/code/extensions/node_modules/typescript/lib/tsserver.js:155562:56)
    at getTokenAtPositionWorker (/usr/lib/code/extensions/node_modules/typescript/lib/tsserver.js:121524:43)
    at Object.getTokenAtPosition (/usr/lib/code/extensions/node_modules/typescript/lib/tsserver.js:121516:16)
    at getInfo (/usr/lib/code/extensions/node_modules/typescript/lib/tsserver.js:150765:28)
    at Object.getAvailableActions (/usr/lib/code/extensions/node_modules/typescript/lib/tsserver.js:150735:28)
    at /usr/lib/code/extensions/node_modules/typescript/lib/tsserver.js:142780:30
    at getIterator (/usr/lib/code/extensions/node_modules/typescript/lib/tsserver.js:573:23)
    at Object.flatMapIterator (/usr/lib/code/extensions/node_modules/typescript/lib/tsserver.js:556:27)
    at Object.getApplicableRefactors (/usr/lib/code/extensions/node_modules/typescript/lib/tsserver.js:142776:36)
    at Proxy.getApplicableRefactors (/usr/lib/code/extensions/node_modules/typescript/lib/tsserver.js:157560:32)
    at IOSession.Session.getApplicableRefactors (/usr/lib/code/extensions/node_modules/typescript/lib/tsserver.js:168512:53)
    at Session.handlers.ts.Map.ts.getEntries._a.<computed> (/usr/lib/code/extensions/node_modules/typescript/lib/tsserver.js:167223:61)
    at /usr/lib/code/extensions/node_modules/typescript/lib/tsserver.js:168880:88
    at IOSession.Session.executeWithRequestId (/usr/lib/code/extensions/node_modules/typescript/lib/tsserver.js:168871:28)
    at IOSession.Session.executeCommand (/usr/lib/code/extensions/node_modules/typescript/lib/tsserver.js:168880:33)
    at IOSession.Session.onMessage (/usr/lib/code/extensions/node_modules/typescript/lib/tsserver.js:168906:35)
    at Interface.<anonymous> (/usr/lib/code/extensions/node_modules/typescript/lib/tsserver.js:171511:31)
    at Interface.emit (events.js:315:20)
    at Interface._onLine (readline.js:337:10)
    at Interface._normalWrite (readline.js:482:12)
    at Socket.ondata (readline.js:194:10)
    at Socket.emit (events.js:315:20)
    at addChunk (internal/streams/readable.js:309:12)
    at readableAddChunk (internal/streams/readable.js:284:9)
    at Socket.Readable.push (internal/streams/readable.js:223:10)
    at Pipe.onStreamRead (internal/stream_base_commons.js:188:23): Error: <semantic> TypeScript Server Error (4.4.3)
Debug Failure. Did not expect JsxElement to have an Identifier in its trivia
Error: Debug Failure. Did not expect JsxElement to have an Identifier in its trivia
    at addSyntheticNodes (/usr/lib/code/extensions/node_modules/typescript/lib/tsserver.js:155629:30)
    at processNode (/usr/lib/code/extensions/node_modules/typescript/lib/tsserver.js:155602:13)
    at visitNode (/usr/lib/code/extensions/node_modules/typescript/lib/tsserver.js:29470:24)
    at Object.forEachChild (/usr/lib/code/extensions/node_modules/typescript/lib/tsserver.js:29881:21)
    at NodeObject.forEachChild (/usr/lib/code/extensions/node_modules/typescript/lib/tsserver.js:155585:23)
    at createChildren (/usr/lib/code/extensions/node_modules/typescript/lib/tsserver.js:155617:14)
    at NodeObject.getChildren (/usr/lib/code/extensions/node_modules/typescript/lib/tsserver.js:155562:56)
    at getTokenAtPositionWorker (/usr/lib/code/extensions/node_modules/typescript/lib/tsserver.js:121524:43)
    at Object.getTokenAtPosition (/usr/lib/code/extensions/node_modules/typescript/lib/tsserver.js:121516:16)
    at getInfo (/usr/lib/code/extensions/node_modules/typescript/lib/tsserver.js:150765:28)
    at Object.getAvailableActions (/usr/lib/code/extensions/node_modules/typescript/lib/tsserver.js:150735:28)
    at /usr/lib/code/extensions/node_modules/typescript/lib/tsserver.js:142780:30
    at getIterator (/usr/lib/code/extensions/node_modules/typescript/lib/tsserver.js:573:23)
    at Object.flatMapIterator (/usr/lib/code/extensions/node_modules/typescript/lib/tsserver.js:556:27)
    at Object.getApplicableRefactors (/usr/lib/code/extensions/node_modules/typescript/lib/tsserver.js:142776:36)
    at Proxy.getApplicableRefactors (/usr/lib/code/extensions/node_modules/typescript/lib/tsserver.js:157560:32)
    at IOSession.Session.getApplicableRefactors (/usr/lib/code/extensions/node_modules/typescript/lib/tsserver.js:168512:53)
    at Session.handlers.ts.Map.ts.getEntries._a.<computed> (/usr/lib/code/extensions/node_modules/typescript/lib/tsserver.js:167223:61)
    at /usr/lib/code/extensions/node_modules/typescript/lib/tsserver.js:168880:88
    at IOSession.Session.executeWithRequestId (/usr/lib/code/extensions/node_modules/typescript/lib/tsserver.js:168871:28)
    at IOSession.Session.executeCommand (/usr/lib/code/extensions/node_modules/typescript/lib/tsserver.js:168880:33)
    at IOSession.Session.onMessage (/usr/lib/code/extensions/node_modules/typescript/lib/tsserver.js:168906:35)
    at Interface.<anonymous> (/usr/lib/code/extensions/node_modules/typescript/lib/tsserver.js:171511:31)
    at Interface.emit (events.js:315:20)
    at Interface._onLine (readline.js:337:10)
    at Interface._normalWrite (readline.js:482:12)
    at Socket.ondata (readline.js:194:10)
    at Socket.emit (events.js:315:20)
    at addChunk (internal/streams/readable.js:309:12)
    at readableAddChunk (internal/streams/readable.js:284:9)
    at Socket.Readable.push (internal/streams/readable.js:223:10)
    at Pipe.onStreamRead (internal/stream_base_commons.js:188:23)
	at Function.create (/usr/lib/code/extensions/typescript-language-features/dist/extension.js:1:460421)
	at dispatchResponse (/usr/lib/code/extensions/typescript-language-features/dist/extension.js:1:454257)
	at dispatchMessage (/usr/lib/code/extensions/typescript-language-features/dist/extension.js:1:453114)
	at /usr/lib/code/extensions/typescript-language-features/dist/extension.js:1:452599
	at l.fire (/usr/lib/code/out/vs/workbench/services/extensions/node/extensionHostProcess.js:66:1712)
	at m.onLengthData (/usr/lib/code/extensions/typescript-language-features/dist/extension.js:1:463350)
	at Socket.<anonymous> (/usr/lib/code/extensions/typescript-language-features/dist/extension.js:1:462997)
	at Socket.emit (events.js:315:20)
	at addChunk (internal/streams/readable.js:309:12)
	at readableAddChunk (internal/streams/readable.js:284:9)
	at Socket.Readable.push (internal/streams/readable.js:223:10)
	at Pipe.onStreamRead (internal/stream_base_commons.js:188:23)
[2022-01-13 00:49:53.437] [renderer1] [error] <semantic> TypeScript Server Error (4.4.3)
Debug Failure. Did not expect JsxElement to have an Identifier in its trivia
Error: Debug Failure. Did not expect JsxElement to have an Identifier in its trivia
    at addSyntheticNodes (/usr/lib/code/extensions/node_modules/typescript/lib/tsserver.js:155629:30)
    at processNode (/usr/lib/code/extensions/node_modules/typescript/lib/tsserver.js:155602:13)
    at visitNode (/usr/lib/code/extensions/node_modules/typescript/lib/tsserver.js:29470:24)
    at Object.forEachChild (/usr/lib/code/extensions/node_modules/typescript/lib/tsserver.js:29881:21)
    at NodeObject.forEachChild (/usr/lib/code/extensions/node_modules/typescript/lib/tsserver.js:155585:23)
    at createChildren (/usr/lib/code/extensions/node_modules/typescript/lib/tsserver.js:155617:14)
    at NodeObject.getChildren (/usr/lib/code/extensions/node_modules/typescript/lib/tsserver.js:155562:56)
    at getTokenAtPositionWorker (/usr/lib/code/extensions/node_modules/typescript/lib/tsserver.js:121524:43)
    at Object.getTokenAtPosition (/usr/lib/code/extensions/node_modules/typescript/lib/tsserver.js:121516:16)
    at getInfo (/usr/lib/code/extensions/node_modules/typescript/lib/tsserver.js:150765:28)
    at Object.getAvailableActions (/usr/lib/code/extensions/node_modules/typescript/lib/tsserver.js:150735:28)
    at /usr/lib/code/extensions/node_modules/typescript/lib/tsserver.js:142780:30
    at getIterator (/usr/lib/code/extensions/node_modules/typescript/lib/tsserver.js:573:23)
    at Object.flatMapIterator (/usr/lib/code/extensions/node_modules/typescript/lib/tsserver.js:556:27)
    at Object.getApplicableRefactors (/usr/lib/code/extensions/node_modules/typescript/lib/tsserver.js:142776:36)
    at Proxy.getApplicableRefactors (/usr/lib/code/extensions/node_modules/typescript/lib/tsserver.js:157560:32)
    at IOSession.Session.getApplicableRefactors (/usr/lib/code/extensions/node_modules/typescript/lib/tsserver.js:168512:53)
    at Session.handlers.ts.Map.ts.getEntries._a.<computed> (/usr/lib/code/extensions/node_modules/typescript/lib/tsserver.js:167223:61)
    at /usr/lib/code/extensions/node_modules/typescript/lib/tsserver.js:168880:88
    at IOSession.Session.executeWithRequestId (/usr/lib/code/extensions/node_modules/typescript/lib/tsserver.js:168871:28)
    at IOSession.Session.executeCommand (/usr/lib/code/extensions/node_modules/typescript/lib/tsserver.js:168880:33)
    at IOSession.Session.onMessage (/usr/lib/code/extensions/node_modules/typescript/lib/tsserver.js:168906:35)
    at Interface.<anonymous> (/usr/lib/code/extensions/node_modules/typescript/lib/tsserver.js:171511:31)
    at Interface.emit (events.js:315:20)
    at Interface._onLine (readline.js:337:10)
    at Interface._normalWrite (readline.js:482:12)
    at Socket.ondata (readline.js:194:10)
    at Socket.emit (events.js:315:20)
    at addChunk (internal/streams/readable.js:309:12)
    at readableAddChunk (internal/streams/readable.js:284:9)
    at Socket.Readable.push (internal/streams/readable.js:223:10)
    at Pipe.onStreamRead (internal/stream_base_commons.js:188:23): Error: <semantic> TypeScript Server Error (4.4.3)
Debug Failure. Did not expect JsxElement to have an Identifier in its trivia
Error: Debug Failure. Did not expect JsxElement to have an Identifier in its trivia
    at addSyntheticNodes (/usr/lib/code/extensions/node_modules/typescript/lib/tsserver.js:155629:30)
    at processNode (/usr/lib/code/extensions/node_modules/typescript/lib/tsserver.js:155602:13)
    at visitNode (/usr/lib/code/extensions/node_modules/typescript/lib/tsserver.js:29470:24)
    at Object.forEachChild (/usr/lib/code/extensions/node_modules/typescript/lib/tsserver.js:29881:21)
    at NodeObject.forEachChild (/usr/lib/code/extensions/node_modules/typescript/lib/tsserver.js:155585:23)
    at createChildren (/usr/lib/code/extensions/node_modules/typescript/lib/tsserver.js:155617:14)
    at NodeObject.getChildren (/usr/lib/code/extensions/node_modules/typescript/lib/tsserver.js:155562:56)
    at getTokenAtPositionWorker (/usr/lib/code/extensions/node_modules/typescript/lib/tsserver.js:121524:43)
    at Object.getTokenAtPosition (/usr/lib/code/extensions/node_modules/typescript/lib/tsserver.js:121516:16)
    at getInfo (/usr/lib/code/extensions/node_modules/typescript/lib/tsserver.js:150765:28)
    at Object.getAvailableActions (/usr/lib/code/extensions/node_modules/typescript/lib/tsserver.js:150735:28)
    at /usr/lib/code/extensions/node_modules/typescript/lib/tsserver.js:142780:30
    at getIterator (/usr/lib/code/extensions/node_modules/typescript/lib/tsserver.js:573:23)
    at Object.flatMapIterator (/usr/lib/code/extensions/node_modules/typescript/lib/tsserver.js:556:27)
    at Object.getApplicableRefactors (/usr/lib/code/extensions/node_modules/typescript/lib/tsserver.js:142776:36)
    at Proxy.getApplicableRefactors (/usr/lib/code/extensions/node_modules/typescript/lib/tsserver.js:157560:32)
    at IOSession.Session.getApplicableRefactors (/usr/lib/code/extensions/node_modules/typescript/lib/tsserver.js:168512:53)
    at Session.handlers.ts.Map.ts.getEntries._a.<computed> (/usr/lib/code/extensions/node_modules/typescript/lib/tsserver.js:167223:61)
    at /usr/lib/code/extensions/node_modules/typescript/lib/tsserver.js:168880:88
    at IOSession.Session.executeWithRequestId (/usr/lib/code/extensions/node_modules/typescript/lib/tsserver.js:168871:28)
    at IOSession.Session.executeCommand (/usr/lib/code/extensions/node_modules/typescript/lib/tsserver.js:168880:33)
    at IOSession.Session.onMessage (/usr/lib/code/extensions/node_modules/typescript/lib/tsserver.js:168906:35)
    at Interface.<anonymous> (/usr/lib/code/extensions/node_modules/typescript/lib/tsserver.js:171511:31)
    at Interface.emit (events.js:315:20)
    at Interface._onLine (readline.js:337:10)
    at Interface._normalWrite (readline.js:482:12)
    at Socket.ondata (readline.js:194:10)
    at Socket.emit (events.js:315:20)
    at addChunk (internal/streams/readable.js:309:12)
    at readableAddChunk (internal/streams/readable.js:284:9)
    at Socket.Readable.push (internal/streams/readable.js:223:10)
    at Pipe.onStreamRead (internal/stream_base_commons.js:188:23)
	at Function.create (/usr/lib/code/extensions/typescript-language-features/dist/extension.js:1:460421)
	at dispatchResponse (/usr/lib/code/extensions/typescript-language-features/dist/extension.js:1:454257)
	at dispatchMessage (/usr/lib/code/extensions/typescript-language-features/dist/extension.js:1:453114)
	at /usr/lib/code/extensions/typescript-language-features/dist/extension.js:1:452599
	at l.fire (/usr/lib/code/out/vs/workbench/services/extensions/node/extensionHostProcess.js:66:1712)
	at m.onLengthData (/usr/lib/code/extensions/typescript-language-features/dist/extension.js:1:463350)
	at Socket.<anonymous> (/usr/lib/code/extensions/typescript-language-features/dist/extension.js:1:462997)
	at Socket.emit (events.js:315:20)
	at addChunk (internal/streams/readable.js:309:12)
	at readableAddChunk (internal/streams/readable.js:284:9)
	at Socket.Readable.push (internal/streams/readable.js:223:10)
	at Pipe.onStreamRead (internal/stream_base_commons.js:188:23)
[2022-01-13 00:58:01.394] [renderer1] [error] Failed to execute git
[2022-01-13 00:58:04.124] [renderer1] [error] Failed to execute git
